<?xml version="1.0" encoding="UTF-8"?>
<testsuite name="com.luv2code.forumoverflow.ForumOverflowApplicationTests" tests="1" skipped="0" failures="0" errors="0" timestamp="2020-02-28T13:24:35" hostname="DESKTOP-F169E3V" time="0.006">
  <properties/>
  <testcase name="contextLoads()" classname="com.luv2code.forumoverflow.ForumOverflowApplicationTests" time="0.006"/>
  <system-out><![CDATA[2020-02-28 14:24:35.231  INFO 17092 --- [    Test worker] .b.t.c.SpringBootTestContextBootstrapper : Neither @ContextConfiguration nor @ContextHierarchy found for test class [com.luv2code.forumoverflow.ForumOverflowApplicationTests], using SpringBootContextLoader
2020-02-28 14:24:35.231  INFO 17092 --- [    Test worker] o.s.t.c.support.AbstractContextLoader    : Could not detect default resource locations for test class [com.luv2code.forumoverflow.ForumOverflowApplicationTests]: no resource found for suffixes {-context.xml, Context.groovy}.
2020-02-28 14:24:35.231  INFO 17092 --- [    Test worker] t.c.s.AnnotationConfigContextLoaderUtils : Could not detect default configuration classes for test class [com.luv2code.forumoverflow.ForumOverflowApplicationTests]: ForumOverflowApplicationTests does not declare any static, non-private, non-final, nested classes annotated with @Configuration.
2020-02-28 14:24:35.342  INFO 17092 --- [    Test worker] .b.t.c.SpringBootTestContextBootstrapper : Found @SpringBootConfiguration com.luv2code.forumoverflow.ForumOverflowApplication for test class com.luv2code.forumoverflow.ForumOverflowApplicationTests
2020-02-28 14:24:35.342  INFO 17092 --- [    Test worker] .b.t.c.SpringBootTestContextBootstrapper : Loaded default TestExecutionListener class names from location [META-INF/spring.factories]: [org.springframework.boot.test.autoconfigure.restdocs.RestDocsTestExecutionListener, org.springframework.boot.test.autoconfigure.web.client.MockRestServiceServerResetTestExecutionListener, org.springframework.boot.test.autoconfigure.web.servlet.MockMvcPrintOnlyOnFailureTestExecutionListener, org.springframework.boot.test.autoconfigure.web.servlet.WebDriverTestExecutionListener, org.springframework.boot.test.mock.mockito.MockitoTestExecutionListener, org.springframework.boot.test.mock.mockito.ResetMocksTestExecutionListener, org.springframework.test.context.web.ServletTestExecutionListener, org.springframework.test.context.support.DirtiesContextBeforeModesTestExecutionListener, org.springframework.test.context.support.DependencyInjectionTestExecutionListener, org.springframework.test.context.support.DirtiesContextTestExecutionListener, org.springframework.test.context.transaction.TransactionalTestExecutionListener, org.springframework.test.context.jdbc.SqlScriptsTestExecutionListener]
2020-02-28 14:24:35.342  INFO 17092 --- [    Test worker] .b.t.c.SpringBootTestContextBootstrapper : Using TestExecutionListeners: [org.springframework.test.context.web.ServletTestExecutionListener@6e8426f4, org.springframework.test.context.support.DirtiesContextBeforeModesTestExecutionListener@52cfe7e, org.springframework.boot.test.mock.mockito.MockitoTestExecutionListener@47bdb7ad, org.springframework.boot.test.autoconfigure.SpringBootDependencyInjectionTestExecutionListener@332247b, org.springframework.test.context.support.DirtiesContextTestExecutionListener@4c4e116f, org.springframework.test.context.transaction.TransactionalTestExecutionListener@2ef3d996, org.springframework.test.context.jdbc.SqlScriptsTestExecutionListener@459133a, org.springframework.boot.test.autoconfigure.restdocs.RestDocsTestExecutionListener@16dafe36, org.springframework.boot.test.autoconfigure.web.client.MockRestServiceServerResetTestExecutionListener@2aa340eb, org.springframework.boot.test.autoconfigure.web.servlet.MockMvcPrintOnlyOnFailureTestExecutionListener@1aac1340, org.springframework.boot.test.autoconfigure.web.servlet.WebDriverTestExecutionListener@56a013ec, org.springframework.boot.test.mock.mockito.ResetMocksTestExecutionListener@17ca6c40]
]]></system-out>
  <system-err><![CDATA[]]></system-err>
</testsuite>
