<?xml version="1.0" encoding="UTF-8"?>
<testsuite name="com.luv2code.forumoverflow.ForumOverflowApplicationTests" tests="1" skipped="0" failures="0" errors="0" timestamp="2020-03-24T09:52:42" hostname="lzugaj" time="0.003">
  <properties/>
  <testcase name="contextLoads()" classname="com.luv2code.forumoverflow.ForumOverflowApplicationTests" time="0.003"/>
  <system-out><![CDATA[2020-03-24 10:52:36.812  INFO 15092 --- [    Test worker] .b.t.c.SpringBootTestContextBootstrapper : Neither @ContextConfiguration nor @ContextHierarchy found for test class [com.luv2code.forumoverflow.ForumOverflowApplicationTests], using SpringBootContextLoader
2020-03-24 10:52:36.813  INFO 15092 --- [    Test worker] o.s.t.c.support.AbstractContextLoader    : Could not detect default resource locations for test class [com.luv2code.forumoverflow.ForumOverflowApplicationTests]: no resource found for suffixes {-context.xml, Context.groovy}.
2020-03-24 10:52:36.814  INFO 15092 --- [    Test worker] t.c.s.AnnotationConfigContextLoaderUtils : Could not detect default configuration classes for test class [com.luv2code.forumoverflow.ForumOverflowApplicationTests]: ForumOverflowApplicationTests does not declare any static, non-private, non-final, nested classes annotated with @Configuration.
2020-03-24 10:52:36.821  INFO 15092 --- [    Test worker] .b.t.c.SpringBootTestContextBootstrapper : Found @SpringBootConfiguration com.luv2code.forumoverflow.ForumOverflowApplication for test class com.luv2code.forumoverflow.ForumOverflowApplicationTests
2020-03-24 10:52:36.823  INFO 15092 --- [    Test worker] .b.t.c.SpringBootTestContextBootstrapper : Loaded default TestExecutionListener class names from location [META-INF/spring.factories]: [org.springframework.boot.test.autoconfigure.restdocs.RestDocsTestExecutionListener, org.springframework.boot.test.autoconfigure.web.client.MockRestServiceServerResetTestExecutionListener, org.springframework.boot.test.autoconfigure.web.servlet.MockMvcPrintOnlyOnFailureTestExecutionListener, org.springframework.boot.test.autoconfigure.web.servlet.WebDriverTestExecutionListener, org.springframework.boot.test.mock.mockito.MockitoTestExecutionListener, org.springframework.boot.test.mock.mockito.ResetMocksTestExecutionListener, org.springframework.test.context.web.ServletTestExecutionListener, org.springframework.test.context.support.DirtiesContextBeforeModesTestExecutionListener, org.springframework.test.context.support.DependencyInjectionTestExecutionListener, org.springframework.test.context.support.DirtiesContextTestExecutionListener, org.springframework.test.context.transaction.TransactionalTestExecutionListener, org.springframework.test.context.jdbc.SqlScriptsTestExecutionListener]
2020-03-24 10:52:36.824  INFO 15092 --- [    Test worker] .b.t.c.SpringBootTestContextBootstrapper : Using TestExecutionListeners: [org.springframework.test.context.web.ServletTestExecutionListener@3581a25c, org.springframework.test.context.support.DirtiesContextBeforeModesTestExecutionListener@5a9fec4a, org.springframework.boot.test.mock.mockito.MockitoTestExecutionListener@4fa07ad7, org.springframework.boot.test.autoconfigure.SpringBootDependencyInjectionTestExecutionListener@7aa86c83, org.springframework.test.context.support.DirtiesContextTestExecutionListener@4283a2c8, org.springframework.test.context.transaction.TransactionalTestExecutionListener@67dbeb6e, org.springframework.test.context.jdbc.SqlScriptsTestExecutionListener@2be14380, org.springframework.boot.test.autoconfigure.restdocs.RestDocsTestExecutionListener@1294ee0b, org.springframework.boot.test.autoconfigure.web.client.MockRestServiceServerResetTestExecutionListener@4d5e9b73, org.springframework.boot.test.autoconfigure.web.servlet.MockMvcPrintOnlyOnFailureTestExecutionListener@75e6892d, org.springframework.boot.test.autoconfigure.web.servlet.WebDriverTestExecutionListener@54ba3952, org.springframework.boot.test.mock.mockito.ResetMocksTestExecutionListener@61eb7178]

  .   ____          _            __ _ _
 /\\ / ___'_ __ _ _(_)_ __  __ _ \ \ \ \
( ( )\___ | '_ | '_| | '_ \/ _` | \ \ \ \
 \\/  ___)| |_)| | | | | || (_| |  ) ) ) )
  '  |____| .__|_| |_|_| |_\__, | / / / /
 =========|_|==============|___/=/_/_/_/
 :: Spring Boot ::        (v2.1.0.RELEASE)

2020-03-24 10:52:36.862  INFO 15092 --- [    Test worker] c.l.f.ForumOverflowApplicationTests      : Starting ForumOverflowApplicationTests on lzugaj with PID 15092 (started by lzugaj in C:\Users\lzugaj\Workspace\ForumOverflow)
2020-03-24 10:52:36.862  INFO 15092 --- [    Test worker] c.l.f.ForumOverflowApplicationTests      : No active profile set, falling back to default profiles: default
2020-03-24 10:52:37.598  INFO 15092 --- [    Test worker] .s.d.r.c.RepositoryConfigurationDelegate : Bootstrapping Spring Data repositories in DEFAULT mode.
2020-03-24 10:52:37.691  INFO 15092 --- [    Test worker] .s.d.r.c.RepositoryConfigurationDelegate : Finished Spring Data repository scanning in 86ms. Found 5 repository interfaces.
2020-03-24 10:52:38.026  INFO 15092 --- [    Test worker] trationDelegate$BeanPostProcessorChecker : Bean 'org.springframework.transaction.annotation.ProxyTransactionManagementConfiguration' of type [org.springframework.transaction.annotation.ProxyTransactionManagementConfiguration$$EnhancerBySpringCGLIB$$6c7a9e8e] is not eligible for getting processed by all BeanPostProcessors (for example: not eligible for auto-proxying)
2020-03-24 10:52:38.070  INFO 15092 --- [    Test worker] trationDelegate$BeanPostProcessorChecker : Bean 'org.springframework.hateoas.config.HateoasConfiguration' of type [org.springframework.hateoas.config.HateoasConfiguration$$EnhancerBySpringCGLIB$$ebfaebc0] is not eligible for getting processed by all BeanPostProcessors (for example: not eligible for auto-proxying)
2020-03-24 10:52:38.153  INFO 15092 --- [    Test worker] com.zaxxer.hikari.HikariDataSource       : HikariPool-1 - Starting...
2020-03-24 10:52:38.280  INFO 15092 --- [    Test worker] com.zaxxer.hikari.HikariDataSource       : HikariPool-1 - Start completed.
2020-03-24 10:52:38.490  INFO 15092 --- [    Test worker] o.hibernate.jpa.internal.util.LogHelper  : HHH000204: Processing PersistenceUnitInfo [
	name: default
	...]
2020-03-24 10:52:38.620  INFO 15092 --- [    Test worker] org.hibernate.Version                    : HHH000412: Hibernate Core {5.3.7.Final}
2020-03-24 10:52:38.622  INFO 15092 --- [    Test worker] org.hibernate.cfg.Environment            : HHH000206: hibernate.properties not found
2020-03-24 10:52:38.696  INFO 15092 --- [    Test worker] o.hibernate.annotations.common.Version   : HCANN000001: Hibernate Commons Annotations {5.0.4.Final}
2020-03-24 10:52:38.903  INFO 15092 --- [    Test worker] org.hibernate.dialect.Dialect            : HHH000400: Using dialect: org.hibernate.dialect.PostgreSQL9Dialect
2020-03-24 10:52:38.927  INFO 15092 --- [    Test worker] o.h.e.j.e.i.LobCreatorBuilderImpl        : HHH000422: Disabling contextual LOB creation as connection was null
2020-03-24 10:52:38.934  INFO 15092 --- [    Test worker] org.hibernate.type.BasicTypeRegistry     : HHH000270: Type registration [java.util.UUID] overrides previous : org.hibernate.type.UUIDBinaryType@4486ba4d
2020-03-24 10:52:39.798  INFO 15092 --- [    Test worker] j.LocalContainerEntityManagerFactoryBean : Initialized JPA EntityManagerFactory for persistence unit 'default'
2020-03-24 10:52:40.674  WARN 15092 --- [    Test worker] aWebConfiguration$JpaWebMvcConfiguration : spring.jpa.open-in-view is enabled by default. Therefore, database queries may be performed during view rendering. Explicitly configure spring.jpa.open-in-view to disable this warning
2020-03-24 10:52:41.157  INFO 15092 --- [    Test worker] pertySourcedRequestMappingHandlerMapping : Mapped URL path [/v2/api-docs] onto method [public org.springframework.http.ResponseEntity<springfox.documentation.spring.web.json.Json> springfox.documentation.swagger2.web.Swagger2Controller.getDocumentation(java.lang.String,javax.servlet.http.HttpServletRequest)]
2020-03-24 10:52:41.617  INFO 15092 --- [    Test worker] o.s.s.concurrent.ThreadPoolTaskExecutor  : Initializing ExecutorService 'applicationTaskExecutor'
2020-03-24 10:52:42.061  INFO 15092 --- [    Test worker] org.quartz.impl.StdSchedulerFactory      : Using default implementation for ThreadExecutor
2020-03-24 10:52:42.080  INFO 15092 --- [    Test worker] org.quartz.core.SchedulerSignalerImpl    : Initialized Scheduler Signaller of type: class org.quartz.core.SchedulerSignalerImpl
2020-03-24 10:52:42.080  INFO 15092 --- [    Test worker] org.quartz.core.QuartzScheduler          : Quartz Scheduler v.2.3.0 created.
2020-03-24 10:52:42.081  INFO 15092 --- [    Test worker] org.quartz.simpl.RAMJobStore             : RAMJobStore initialized.
2020-03-24 10:52:42.083  INFO 15092 --- [    Test worker] org.quartz.core.QuartzScheduler          : Scheduler meta-data: Quartz Scheduler (v2.3.0) 'quartzScheduler' with instanceId 'NON_CLUSTERED'
  Scheduler class: 'org.quartz.core.QuartzScheduler' - running locally.
  NOT STARTED.
  Currently in standby mode.
  Number of jobs executed: 0
  Using thread pool 'org.quartz.simpl.SimpleThreadPool' - with 10 threads.
  Using job-store 'org.quartz.simpl.RAMJobStore' - which does not support persistence. and is not clustered.

2020-03-24 10:52:42.083  INFO 15092 --- [    Test worker] org.quartz.impl.StdSchedulerFactory      : Quartz scheduler 'quartzScheduler' initialized from an externally provided properties instance.
2020-03-24 10:52:42.083  INFO 15092 --- [    Test worker] org.quartz.impl.StdSchedulerFactory      : Quartz scheduler version: 2.3.0
2020-03-24 10:52:42.083  INFO 15092 --- [    Test worker] org.quartz.core.QuartzScheduler          : JobFactory set to: org.springframework.scheduling.quartz.SpringBeanJobFactory@5d07f069
2020-03-24 10:52:42.110  INFO 15092 --- [    Test worker] o.s.s.c.ThreadPoolTaskScheduler          : Initializing ExecutorService 'taskScheduler'
2020-03-24 10:52:42.179  INFO 15092 --- [    Test worker] d.s.w.p.DocumentationPluginsBootstrapper : Context refreshed
2020-03-24 10:52:42.209  INFO 15092 --- [    Test worker] d.s.w.p.DocumentationPluginsBootstrapper : Found 1 custom documentation plugin(s)
2020-03-24 10:52:42.260  INFO 15092 --- [    Test worker] s.d.s.w.s.ApiListingReferenceScanner     : Scanning for api listing references
2020-03-24 10:52:42.436  INFO 15092 --- [    Test worker] .d.s.w.r.o.CachingOperationNameGenerator : Generating unique operation named: deleteUsingDELETE_1
2020-03-24 10:52:42.440  INFO 15092 --- [    Test worker] .d.s.w.r.o.CachingOperationNameGenerator : Generating unique operation named: findAllUsingGET_1
2020-03-24 10:52:42.453  INFO 15092 --- [    Test worker] .d.s.w.r.o.CachingOperationNameGenerator : Generating unique operation named: findByIdUsingGET_1
2020-03-24 10:52:42.461  INFO 15092 --- [    Test worker] .d.s.w.r.o.CachingOperationNameGenerator : Generating unique operation named: saveUsingPOST_1
2020-03-24 10:52:42.466  INFO 15092 --- [    Test worker] .d.s.w.r.o.CachingOperationNameGenerator : Generating unique operation named: updateUsingPUT_1
2020-03-24 10:52:42.478  INFO 15092 --- [    Test worker] .d.s.w.r.o.CachingOperationNameGenerator : Generating unique operation named: deleteUsingDELETE_2
2020-03-24 10:52:42.482  INFO 15092 --- [    Test worker] .d.s.w.r.o.CachingOperationNameGenerator : Generating unique operation named: findAllUsingGET_2
2020-03-24 10:52:42.492  INFO 15092 --- [    Test worker] .d.s.w.r.o.CachingOperationNameGenerator : Generating unique operation named: findByIdUsingGET_2
2020-03-24 10:52:42.499  INFO 15092 --- [    Test worker] .d.s.w.r.o.CachingOperationNameGenerator : Generating unique operation named: saveUsingPOST_2
2020-03-24 10:52:42.504  INFO 15092 --- [    Test worker] .d.s.w.r.o.CachingOperationNameGenerator : Generating unique operation named: updateUsingPUT_2
2020-03-24 10:52:42.524  INFO 15092 --- [    Test worker] o.s.s.quartz.SchedulerFactoryBean        : Starting Quartz Scheduler now
2020-03-24 10:52:42.525  INFO 15092 --- [    Test worker] org.quartz.core.QuartzScheduler          : Scheduler quartzScheduler_$_NON_CLUSTERED started.
2020-03-24 10:52:42.537  INFO 15092 --- [    Test worker] c.l.f.ForumOverflowApplicationTests      : Started ForumOverflowApplicationTests in 5.71 seconds (JVM running for 12.682)
]]></system-out>
  <system-err><![CDATA[]]></system-err>
</testsuite>
