<?xml version="1.0" encoding="UTF-8"?>
<testsuite name="com.luv2code.forumoverflow.service.UserServiceImplTest" tests="15" skipped="0" failures="0" errors="0" timestamp="2020-03-15T15:59:31" hostname="DESKTOP-F169E3V" time="0.158">
  <properties/>
  <testcase name="testUpdateEntityNotFoundException()" classname="com.luv2code.forumoverflow.service.UserServiceImplTest" time="0.014"/>
  <testcase name="testSaveWhenUserWithEmailAlreadyExistsException()" classname="com.luv2code.forumoverflow.service.UserServiceImplTest" time="0.009"/>
  <testcase name="testFindAll()" classname="com.luv2code.forumoverflow.service.UserServiceImplTest" time="0.007"/>
  <testcase name="testSave()" classname="com.luv2code.forumoverflow.service.UserServiceImplTest" time="0.008"/>
  <testcase name="testUpdateUserStatus()" classname="com.luv2code.forumoverflow.service.UserServiceImplTest" time="0.008"/>
  <testcase name="testSaveWhenUserWithUsernameAlreadyExistsException()" classname="com.luv2code.forumoverflow.service.UserServiceImplTest" time="0.01"/>
  <testcase name="testFindByUsernameEntityNotFoundException()" classname="com.luv2code.forumoverflow.service.UserServiceImplTest" time="0.007"/>
  <testcase name="testFindById()" classname="com.luv2code.forumoverflow.service.UserServiceImplTest" time="0.007"/>
  <testcase name="testFindByUsername()" classname="com.luv2code.forumoverflow.service.UserServiceImplTest" time="0.006"/>
  <testcase name="testUpdateUserStatusEntityNotFoundException()" classname="com.luv2code.forumoverflow.service.UserServiceImplTest" time="0.007"/>
  <testcase name="testFindByIdEntityNotFoundException()" classname="com.luv2code.forumoverflow.service.UserServiceImplTest" time="0.007"/>
  <testcase name="testFindAllThatContainsUsername()" classname="com.luv2code.forumoverflow.service.UserServiceImplTest" time="0.007"/>
  <testcase name="testDeleteEntityNotFoundException()" classname="com.luv2code.forumoverflow.service.UserServiceImplTest" time="0.008"/>
  <testcase name="testDelete()" classname="com.luv2code.forumoverflow.service.UserServiceImplTest" time="0.008"/>
  <testcase name="testUpdate()" classname="com.luv2code.forumoverflow.service.UserServiceImplTest" time="0.008"/>
  <system-out><![CDATA[2020-03-15 16:59:31.075  INFO 16220 --- [    Test worker] .b.t.c.SpringBootTestContextBootstrapper : Neither @ContextConfiguration nor @ContextHierarchy found for test class [com.luv2code.forumoverflow.service.UserServiceImplTest], using SpringBootContextLoader
2020-03-15 16:59:31.075  INFO 16220 --- [    Test worker] o.s.t.c.support.AbstractContextLoader    : Could not detect default resource locations for test class [com.luv2code.forumoverflow.service.UserServiceImplTest]: no resource found for suffixes {-context.xml, Context.groovy}.
2020-03-15 16:59:31.075  INFO 16220 --- [    Test worker] t.c.s.AnnotationConfigContextLoaderUtils : Could not detect default configuration classes for test class [com.luv2code.forumoverflow.service.UserServiceImplTest]: UserServiceImplTest does not declare any static, non-private, non-final, nested classes annotated with @Configuration.
2020-03-15 16:59:31.075  INFO 16220 --- [    Test worker] .b.t.c.SpringBootTestContextBootstrapper : Found @SpringBootConfiguration com.luv2code.forumoverflow.ForumOverflowApplication for test class com.luv2code.forumoverflow.service.UserServiceImplTest
2020-03-15 16:59:31.090  INFO 16220 --- [    Test worker] .b.t.c.SpringBootTestContextBootstrapper : Loaded default TestExecutionListener class names from location [META-INF/spring.factories]: [org.springframework.boot.test.autoconfigure.restdocs.RestDocsTestExecutionListener, org.springframework.boot.test.autoconfigure.web.client.MockRestServiceServerResetTestExecutionListener, org.springframework.boot.test.autoconfigure.web.servlet.MockMvcPrintOnlyOnFailureTestExecutionListener, org.springframework.boot.test.autoconfigure.web.servlet.WebDriverTestExecutionListener, org.springframework.boot.test.mock.mockito.MockitoTestExecutionListener, org.springframework.boot.test.mock.mockito.ResetMocksTestExecutionListener, org.springframework.test.context.web.ServletTestExecutionListener, org.springframework.test.context.support.DirtiesContextBeforeModesTestExecutionListener, org.springframework.test.context.support.DependencyInjectionTestExecutionListener, org.springframework.test.context.support.DirtiesContextTestExecutionListener, org.springframework.test.context.transaction.TransactionalTestExecutionListener, org.springframework.test.context.jdbc.SqlScriptsTestExecutionListener]
2020-03-15 16:59:31.090  INFO 16220 --- [    Test worker] .b.t.c.SpringBootTestContextBootstrapper : Using TestExecutionListeners: [org.springframework.test.context.web.ServletTestExecutionListener@13211695, org.springframework.test.context.support.DirtiesContextBeforeModesTestExecutionListener@569c132f, org.springframework.boot.test.mock.mockito.MockitoTestExecutionListener@4086bcd1, org.springframework.boot.test.autoconfigure.SpringBootDependencyInjectionTestExecutionListener@11aafb69, org.springframework.test.context.support.DirtiesContextTestExecutionListener@a24c277, org.springframework.test.context.transaction.TransactionalTestExecutionListener@3c97bd77, org.springframework.test.context.jdbc.SqlScriptsTestExecutionListener@4982ee00, org.springframework.boot.test.autoconfigure.restdocs.RestDocsTestExecutionListener@f3525ea, org.springframework.boot.test.autoconfigure.web.client.MockRestServiceServerResetTestExecutionListener@23ae7901, org.springframework.boot.test.autoconfigure.web.servlet.MockMvcPrintOnlyOnFailureTestExecutionListener@22530406, org.springframework.boot.test.autoconfigure.web.servlet.WebDriverTestExecutionListener@7cff0ca2, org.springframework.boot.test.mock.mockito.ResetMocksTestExecutionListener@5ac37ca2]
2020-03-15 16:59:31.231  INFO 16220 --- [    Test worker] c.l.f.service.impl.UserServiceImpl       : Searching all Users.
2020-03-15 16:59:31.231  INFO 16220 --- [    Test worker] c.l.f.service.impl.UserServiceImpl       : Searching all Users.
2020-03-15 16:59:31.231  INFO 16220 --- [    Test worker] c.l.f.service.impl.UserServiceImpl       : User with email(`palsi@gmail.com`) already exists.
2020-03-15 16:59:31.247  INFO 16220 --- [    Test worker] c.l.f.service.impl.UserServiceImpl       : Searching all Users.
2020-03-15 16:59:31.247  INFO 16220 --- [    Test worker] c.l.f.service.impl.UserServiceImpl       : Searching all Users.
2020-03-15 16:59:31.247  INFO 16220 --- [    Test worker] c.l.f.service.impl.UserServiceImpl       : Searching all Users.
2020-03-15 16:59:31.247  INFO 16220 --- [    Test worker] c.l.f.service.impl.UserServiceImpl       : Successfully founded User status with name: `ACTIVE`.
2020-03-15 16:59:31.247  INFO 16220 --- [    Test worker] c.l.f.service.impl.UserServiceImpl       : Saving User with id: `1`.
2020-03-15 16:59:31.262  INFO 16220 --- [    Test worker] c.l.f.service.impl.UserServiceImpl       : Searching User with username: `lzugaj`.
2020-03-15 16:59:31.262  INFO 16220 --- [    Test worker] c.l.f.service.impl.UserServiceImpl       : Successfully founded User with username: `lzugaj`.
2020-03-15 16:59:31.262  INFO 16220 --- [    Test worker] c.l.f.service.impl.UserServiceImpl       : Change status for User `lzugaj` to `UserStatus(id=1, name=BLOCKED)`
2020-03-15 16:59:31.262  INFO 16220 --- [    Test worker] c.l.f.service.impl.UserServiceImpl       : Updating User with username: `lzugaj`.
2020-03-15 16:59:31.278  INFO 16220 --- [    Test worker] c.l.f.service.impl.UserServiceImpl       : Searching all Users.
2020-03-15 16:59:31.278  INFO 16220 --- [    Test worker] c.l.f.service.impl.UserServiceImpl       : User with username(´palsi´) already exists.
2020-03-15 16:59:31.293  INFO 16220 --- [    Test worker] c.l.f.service.impl.UserServiceImpl       : Searching User with id: `1`
2020-03-15 16:59:31.309  INFO 16220 --- [    Test worker] c.l.f.service.impl.UserServiceImpl       : Searching User with username: `palsi`.
2020-03-15 16:59:31.340  INFO 16220 --- [    Test worker] c.l.f.service.impl.UserServiceImpl       : Searching all Users.
2020-03-15 16:59:31.340  INFO 16220 --- [    Test worker] c.l.f.service.impl.UserServiceImpl       : Searching all Users that contains `palsi` in username.
2020-03-15 16:59:31.356  INFO 16220 --- [    Test worker] c.l.f.service.impl.UserServiceImpl       : Searching User with id: `1`
2020-03-15 16:59:31.356  INFO 16220 --- [    Test worker] c.l.f.service.impl.UserServiceImpl       : Successfully founded User with id: `1`.
2020-03-15 16:59:31.356  INFO 16220 --- [    Test worker] c.l.f.service.impl.UserServiceImpl       : Deleting User with id: `1`.
2020-03-15 16:59:31.372  INFO 16220 --- [    Test worker] c.l.f.service.impl.UserServiceImpl       : Searching User with id: `1`
2020-03-15 16:59:31.372  INFO 16220 --- [    Test worker] c.l.f.service.impl.UserServiceImpl       : Successfully founded User with id: `1`.
2020-03-15 16:59:31.372  INFO 16220 --- [    Test worker] c.l.f.service.impl.UserServiceImpl       : Updating User with id: `1`.
]]></system-out>
  <system-err><![CDATA[]]></system-err>
</testsuite>
