<?xml version="1.0" encoding="UTF-8"?>
<testsuite name="com.luv2code.forumoverflow.service.PostServiceImplTest" tests="8" skipped="0" failures="0" errors="0" timestamp="2020-02-26T14:00:58" hostname="DESKTOP-F169E3V" time="0.074">
  <properties/>
  <testcase name="testUpdateEntityNotFoundException()" classname="com.luv2code.forumoverflow.service.PostServiceImplTest" time="0.007"/>
  <testcase name="testFindAll()" classname="com.luv2code.forumoverflow.service.PostServiceImplTest" time="0.008"/>
  <testcase name="testSave()" classname="com.luv2code.forumoverflow.service.PostServiceImplTest" time="0.009"/>
  <testcase name="testFindById()" classname="com.luv2code.forumoverflow.service.PostServiceImplTest" time="0.006"/>
  <testcase name="testFindByIdEntityNotFoundException()" classname="com.luv2code.forumoverflow.service.PostServiceImplTest" time="0.006"/>
  <testcase name="testDeleteEntityNotFoundException()" classname="com.luv2code.forumoverflow.service.PostServiceImplTest" time="0.007"/>
  <testcase name="testDelete()" classname="com.luv2code.forumoverflow.service.PostServiceImplTest" time="0.006"/>
  <testcase name="testUpdate()" classname="com.luv2code.forumoverflow.service.PostServiceImplTest" time="0.007"/>
  <system-out><![CDATA[2020-02-26 15:00:58.734  INFO 17720 --- [    Test worker] .b.t.c.SpringBootTestContextBootstrapper : Neither @ContextConfiguration nor @ContextHierarchy found for test class [com.luv2code.forumoverflow.service.PostServiceImplTest], using SpringBootContextLoader
2020-02-26 15:00:58.750  INFO 17720 --- [    Test worker] o.s.t.c.support.AbstractContextLoader    : Could not detect default resource locations for test class [com.luv2code.forumoverflow.service.PostServiceImplTest]: no resource found for suffixes {-context.xml, Context.groovy}.
2020-02-26 15:00:58.750  INFO 17720 --- [    Test worker] t.c.s.AnnotationConfigContextLoaderUtils : Could not detect default configuration classes for test class [com.luv2code.forumoverflow.service.PostServiceImplTest]: PostServiceImplTest does not declare any static, non-private, non-final, nested classes annotated with @Configuration.
2020-02-26 15:00:58.750  INFO 17720 --- [    Test worker] .b.t.c.SpringBootTestContextBootstrapper : Found @SpringBootConfiguration com.luv2code.forumoverflow.ForumOverflowApplication for test class com.luv2code.forumoverflow.service.PostServiceImplTest
2020-02-26 15:00:58.750  INFO 17720 --- [    Test worker] .b.t.c.SpringBootTestContextBootstrapper : Loaded default TestExecutionListener class names from location [META-INF/spring.factories]: [org.springframework.boot.test.autoconfigure.restdocs.RestDocsTestExecutionListener, org.springframework.boot.test.autoconfigure.web.client.MockRestServiceServerResetTestExecutionListener, org.springframework.boot.test.autoconfigure.web.servlet.MockMvcPrintOnlyOnFailureTestExecutionListener, org.springframework.boot.test.autoconfigure.web.servlet.WebDriverTestExecutionListener, org.springframework.boot.test.mock.mockito.MockitoTestExecutionListener, org.springframework.boot.test.mock.mockito.ResetMocksTestExecutionListener, org.springframework.test.context.web.ServletTestExecutionListener, org.springframework.test.context.support.DirtiesContextBeforeModesTestExecutionListener, org.springframework.test.context.support.DependencyInjectionTestExecutionListener, org.springframework.test.context.support.DirtiesContextTestExecutionListener, org.springframework.test.context.transaction.TransactionalTestExecutionListener, org.springframework.test.context.jdbc.SqlScriptsTestExecutionListener, org.springframework.test.context.event.EventPublishingTestExecutionListener]
2020-02-26 15:00:58.750  INFO 17720 --- [    Test worker] .b.t.c.SpringBootTestContextBootstrapper : Using TestExecutionListeners: [org.springframework.test.context.web.ServletTestExecutionListener@7935bf9f, org.springframework.test.context.support.DirtiesContextBeforeModesTestExecutionListener@5e2a0249, org.springframework.boot.test.mock.mockito.MockitoTestExecutionListener@d94c06d, org.springframework.boot.test.autoconfigure.SpringBootDependencyInjectionTestExecutionListener@57c3e2d1, org.springframework.test.context.support.DirtiesContextTestExecutionListener@35e76f1, org.springframework.test.context.transaction.TransactionalTestExecutionListener@d681499, org.springframework.test.context.jdbc.SqlScriptsTestExecutionListener@26543af1, org.springframework.test.context.event.EventPublishingTestExecutionListener@6e498180, org.springframework.boot.test.autoconfigure.restdocs.RestDocsTestExecutionListener@1ed08b46, org.springframework.boot.test.autoconfigure.web.client.MockRestServiceServerResetTestExecutionListener@53d188d9, org.springframework.boot.test.autoconfigure.web.servlet.MockMvcPrintOnlyOnFailureTestExecutionListener@54d5b3e0, org.springframework.boot.test.autoconfigure.web.servlet.WebDriverTestExecutionListener@76326d7b, org.springframework.boot.test.mock.mockito.ResetMocksTestExecutionListener@6ca25240]
2020-02-26 15:00:58.859  INFO 17720 --- [    Test worker] c.l.f.service.impl.PostServiceImpl       : Searching all Posts.
2020-02-26 15:00:58.875  INFO 17720 --- [    Test worker] c.l.f.service.impl.PostServiceImpl       : Successfully founded User with username: `azugaj`.
2020-02-26 15:00:58.875  INFO 17720 --- [    Test worker] c.l.f.service.impl.PostServiceImpl       : Successfully founded Category with id: `1`.
2020-02-26 15:00:58.875  INFO 17720 --- [    Test worker] c.l.f.service.impl.PostServiceImpl       : Saving Post with id: `1`.
2020-02-26 15:00:58.875  INFO 17720 --- [    Test worker] c.l.f.service.impl.PostServiceImpl       : Setting Post to selected Category with id: ´1´.
2020-02-26 15:00:58.875  INFO 17720 --- [    Test worker] c.l.f.service.impl.PostServiceImpl       : Searching Post with id: `1`.
2020-02-26 15:00:58.906  INFO 17720 --- [    Test worker] c.l.f.service.impl.PostServiceImpl       : Searching Post with id: `1`.
2020-02-26 15:00:58.906  INFO 17720 --- [    Test worker] c.l.f.service.impl.PostServiceImpl       : Successfully founded Post with id: `1`.
2020-02-26 15:00:58.906  INFO 17720 --- [    Test worker] c.l.f.service.impl.PostServiceImpl       : Deleting Post with id: `1`.
2020-02-26 15:00:58.906  INFO 17720 --- [    Test worker] c.l.f.service.impl.PostServiceImpl       : Searching Post with id: `1`.
2020-02-26 15:00:58.906  INFO 17720 --- [    Test worker] c.l.f.service.impl.PostServiceImpl       : Successfully founded Post with id: `1`.
2020-02-26 15:00:58.906  INFO 17720 --- [    Test worker] c.l.f.service.impl.PostServiceImpl       : Updating Post with id: `1`.
]]></system-out>
  <system-err><![CDATA[]]></system-err>
</testsuite>
