<?xml version="1.0" encoding="UTF-8"?>
<testsuite name="com.luv2code.forumoverflow.service.CategoryServiceImplTest" tests="10" skipped="0" failures="0" errors="0" timestamp="2020-03-24T09:52:42" hostname="lzugaj" time="0.066">
  <properties/>
  <testcase name="testNameAlreadyExistsReturnFalse()" classname="com.luv2code.forumoverflow.service.CategoryServiceImplTest" time="0.006"/>
  <testcase name="testNameAlreadyExistsReturnTrue()" classname="com.luv2code.forumoverflow.service.CategoryServiceImplTest" time="0.004"/>
  <testcase name="testFindAll()" classname="com.luv2code.forumoverflow.service.CategoryServiceImplTest" time="0.013"/>
  <testcase name="testSave()" classname="com.luv2code.forumoverflow.service.CategoryServiceImplTest" time="0.004"/>
  <testcase name="testFindById()" classname="com.luv2code.forumoverflow.service.CategoryServiceImplTest" time="0.006"/>
  <testcase name="testFindByUsername()" classname="com.luv2code.forumoverflow.service.CategoryServiceImplTest" time="0.004"/>
  <testcase name="testFindByIdNullPointerException()" classname="com.luv2code.forumoverflow.service.CategoryServiceImplTest" time="0.006"/>
  <testcase name="testFindByUsernameNullPointerException()" classname="com.luv2code.forumoverflow.service.CategoryServiceImplTest" time="0.005"/>
  <testcase name="testDelete()" classname="com.luv2code.forumoverflow.service.CategoryServiceImplTest" time="0.004"/>
  <testcase name="testUpdate()" classname="com.luv2code.forumoverflow.service.CategoryServiceImplTest" time="0.005"/>
  <system-out><![CDATA[2020-03-24 10:52:42.548  INFO 15092 --- [    Test worker] .b.t.c.SpringBootTestContextBootstrapper : Neither @ContextConfiguration nor @ContextHierarchy found for test class [com.luv2code.forumoverflow.service.CategoryServiceImplTest], using SpringBootContextLoader
2020-03-24 10:52:42.549  INFO 15092 --- [    Test worker] o.s.t.c.support.AbstractContextLoader    : Could not detect default resource locations for test class [com.luv2code.forumoverflow.service.CategoryServiceImplTest]: no resource found for suffixes {-context.xml, Context.groovy}.
2020-03-24 10:52:42.549  INFO 15092 --- [    Test worker] t.c.s.AnnotationConfigContextLoaderUtils : Could not detect default configuration classes for test class [com.luv2code.forumoverflow.service.CategoryServiceImplTest]: CategoryServiceImplTest does not declare any static, non-private, non-final, nested classes annotated with @Configuration.
2020-03-24 10:52:42.560  INFO 15092 --- [    Test worker] .b.t.c.SpringBootTestContextBootstrapper : Found @SpringBootConfiguration com.luv2code.forumoverflow.ForumOverflowApplication for test class com.luv2code.forumoverflow.service.CategoryServiceImplTest
2020-03-24 10:52:42.562  INFO 15092 --- [    Test worker] .b.t.c.SpringBootTestContextBootstrapper : Loaded default TestExecutionListener class names from location [META-INF/spring.factories]: [org.springframework.boot.test.autoconfigure.restdocs.RestDocsTestExecutionListener, org.springframework.boot.test.autoconfigure.web.client.MockRestServiceServerResetTestExecutionListener, org.springframework.boot.test.autoconfigure.web.servlet.MockMvcPrintOnlyOnFailureTestExecutionListener, org.springframework.boot.test.autoconfigure.web.servlet.WebDriverTestExecutionListener, org.springframework.boot.test.mock.mockito.MockitoTestExecutionListener, org.springframework.boot.test.mock.mockito.ResetMocksTestExecutionListener, org.springframework.test.context.web.ServletTestExecutionListener, org.springframework.test.context.support.DirtiesContextBeforeModesTestExecutionListener, org.springframework.test.context.support.DependencyInjectionTestExecutionListener, org.springframework.test.context.support.DirtiesContextTestExecutionListener, org.springframework.test.context.transaction.TransactionalTestExecutionListener, org.springframework.test.context.jdbc.SqlScriptsTestExecutionListener]
2020-03-24 10:52:42.562  INFO 15092 --- [    Test worker] .b.t.c.SpringBootTestContextBootstrapper : Using TestExecutionListeners: [org.springframework.test.context.web.ServletTestExecutionListener@39f390, org.springframework.test.context.support.DirtiesContextBeforeModesTestExecutionListener@4d491fd3, org.springframework.boot.test.mock.mockito.MockitoTestExecutionListener@a3ff06a, org.springframework.boot.test.autoconfigure.SpringBootDependencyInjectionTestExecutionListener@17ce1eaf, org.springframework.test.context.support.DirtiesContextTestExecutionListener@5824cab5, org.springframework.test.context.transaction.TransactionalTestExecutionListener@5d16f1e5, org.springframework.test.context.jdbc.SqlScriptsTestExecutionListener@28dff68d, org.springframework.boot.test.autoconfigure.restdocs.RestDocsTestExecutionListener@4f83be5f, org.springframework.boot.test.autoconfigure.web.client.MockRestServiceServerResetTestExecutionListener@318cb478, org.springframework.boot.test.autoconfigure.web.servlet.MockMvcPrintOnlyOnFailureTestExecutionListener@5b7fe275, org.springframework.boot.test.autoconfigure.web.servlet.WebDriverTestExecutionListener@c430c09, org.springframework.boot.test.mock.mockito.ResetMocksTestExecutionListener@5ee02a98]
2020-03-24 10:52:42.635  INFO 15092 --- [    Test worker] c.l.f.service.impl.CategoryServiceImpl   : Searching all Categories.
2020-03-24 10:52:42.641  INFO 15092 --- [    Test worker] c.l.f.service.impl.CategoryServiceImpl   : Searching all Categories.
2020-03-24 10:52:42.646  INFO 15092 --- [    Test worker] c.l.f.service.impl.CategoryServiceImpl   : Searching all Categories.
2020-03-24 10:52:42.661  INFO 15092 --- [    Test worker] c.l.f.service.impl.CategoryServiceImpl   : Saving new Category with id: `1`
2020-03-24 10:52:42.667  INFO 15092 --- [    Test worker] c.l.f.service.impl.CategoryServiceImpl   : Searching Category with id: `1`.
2020-03-24 10:52:42.673  INFO 15092 --- [    Test worker] c.l.f.service.impl.CategoryServiceImpl   : Searching Category with name: `Marketing`.
2020-03-24 10:52:42.690  INFO 15092 --- [    Test worker] c.l.f.service.impl.CategoryServiceImpl   : Successfully deleted Category with id: `1`
2020-03-24 10:52:42.696  INFO 15092 --- [    Test worker] c.l.f.service.impl.CategoryServiceImpl   : Setting up variables for updated Category with id: `1`
2020-03-24 10:52:42.696  INFO 15092 --- [    Test worker] c.l.f.service.impl.CategoryServiceImpl   : Updating Category with id: `1`.
]]></system-out>
  <system-err><![CDATA[]]></system-err>
</testsuite>
