<?xml version="1.0" encoding="UTF-8"?>
<testsuite name="com.luv2code.forumoverflow.controller.UserControllerTest" tests="1" skipped="0" failures="0" errors="0" timestamp="2020-02-26T14:00:49" hostname="DESKTOP-F169E3V" time="0.023">
  <properties/>
  <testcase name="testSave()" classname="com.luv2code.forumoverflow.controller.UserControllerTest" time="0.023"/>
  <system-out><![CDATA[2020-02-26 15:00:47.652  INFO 17720 --- [    Test worker] .b.t.a.w.s.WebMvcTestContextBootstrapper : Neither @ContextConfiguration nor @ContextHierarchy found for test class [com.luv2code.forumoverflow.controller.UserControllerTest], using SpringBootContextLoader
2020-02-26 15:00:47.653  INFO 17720 --- [    Test worker] o.s.t.c.support.AbstractContextLoader    : Could not detect default resource locations for test class [com.luv2code.forumoverflow.controller.UserControllerTest]: no resource found for suffixes {-context.xml, Context.groovy}.
2020-02-26 15:00:47.654  INFO 17720 --- [    Test worker] t.c.s.AnnotationConfigContextLoaderUtils : Could not detect default configuration classes for test class [com.luv2code.forumoverflow.controller.UserControllerTest]: UserControllerTest does not declare any static, non-private, non-final, nested classes annotated with @Configuration.
2020-02-26 15:00:47.658  INFO 17720 --- [    Test worker] .b.t.c.SpringBootTestContextBootstrapper : Found @SpringBootConfiguration com.luv2code.forumoverflow.ForumOverflowApplication for test class com.luv2code.forumoverflow.controller.UserControllerTest
2020-02-26 15:00:47.659  INFO 17720 --- [    Test worker] .b.t.a.w.s.WebMvcTestContextBootstrapper : Loaded default TestExecutionListener class names from location [META-INF/spring.factories]: [org.springframework.boot.test.autoconfigure.restdocs.RestDocsTestExecutionListener, org.springframework.boot.test.autoconfigure.web.client.MockRestServiceServerResetTestExecutionListener, org.springframework.boot.test.autoconfigure.web.servlet.MockMvcPrintOnlyOnFailureTestExecutionListener, org.springframework.boot.test.autoconfigure.web.servlet.WebDriverTestExecutionListener, org.springframework.boot.test.mock.mockito.MockitoTestExecutionListener, org.springframework.boot.test.mock.mockito.ResetMocksTestExecutionListener, org.springframework.test.context.web.ServletTestExecutionListener, org.springframework.test.context.support.DirtiesContextBeforeModesTestExecutionListener, org.springframework.test.context.support.DependencyInjectionTestExecutionListener, org.springframework.test.context.support.DirtiesContextTestExecutionListener, org.springframework.test.context.transaction.TransactionalTestExecutionListener, org.springframework.test.context.jdbc.SqlScriptsTestExecutionListener, org.springframework.test.context.event.EventPublishingTestExecutionListener]
2020-02-26 15:00:47.659  INFO 17720 --- [    Test worker] .b.t.a.w.s.WebMvcTestContextBootstrapper : Using TestExecutionListeners: [org.springframework.test.context.web.ServletTestExecutionListener@30b35200, org.springframework.test.context.support.DirtiesContextBeforeModesTestExecutionListener@10c297b3, org.springframework.boot.test.mock.mockito.MockitoTestExecutionListener@7fd41f69, org.springframework.boot.test.autoconfigure.SpringBootDependencyInjectionTestExecutionListener@55f5f1a2, org.springframework.test.context.support.DirtiesContextTestExecutionListener@7f7c8a4e, org.springframework.test.context.transaction.TransactionalTestExecutionListener@7b87e51d, org.springframework.test.context.jdbc.SqlScriptsTestExecutionListener@24f79253, org.springframework.test.context.event.EventPublishingTestExecutionListener@5e750f8e, org.springframework.boot.test.autoconfigure.restdocs.RestDocsTestExecutionListener@4540c0f4, org.springframework.boot.test.autoconfigure.web.client.MockRestServiceServerResetTestExecutionListener@1ab7a4c, org.springframework.boot.test.autoconfigure.web.servlet.MockMvcPrintOnlyOnFailureTestExecutionListener@19560520, org.springframework.boot.test.autoconfigure.web.servlet.WebDriverTestExecutionListener@6f2970fb, org.springframework.boot.test.mock.mockito.ResetMocksTestExecutionListener@2cad5a8a]

  .   ____          _            __ _ _
 /\\ / ___'_ __ _ _(_)_ __  __ _ \ \ \ \
( ( )\___ | '_ | '_| | '_ \/ _` | \ \ \ \
 \\/  ___)| |_)| | | | | || (_| |  ) ) ) )
  '  |____| .__|_| |_|_| |_\__, | / / / /
 =========|_|==============|___/=/_/_/_/
 :: Spring Boot ::        (v2.2.4.RELEASE)

2020-02-26 15:00:47.733  INFO 17720 --- [    Test worker] c.l.f.controller.UserControllerTest      : Starting UserControllerTest on DESKTOP-F169E3V with PID 17720 (started by lzugaj in H:\lzugaj\workspace\Projects\ForumOverflow)
2020-02-26 15:00:47.733  INFO 17720 --- [    Test worker] c.l.f.controller.UserControllerTest      : No active profile set, falling back to default profiles: default
2020-02-26 15:00:49.127  INFO 17720 --- [    Test worker] o.s.s.concurrent.ThreadPoolTaskExecutor  : Initializing ExecutorService 'applicationTaskExecutor'
2020-02-26 15:00:49.345  INFO 17720 --- [    Test worker] o.s.b.t.m.w.SpringBootMockServletContext : Initializing Spring TestDispatcherServlet ''
2020-02-26 15:00:49.345  INFO 17720 --- [    Test worker] o.s.t.web.servlet.TestDispatcherServlet  : Initializing Servlet ''
2020-02-26 15:00:49.362  INFO 17720 --- [    Test worker] o.s.t.web.servlet.TestDispatcherServlet  : Completed initialization in 17 ms
2020-02-26 15:00:49.389  INFO 17720 --- [    Test worker] c.l.f.controller.UserControllerTest      : Started UserControllerTest in 1.726 seconds (JVM running for 10.206)
2020-02-26 15:00:49.412  INFO 17720 --- [    Test worker] c.l.f.rest.controller.UserController     : Successfully saved User with id: `1`.
]]></system-out>
  <system-err><![CDATA[]]></system-err>
</testsuite>
