<?xml version="1.0" encoding="UTF-8"?>
<testsuite name="com.luv2code.forumoverflow.service.PostServiceImplTest" tests="8" skipped="0" failures="0" errors="0" timestamp="2020-03-01T08:02:51" hostname="DESKTOP-F169E3V" time="0.172">
  <properties/>
  <testcase name="testUpdateEntityNotFoundException()" classname="com.luv2code.forumoverflow.service.PostServiceImplTest" time="0.006"/>
  <testcase name="testFindAll()" classname="com.luv2code.forumoverflow.service.PostServiceImplTest" time="0.006"/>
  <testcase name="testSave()" classname="com.luv2code.forumoverflow.service.PostServiceImplTest" time="0.008"/>
  <testcase name="testFindById()" classname="com.luv2code.forumoverflow.service.PostServiceImplTest" time="0.011"/>
  <testcase name="testFindByIdEntityNotFoundException()" classname="com.luv2code.forumoverflow.service.PostServiceImplTest" time="0.018"/>
  <testcase name="testDeleteEntityNotFoundException()" classname="com.luv2code.forumoverflow.service.PostServiceImplTest" time="0.009"/>
  <testcase name="testDelete()" classname="com.luv2code.forumoverflow.service.PostServiceImplTest" time="0.039"/>
  <testcase name="testUpdate()" classname="com.luv2code.forumoverflow.service.PostServiceImplTest" time="0.012"/>
  <system-out><![CDATA[2020-03-01 09:02:51.529  INFO 13968 --- [    Test worker] .b.t.c.SpringBootTestContextBootstrapper : Neither @ContextConfiguration nor @ContextHierarchy found for test class [com.luv2code.forumoverflow.service.PostServiceImplTest], using SpringBootContextLoader
2020-03-01 09:02:51.530  INFO 13968 --- [    Test worker] o.s.t.c.support.AbstractContextLoader    : Could not detect default resource locations for test class [com.luv2code.forumoverflow.service.PostServiceImplTest]: no resource found for suffixes {-context.xml, Context.groovy}.
2020-03-01 09:02:51.531  INFO 13968 --- [    Test worker] t.c.s.AnnotationConfigContextLoaderUtils : Could not detect default configuration classes for test class [com.luv2code.forumoverflow.service.PostServiceImplTest]: PostServiceImplTest does not declare any static, non-private, non-final, nested classes annotated with @Configuration.
2020-03-01 09:02:51.533  INFO 13968 --- [    Test worker] .b.t.c.SpringBootTestContextBootstrapper : Found @SpringBootConfiguration com.luv2code.forumoverflow.ForumOverflowApplication for test class com.luv2code.forumoverflow.service.PostServiceImplTest
2020-03-01 09:02:51.536  INFO 13968 --- [    Test worker] .b.t.c.SpringBootTestContextBootstrapper : Loaded default TestExecutionListener class names from location [META-INF/spring.factories]: [org.springframework.boot.test.autoconfigure.restdocs.RestDocsTestExecutionListener, org.springframework.boot.test.autoconfigure.web.client.MockRestServiceServerResetTestExecutionListener, org.springframework.boot.test.autoconfigure.web.servlet.MockMvcPrintOnlyOnFailureTestExecutionListener, org.springframework.boot.test.autoconfigure.web.servlet.WebDriverTestExecutionListener, org.springframework.boot.test.mock.mockito.MockitoTestExecutionListener, org.springframework.boot.test.mock.mockito.ResetMocksTestExecutionListener, org.springframework.test.context.web.ServletTestExecutionListener, org.springframework.test.context.support.DirtiesContextBeforeModesTestExecutionListener, org.springframework.test.context.support.DependencyInjectionTestExecutionListener, org.springframework.test.context.support.DirtiesContextTestExecutionListener, org.springframework.test.context.transaction.TransactionalTestExecutionListener, org.springframework.test.context.jdbc.SqlScriptsTestExecutionListener]
2020-03-01 09:02:51.536  INFO 13968 --- [    Test worker] .b.t.c.SpringBootTestContextBootstrapper : Using TestExecutionListeners: [org.springframework.test.context.web.ServletTestExecutionListener@5d034ba4, org.springframework.test.context.support.DirtiesContextBeforeModesTestExecutionListener@23eb2468, org.springframework.boot.test.mock.mockito.MockitoTestExecutionListener@2924e26c, org.springframework.boot.test.autoconfigure.SpringBootDependencyInjectionTestExecutionListener@50287f94, org.springframework.test.context.support.DirtiesContextTestExecutionListener@1731405e, org.springframework.test.context.transaction.TransactionalTestExecutionListener@6d03eeb4, org.springframework.test.context.jdbc.SqlScriptsTestExecutionListener@63ba46fa, org.springframework.boot.test.autoconfigure.restdocs.RestDocsTestExecutionListener@707d41c6, org.springframework.boot.test.autoconfigure.web.client.MockRestServiceServerResetTestExecutionListener@6dd3cc27, org.springframework.boot.test.autoconfigure.web.servlet.MockMvcPrintOnlyOnFailureTestExecutionListener@1f57e967, org.springframework.boot.test.autoconfigure.web.servlet.WebDriverTestExecutionListener@2e6bf1e1, org.springframework.boot.test.mock.mockito.ResetMocksTestExecutionListener@3482e69b]
2020-03-01 09:02:51.611  INFO 13968 --- [    Test worker] c.l.f.service.impl.PostServiceImpl       : Searching all Posts.
2020-03-01 09:02:51.620  INFO 13968 --- [    Test worker] c.l.f.service.impl.PostServiceImpl       : Successfully founded User with username: `azugaj`.
2020-03-01 09:02:51.620  INFO 13968 --- [    Test worker] c.l.f.service.impl.PostServiceImpl       : Successfully founded Category with id: `1`.
2020-03-01 09:02:51.620  INFO 13968 --- [    Test worker] c.l.f.service.impl.PostServiceImpl       : Saving Post with id: `1`.
2020-03-01 09:02:51.621  INFO 13968 --- [    Test worker] c.l.f.service.impl.PostServiceImpl       : Setting Post to selected Category with id: ´1´.
2020-03-01 09:02:51.631  INFO 13968 --- [    Test worker] c.l.f.service.impl.PostServiceImpl       : Searching Post with id: `1`.
2020-03-01 09:02:51.723  INFO 13968 --- [    Test worker] c.l.f.service.impl.PostServiceImpl       : Searching Post with id: `1`.
2020-03-01 09:02:51.724  INFO 13968 --- [    Test worker] c.l.f.service.impl.PostServiceImpl       : Successfully founded Post with id: `1`.
2020-03-01 09:02:51.725  INFO 13968 --- [    Test worker] c.l.f.service.impl.PostServiceImpl       : Deleting Post with id: `1`.
2020-03-01 09:02:51.765  INFO 13968 --- [    Test worker] c.l.f.service.impl.PostServiceImpl       : Searching Post with id: `1`.
2020-03-01 09:02:51.766  INFO 13968 --- [    Test worker] c.l.f.service.impl.PostServiceImpl       : Successfully founded Post with id: `1`.
2020-03-01 09:02:51.766  INFO 13968 --- [    Test worker] c.l.f.service.impl.PostServiceImpl       : Updating Post with id: `1`.
]]></system-out>
  <system-err><![CDATA[]]></system-err>
</testsuite>
