<?xml version="1.0" encoding="UTF-8"?>
<testsuite name="com.luv2code.forumoverflow.ForumOverflowApplicationTests" tests="1" skipped="0" failures="0" errors="0" timestamp="2020-02-26T14:00:59" hostname="DESKTOP-F169E3V" time="0.003">
  <properties/>
  <testcase name="contextLoads()" classname="com.luv2code.forumoverflow.ForumOverflowApplicationTests" time="0.003"/>
  <system-out><![CDATA[2020-02-26 15:00:59.046  INFO 17720 --- [    Test worker] .b.t.c.SpringBootTestContextBootstrapper : Neither @ContextConfiguration nor @ContextHierarchy found for test class [com.luv2code.forumoverflow.ForumOverflowApplicationTests], using SpringBootContextLoader
2020-02-26 15:00:59.046  INFO 17720 --- [    Test worker] o.s.t.c.support.AbstractContextLoader    : Could not detect default resource locations for test class [com.luv2code.forumoverflow.ForumOverflowApplicationTests]: no resource found for suffixes {-context.xml, Context.groovy}.
2020-02-26 15:00:59.046  INFO 17720 --- [    Test worker] t.c.s.AnnotationConfigContextLoaderUtils : Could not detect default configuration classes for test class [com.luv2code.forumoverflow.ForumOverflowApplicationTests]: ForumOverflowApplicationTests does not declare any static, non-private, non-final, nested classes annotated with @Configuration.
2020-02-26 15:00:59.218  INFO 17720 --- [    Test worker] .b.t.c.SpringBootTestContextBootstrapper : Found @SpringBootConfiguration com.luv2code.forumoverflow.ForumOverflowApplication for test class com.luv2code.forumoverflow.ForumOverflowApplicationTests
2020-02-26 15:00:59.218  INFO 17720 --- [    Test worker] .b.t.c.SpringBootTestContextBootstrapper : Loaded default TestExecutionListener class names from location [META-INF/spring.factories]: [org.springframework.boot.test.autoconfigure.restdocs.RestDocsTestExecutionListener, org.springframework.boot.test.autoconfigure.web.client.MockRestServiceServerResetTestExecutionListener, org.springframework.boot.test.autoconfigure.web.servlet.MockMvcPrintOnlyOnFailureTestExecutionListener, org.springframework.boot.test.autoconfigure.web.servlet.WebDriverTestExecutionListener, org.springframework.boot.test.mock.mockito.MockitoTestExecutionListener, org.springframework.boot.test.mock.mockito.ResetMocksTestExecutionListener, org.springframework.test.context.web.ServletTestExecutionListener, org.springframework.test.context.support.DirtiesContextBeforeModesTestExecutionListener, org.springframework.test.context.support.DependencyInjectionTestExecutionListener, org.springframework.test.context.support.DirtiesContextTestExecutionListener, org.springframework.test.context.transaction.TransactionalTestExecutionListener, org.springframework.test.context.jdbc.SqlScriptsTestExecutionListener, org.springframework.test.context.event.EventPublishingTestExecutionListener]
2020-02-26 15:00:59.218  INFO 17720 --- [    Test worker] .b.t.c.SpringBootTestContextBootstrapper : Using TestExecutionListeners: [org.springframework.test.context.web.ServletTestExecutionListener@76e5462a, org.springframework.test.context.support.DirtiesContextBeforeModesTestExecutionListener@7186bbd6, org.springframework.boot.test.mock.mockito.MockitoTestExecutionListener@697b92b7, org.springframework.boot.test.autoconfigure.SpringBootDependencyInjectionTestExecutionListener@5c9d8624, org.springframework.test.context.support.DirtiesContextTestExecutionListener@154f8b, org.springframework.test.context.transaction.TransactionalTestExecutionListener@44091c54, org.springframework.test.context.jdbc.SqlScriptsTestExecutionListener@71d2d048, org.springframework.test.context.event.EventPublishingTestExecutionListener@41ced4f0, org.springframework.boot.test.autoconfigure.restdocs.RestDocsTestExecutionListener@6b0db255, org.springframework.boot.test.autoconfigure.web.client.MockRestServiceServerResetTestExecutionListener@67eae8dc, org.springframework.boot.test.autoconfigure.web.servlet.MockMvcPrintOnlyOnFailureTestExecutionListener@5d24f9, org.springframework.boot.test.autoconfigure.web.servlet.WebDriverTestExecutionListener@37830956, org.springframework.boot.test.mock.mockito.ResetMocksTestExecutionListener@311a8ae9]
]]></system-out>
  <system-err><![CDATA[]]></system-err>
</testsuite>
