<?xml version="1.0" encoding="UTF-8"?>
<testsuite name="com.luv2code.forumoverflow.service.CategoryServiceImplTest" tests="3" skipped="0" failures="0" errors="0" timestamp="2020-03-01T08:02:51" hostname="DESKTOP-F169E3V" time="0.037">
  <properties/>
  <testcase name="testFindAll()" classname="com.luv2code.forumoverflow.service.CategoryServiceImplTest" time="0.018"/>
  <testcase name="testFindById()" classname="com.luv2code.forumoverflow.service.CategoryServiceImplTest" time="0.007"/>
  <testcase name="testFindByIdEntityNotFoundException()" classname="com.luv2code.forumoverflow.service.CategoryServiceImplTest" time="0.008"/>
  <system-out><![CDATA[2020-03-01 09:02:40.058  INFO 13968 --- [    Test worker] .b.t.c.SpringBootTestContextBootstrapper : Neither @ContextConfiguration nor @ContextHierarchy found for test class [com.luv2code.forumoverflow.service.CategoryServiceImplTest], using SpringBootContextLoader
2020-03-01 09:02:40.062  INFO 13968 --- [    Test worker] o.s.t.c.support.AbstractContextLoader    : Could not detect default resource locations for test class [com.luv2code.forumoverflow.service.CategoryServiceImplTest]: no resource found for suffixes {-context.xml, Context.groovy}.
2020-03-01 09:02:40.062  INFO 13968 --- [    Test worker] t.c.s.AnnotationConfigContextLoaderUtils : Could not detect default configuration classes for test class [com.luv2code.forumoverflow.service.CategoryServiceImplTest]: CategoryServiceImplTest does not declare any static, non-private, non-final, nested classes annotated with @Configuration.
2020-03-01 09:02:40.489  INFO 13968 --- [    Test worker] .b.t.c.SpringBootTestContextBootstrapper : Found @SpringBootConfiguration com.luv2code.forumoverflow.ForumOverflowApplication for test class com.luv2code.forumoverflow.service.CategoryServiceImplTest
2020-03-01 09:02:40.492  INFO 13968 --- [    Test worker] .b.t.c.SpringBootTestContextBootstrapper : Loaded default TestExecutionListener class names from location [META-INF/spring.factories]: [org.springframework.boot.test.autoconfigure.restdocs.RestDocsTestExecutionListener, org.springframework.boot.test.autoconfigure.web.client.MockRestServiceServerResetTestExecutionListener, org.springframework.boot.test.autoconfigure.web.servlet.MockMvcPrintOnlyOnFailureTestExecutionListener, org.springframework.boot.test.autoconfigure.web.servlet.WebDriverTestExecutionListener, org.springframework.boot.test.mock.mockito.MockitoTestExecutionListener, org.springframework.boot.test.mock.mockito.ResetMocksTestExecutionListener, org.springframework.test.context.web.ServletTestExecutionListener, org.springframework.test.context.support.DirtiesContextBeforeModesTestExecutionListener, org.springframework.test.context.support.DependencyInjectionTestExecutionListener, org.springframework.test.context.support.DirtiesContextTestExecutionListener, org.springframework.test.context.transaction.TransactionalTestExecutionListener, org.springframework.test.context.jdbc.SqlScriptsTestExecutionListener]
2020-03-01 09:02:40.492  INFO 13968 --- [    Test worker] .b.t.c.SpringBootTestContextBootstrapper : Using TestExecutionListeners: [org.springframework.test.context.web.ServletTestExecutionListener@7491642a, org.springframework.test.context.support.DirtiesContextBeforeModesTestExecutionListener@3ffb931d, org.springframework.boot.test.mock.mockito.MockitoTestExecutionListener@45549826, org.springframework.boot.test.autoconfigure.SpringBootDependencyInjectionTestExecutionListener@57d725ab, org.springframework.test.context.support.DirtiesContextTestExecutionListener@2818bb4f, org.springframework.test.context.transaction.TransactionalTestExecutionListener@4b98b62a, org.springframework.test.context.jdbc.SqlScriptsTestExecutionListener@2aec82d7, org.springframework.boot.test.autoconfigure.restdocs.RestDocsTestExecutionListener@4478105c, org.springframework.boot.test.autoconfigure.web.client.MockRestServiceServerResetTestExecutionListener@29d7095f, org.springframework.boot.test.autoconfigure.web.servlet.MockMvcPrintOnlyOnFailureTestExecutionListener@2770d3a9, org.springframework.boot.test.autoconfigure.web.servlet.WebDriverTestExecutionListener@694417aa, org.springframework.boot.test.mock.mockito.ResetMocksTestExecutionListener@6dba002e]

  .   ____          _            __ _ _
 /\\ / ___'_ __ _ _(_)_ __  __ _ \ \ \ \
( ( )\___ | '_ | '_| | '_ \/ _` | \ \ \ \
 \\/  ___)| |_)| | | | | || (_| |  ) ) ) )
  '  |____| .__|_| |_|_| |_\__, | / / / /
 =========|_|==============|___/=/_/_/_/
 :: Spring Boot ::        (v2.1.0.RELEASE)

2020-03-01 09:02:40.525  INFO 13968 --- [    Test worker] c.l.f.service.CategoryServiceImplTest    : Starting CategoryServiceImplTest on DESKTOP-F169E3V with PID 13968 (started by lzugaj in H:\lzugaj\workspace\Projects\ForumOverflow)
2020-03-01 09:02:40.526  INFO 13968 --- [    Test worker] c.l.f.service.CategoryServiceImplTest    : No active profile set, falling back to default profiles: default
2020-03-01 09:02:42.401  INFO 13968 --- [    Test worker] .s.d.r.c.RepositoryConfigurationDelegate : Bootstrapping Spring Data repositories in DEFAULT mode.
2020-03-01 09:02:43.993  INFO 13968 --- [    Test worker] .s.d.r.c.RepositoryConfigurationDelegate : Finished Spring Data repository scanning in 1580ms. Found 3 repository interfaces.
2020-03-01 09:02:44.359  INFO 13968 --- [    Test worker] trationDelegate$BeanPostProcessorChecker : Bean 'org.springframework.transaction.annotation.ProxyTransactionManagementConfiguration' of type [org.springframework.transaction.annotation.ProxyTransactionManagementConfiguration$$EnhancerBySpringCGLIB$$f387eb82] is not eligible for getting processed by all BeanPostProcessors (for example: not eligible for auto-proxying)
2020-03-01 09:02:44.407  INFO 13968 --- [    Test worker] trationDelegate$BeanPostProcessorChecker : Bean 'org.springframework.hateoas.config.HateoasConfiguration' of type [org.springframework.hateoas.config.HateoasConfiguration$$EnhancerBySpringCGLIB$$730838b4] is not eligible for getting processed by all BeanPostProcessors (for example: not eligible for auto-proxying)
2020-03-01 09:02:44.502  INFO 13968 --- [    Test worker] com.zaxxer.hikari.HikariDataSource       : HikariPool-1 - Starting...
2020-03-01 09:02:44.663  INFO 13968 --- [    Test worker] com.zaxxer.hikari.HikariDataSource       : HikariPool-1 - Start completed.
2020-03-01 09:02:45.860  INFO 13968 --- [    Test worker] o.hibernate.jpa.internal.util.LogHelper  : HHH000204: Processing PersistenceUnitInfo [
	name: default
	...]
2020-03-01 09:02:46.111  INFO 13968 --- [    Test worker] org.hibernate.Version                    : HHH000412: Hibernate Core {5.3.7.Final}
2020-03-01 09:02:46.114  INFO 13968 --- [    Test worker] org.hibernate.cfg.Environment            : HHH000206: hibernate.properties not found
2020-03-01 09:02:46.198  INFO 13968 --- [    Test worker] o.hibernate.annotations.common.Version   : HCANN000001: Hibernate Commons Annotations {5.0.4.Final}
2020-03-01 09:02:46.786  INFO 13968 --- [    Test worker] org.hibernate.dialect.Dialect            : HHH000400: Using dialect: org.hibernate.dialect.PostgreSQL9Dialect
2020-03-01 09:02:46.810  INFO 13968 --- [    Test worker] o.h.e.j.e.i.LobCreatorBuilderImpl        : HHH000422: Disabling contextual LOB creation as connection was null
2020-03-01 09:02:46.819  INFO 13968 --- [    Test worker] org.hibernate.type.BasicTypeRegistry     : HHH000270: Type registration [java.util.UUID] overrides previous : org.hibernate.type.UUIDBinaryType@5af2ec8d
2020-03-01 09:02:47.728  INFO 13968 --- [    Test worker] j.LocalContainerEntityManagerFactoryBean : Initialized JPA EntityManagerFactory for persistence unit 'default'
2020-03-01 09:02:48.747  WARN 13968 --- [    Test worker] aWebConfiguration$JpaWebMvcConfiguration : spring.jpa.open-in-view is enabled by default. Therefore, database queries may be performed during view rendering. Explicitly configure spring.jpa.open-in-view to disable this warning
2020-03-01 09:02:49.675  INFO 13968 --- [    Test worker] pertySourcedRequestMappingHandlerMapping : Mapped URL path [/v2/api-docs] onto method [public org.springframework.http.ResponseEntity<springfox.documentation.spring.web.json.Json> springfox.documentation.swagger2.web.Swagger2Controller.getDocumentation(java.lang.String,javax.servlet.http.HttpServletRequest)]
2020-03-01 09:02:50.082  INFO 13968 --- [    Test worker] o.s.s.concurrent.ThreadPoolTaskExecutor  : Initializing ExecutorService 'applicationTaskExecutor'
2020-03-01 09:02:50.592  INFO 13968 --- [    Test worker] d.s.w.p.DocumentationPluginsBootstrapper : Context refreshed
2020-03-01 09:02:50.631  INFO 13968 --- [    Test worker] d.s.w.p.DocumentationPluginsBootstrapper : Found 1 custom documentation plugin(s)
2020-03-01 09:02:50.698  INFO 13968 --- [    Test worker] s.d.s.w.s.ApiListingReferenceScanner     : Scanning for api listing references
2020-03-01 09:02:51.335  INFO 13968 --- [    Test worker] .d.s.w.r.o.CachingOperationNameGenerator : Generating unique operation named: saveUsingPOST_1
2020-03-01 09:02:51.351  INFO 13968 --- [    Test worker] c.l.f.service.CategoryServiceImplTest    : Started CategoryServiceImplTest in 10.854 seconds (JVM running for 20.459)
2020-03-01 09:02:51.490  INFO 13968 --- [    Test worker] c.l.f.service.impl.CategoryServiceImpl   : Searching all Categories.
2020-03-01 09:02:51.511  INFO 13968 --- [    Test worker] c.l.f.service.impl.CategoryServiceImpl   : Searching Category with id: `1`.
]]></system-out>
  <system-err><![CDATA[]]></system-err>
</testsuite>
