<?xml version="1.0" encoding="UTF-8"?>
<testsuite name="com.luv2code.forumoverflow.controller.UserControllerTest" tests="1" skipped="0" failures="0" errors="0" timestamp="2020-02-26T13:43:22" hostname="DESKTOP-F169E3V" time="0.21">
  <properties/>
  <testcase name="testSave()" classname="com.luv2code.forumoverflow.controller.UserControllerTest" time="0.21"/>
  <system-out><![CDATA[2020-02-26 14:43:21.288  INFO 15892 --- [    Test worker] .b.t.a.w.s.WebMvcTestContextBootstrapper : Neither @ContextConfiguration nor @ContextHierarchy found for test class [com.luv2code.forumoverflow.controller.UserControllerTest], using SpringBootContextLoader
2020-02-26 14:43:21.288  INFO 15892 --- [    Test worker] o.s.t.c.support.AbstractContextLoader    : Could not detect default resource locations for test class [com.luv2code.forumoverflow.controller.UserControllerTest]: no resource found for suffixes {-context.xml, Context.groovy}.
2020-02-26 14:43:21.288  INFO 15892 --- [    Test worker] t.c.s.AnnotationConfigContextLoaderUtils : Could not detect default configuration classes for test class [com.luv2code.forumoverflow.controller.UserControllerTest]: UserControllerTest does not declare any static, non-private, non-final, nested classes annotated with @Configuration.
2020-02-26 14:43:21.318  INFO 15892 --- [    Test worker] .b.t.c.SpringBootTestContextBootstrapper : Found @SpringBootConfiguration com.luv2code.forumoverflow.ForumOverflowApplication for test class com.luv2code.forumoverflow.controller.UserControllerTest
2020-02-26 14:43:21.318  INFO 15892 --- [    Test worker] .b.t.a.w.s.WebMvcTestContextBootstrapper : Loaded default TestExecutionListener class names from location [META-INF/spring.factories]: [org.springframework.boot.test.autoconfigure.restdocs.RestDocsTestExecutionListener, org.springframework.boot.test.autoconfigure.web.client.MockRestServiceServerResetTestExecutionListener, org.springframework.boot.test.autoconfigure.web.servlet.MockMvcPrintOnlyOnFailureTestExecutionListener, org.springframework.boot.test.autoconfigure.web.servlet.WebDriverTestExecutionListener, org.springframework.boot.test.mock.mockito.MockitoTestExecutionListener, org.springframework.boot.test.mock.mockito.ResetMocksTestExecutionListener, org.springframework.test.context.web.ServletTestExecutionListener, org.springframework.test.context.support.DirtiesContextBeforeModesTestExecutionListener, org.springframework.test.context.support.DependencyInjectionTestExecutionListener, org.springframework.test.context.support.DirtiesContextTestExecutionListener, org.springframework.test.context.transaction.TransactionalTestExecutionListener, org.springframework.test.context.jdbc.SqlScriptsTestExecutionListener, org.springframework.test.context.event.EventPublishingTestExecutionListener]
2020-02-26 14:43:21.318  INFO 15892 --- [    Test worker] .b.t.a.w.s.WebMvcTestContextBootstrapper : Using TestExecutionListeners: [org.springframework.test.context.web.ServletTestExecutionListener@43bd6bed, org.springframework.test.context.support.DirtiesContextBeforeModesTestExecutionListener@fbe26b6, org.springframework.boot.test.mock.mockito.MockitoTestExecutionListener@25a61ea8, org.springframework.boot.test.autoconfigure.SpringBootDependencyInjectionTestExecutionListener@76c39b24, org.springframework.test.context.support.DirtiesContextTestExecutionListener@5e096412, org.springframework.test.context.transaction.TransactionalTestExecutionListener@207c62f3, org.springframework.test.context.jdbc.SqlScriptsTestExecutionListener@35ba6b0a, org.springframework.test.context.event.EventPublishingTestExecutionListener@5f4adc22, org.springframework.boot.test.autoconfigure.restdocs.RestDocsTestExecutionListener@4af60a2d, org.springframework.boot.test.autoconfigure.web.client.MockRestServiceServerResetTestExecutionListener@95e827a, org.springframework.boot.test.autoconfigure.web.servlet.MockMvcPrintOnlyOnFailureTestExecutionListener@6fda5a60, org.springframework.boot.test.autoconfigure.web.servlet.WebDriverTestExecutionListener@66783075, org.springframework.boot.test.mock.mockito.ResetMocksTestExecutionListener@1ca5f9f5]

  .   ____          _            __ _ _
 /\\ / ___'_ __ _ _(_)_ __  __ _ \ \ \ \
( ( )\___ | '_ | '_| | '_ \/ _` | \ \ \ \
 \\/  ___)| |_)| | | | | || (_| |  ) ) ) )
  '  |____| .__|_| |_|_| |_\__, | / / / /
 =========|_|==============|___/=/_/_/_/
 :: Spring Boot ::        (v2.2.4.RELEASE)

2020-02-26 14:43:21.359  INFO 15892 --- [    Test worker] c.l.f.controller.UserControllerTest      : Starting UserControllerTest on DESKTOP-F169E3V with PID 15892 (started by lzugaj in H:\lzugaj\workspace\Projects\ForumOverflow)
2020-02-26 14:43:21.359  INFO 15892 --- [    Test worker] c.l.f.controller.UserControllerTest      : No active profile set, falling back to default profiles: default
2020-02-26 14:43:22.229  INFO 15892 --- [    Test worker] o.s.s.concurrent.ThreadPoolTaskExecutor  : Initializing ExecutorService 'applicationTaskExecutor'
2020-02-26 14:43:22.513  INFO 15892 --- [    Test worker] o.s.b.t.m.w.SpringBootMockServletContext : Initializing Spring TestDispatcherServlet ''
2020-02-26 14:43:22.513  INFO 15892 --- [    Test worker] o.s.t.web.servlet.TestDispatcherServlet  : Initializing Servlet ''
2020-02-26 14:43:22.531  INFO 15892 --- [    Test worker] o.s.t.web.servlet.TestDispatcherServlet  : Completed initialization in 18 ms
2020-02-26 14:43:22.546  INFO 15892 --- [    Test worker] c.l.f.controller.UserControllerTest      : Started UserControllerTest in 1.231 seconds (JVM running for 13.623)
2020-02-26 14:43:22.739  INFO 15892 --- [    Test worker] c.l.f.rest.controller.UserController     : Successfully saved User with id: `1`.
]]></system-out>
  <system-err><![CDATA[]]></system-err>
</testsuite>
