<?xml version="1.0" encoding="UTF-8"?>
<testsuite name="com.luv2code.forumoverflow.controller.PostControllerTest" tests="5" skipped="0" failures="0" errors="0" timestamp="2020-02-26T13:43:23" hostname="DESKTOP-F169E3V" time="0.084">
  <properties/>
  <testcase name="testFindAll()" classname="com.luv2code.forumoverflow.controller.PostControllerTest" time="0.026"/>
  <testcase name="testSave()" classname="com.luv2code.forumoverflow.controller.PostControllerTest" time="0.015"/>
  <testcase name="testFindById()" classname="com.luv2code.forumoverflow.controller.PostControllerTest" time="0.011"/>
  <testcase name="testDelete()" classname="com.luv2code.forumoverflow.controller.PostControllerTest" time="0.011"/>
  <testcase name="testUpdate()" classname="com.luv2code.forumoverflow.controller.PostControllerTest" time="0.011"/>
  <system-out><![CDATA[2020-02-26 14:43:22.769  INFO 15892 --- [    Test worker] .b.t.a.w.s.WebMvcTestContextBootstrapper : Neither @ContextConfiguration nor @ContextHierarchy found for test class [com.luv2code.forumoverflow.controller.PostControllerTest], using SpringBootContextLoader
2020-02-26 14:43:22.769  INFO 15892 --- [    Test worker] o.s.t.c.support.AbstractContextLoader    : Could not detect default resource locations for test class [com.luv2code.forumoverflow.controller.PostControllerTest]: no resource found for suffixes {-context.xml, Context.groovy}.
2020-02-26 14:43:22.777  INFO 15892 --- [    Test worker] t.c.s.AnnotationConfigContextLoaderUtils : Could not detect default configuration classes for test class [com.luv2code.forumoverflow.controller.PostControllerTest]: PostControllerTest does not declare any static, non-private, non-final, nested classes annotated with @Configuration.
2020-02-26 14:43:22.779  INFO 15892 --- [    Test worker] .b.t.c.SpringBootTestContextBootstrapper : Found @SpringBootConfiguration com.luv2code.forumoverflow.ForumOverflowApplication for test class com.luv2code.forumoverflow.controller.PostControllerTest
2020-02-26 14:43:22.779  INFO 15892 --- [    Test worker] .b.t.a.w.s.WebMvcTestContextBootstrapper : Loaded default TestExecutionListener class names from location [META-INF/spring.factories]: [org.springframework.boot.test.autoconfigure.restdocs.RestDocsTestExecutionListener, org.springframework.boot.test.autoconfigure.web.client.MockRestServiceServerResetTestExecutionListener, org.springframework.boot.test.autoconfigure.web.servlet.MockMvcPrintOnlyOnFailureTestExecutionListener, org.springframework.boot.test.autoconfigure.web.servlet.WebDriverTestExecutionListener, org.springframework.boot.test.mock.mockito.MockitoTestExecutionListener, org.springframework.boot.test.mock.mockito.ResetMocksTestExecutionListener, org.springframework.test.context.web.ServletTestExecutionListener, org.springframework.test.context.support.DirtiesContextBeforeModesTestExecutionListener, org.springframework.test.context.support.DependencyInjectionTestExecutionListener, org.springframework.test.context.support.DirtiesContextTestExecutionListener, org.springframework.test.context.transaction.TransactionalTestExecutionListener, org.springframework.test.context.jdbc.SqlScriptsTestExecutionListener, org.springframework.test.context.event.EventPublishingTestExecutionListener]
2020-02-26 14:43:22.779  INFO 15892 --- [    Test worker] .b.t.a.w.s.WebMvcTestContextBootstrapper : Using TestExecutionListeners: [org.springframework.test.context.web.ServletTestExecutionListener@3a53b74d, org.springframework.test.context.support.DirtiesContextBeforeModesTestExecutionListener@1467e41a, org.springframework.boot.test.mock.mockito.MockitoTestExecutionListener@767a5996, org.springframework.boot.test.autoconfigure.SpringBootDependencyInjectionTestExecutionListener@74d3a63, org.springframework.test.context.support.DirtiesContextTestExecutionListener@20030c18, org.springframework.test.context.transaction.TransactionalTestExecutionListener@b6f6b36, org.springframework.test.context.jdbc.SqlScriptsTestExecutionListener@2f7d2524, org.springframework.test.context.event.EventPublishingTestExecutionListener@418d9c8a, org.springframework.boot.test.autoconfigure.restdocs.RestDocsTestExecutionListener@79563b6f, org.springframework.boot.test.autoconfigure.web.client.MockRestServiceServerResetTestExecutionListener@990c9a8, org.springframework.boot.test.autoconfigure.web.servlet.MockMvcPrintOnlyOnFailureTestExecutionListener@4f0299bb, org.springframework.boot.test.autoconfigure.web.servlet.WebDriverTestExecutionListener@6246251d, org.springframework.boot.test.mock.mockito.ResetMocksTestExecutionListener@2a83f779]

  .   ____          _            __ _ _
 /\\ / ___'_ __ _ _(_)_ __  __ _ \ \ \ \
( ( )\___ | '_ | '_| | '_ \/ _` | \ \ \ \
 \\/  ___)| |_)| | | | | || (_| |  ) ) ) )
  '  |____| .__|_| |_|_| |_\__, | / / / /
 =========|_|==============|___/=/_/_/_/
 :: Spring Boot ::        (v2.2.4.RELEASE)

2020-02-26 14:43:22.820  INFO 15892 --- [    Test worker] c.l.f.controller.PostControllerTest      : Starting PostControllerTest on DESKTOP-F169E3V with PID 15892 (started by lzugaj in H:\lzugaj\workspace\Projects\ForumOverflow)
2020-02-26 14:43:22.820  INFO 15892 --- [    Test worker] c.l.f.controller.PostControllerTest      : No active profile set, falling back to default profiles: default
2020-02-26 14:43:23.561  INFO 15892 --- [    Test worker] o.s.s.concurrent.ThreadPoolTaskExecutor  : Initializing ExecutorService 'applicationTaskExecutor'
2020-02-26 14:43:23.782  INFO 15892 --- [    Test worker] o.s.b.t.m.w.SpringBootMockServletContext : Initializing Spring TestDispatcherServlet ''
2020-02-26 14:43:23.784  INFO 15892 --- [    Test worker] o.s.t.web.servlet.TestDispatcherServlet  : Initializing Servlet ''
2020-02-26 14:43:23.794  INFO 15892 --- [    Test worker] o.s.t.web.servlet.TestDispatcherServlet  : Completed initialization in 10 ms
2020-02-26 14:43:23.804  INFO 15892 --- [    Test worker] c.l.f.controller.PostControllerTest      : Started PostControllerTest in 1.019 seconds (JVM running for 14.877)
2020-02-26 14:43:23.832  INFO 15892 --- [    Test worker] c.l.f.rest.controller.PostController     : Successfully founded all Posts.
2020-02-26 14:43:23.844  INFO 15892 --- [    Test worker] c.l.f.rest.controller.PostController     : Successfully saved Post with id: `1`.
2020-02-26 14:43:23.863  INFO 15892 --- [    Test worker] c.l.f.rest.controller.PostController     : Successfully founded Post with id: `3`.
2020-02-26 14:43:23.875  INFO 15892 --- [    Test worker] c.l.f.rest.controller.PostController     : Successfully deleted Post with id: `3`.
2020-02-26 14:43:23.885  INFO 15892 --- [    Test worker] c.l.f.rest.controller.PostController     : Successfully updated Post with id: `3`.
]]></system-out>
  <system-err><![CDATA[]]></system-err>
</testsuite>
