<?xml version="1.0" encoding="UTF-8"?>
<testsuite name="com.luv2code.forumoverflow.service.UserServiceImplTest" tests="6" skipped="0" failures="0" errors="0" timestamp="2020-03-01T08:02:51" hostname="DESKTOP-F169E3V" time="0.098">
  <properties/>
  <testcase name="testSaveWhenUserWithEmailAlreadyExistsException()" classname="com.luv2code.forumoverflow.service.UserServiceImplTest" time="0.016"/>
  <testcase name="testFindAll()" classname="com.luv2code.forumoverflow.service.UserServiceImplTest" time="0.006"/>
  <testcase name="testSave()" classname="com.luv2code.forumoverflow.service.UserServiceImplTest" time="0.01"/>
  <testcase name="testSaveWhenUserWithUsernameAlreadyExistsException()" classname="com.luv2code.forumoverflow.service.UserServiceImplTest" time="0.011"/>
  <testcase name="testFindByUsernameEntityNotFoundException()" classname="com.luv2code.forumoverflow.service.UserServiceImplTest" time="0.034"/>
  <testcase name="testFindByUsername()" classname="com.luv2code.forumoverflow.service.UserServiceImplTest" time="0.01"/>
  <system-out><![CDATA[2020-03-01 09:02:51.778  INFO 13968 --- [    Test worker] .b.t.c.SpringBootTestContextBootstrapper : Neither @ContextConfiguration nor @ContextHierarchy found for test class [com.luv2code.forumoverflow.service.UserServiceImplTest], using SpringBootContextLoader
2020-03-01 09:02:51.784  INFO 13968 --- [    Test worker] o.s.t.c.support.AbstractContextLoader    : Could not detect default resource locations for test class [com.luv2code.forumoverflow.service.UserServiceImplTest]: no resource found for suffixes {-context.xml, Context.groovy}.
2020-03-01 09:02:51.784  INFO 13968 --- [    Test worker] t.c.s.AnnotationConfigContextLoaderUtils : Could not detect default configuration classes for test class [com.luv2code.forumoverflow.service.UserServiceImplTest]: UserServiceImplTest does not declare any static, non-private, non-final, nested classes annotated with @Configuration.
2020-03-01 09:02:51.791  INFO 13968 --- [    Test worker] .b.t.c.SpringBootTestContextBootstrapper : Found @SpringBootConfiguration com.luv2code.forumoverflow.ForumOverflowApplication for test class com.luv2code.forumoverflow.service.UserServiceImplTest
2020-03-01 09:02:51.795  INFO 13968 --- [    Test worker] .b.t.c.SpringBootTestContextBootstrapper : Loaded default TestExecutionListener class names from location [META-INF/spring.factories]: [org.springframework.boot.test.autoconfigure.restdocs.RestDocsTestExecutionListener, org.springframework.boot.test.autoconfigure.web.client.MockRestServiceServerResetTestExecutionListener, org.springframework.boot.test.autoconfigure.web.servlet.MockMvcPrintOnlyOnFailureTestExecutionListener, org.springframework.boot.test.autoconfigure.web.servlet.WebDriverTestExecutionListener, org.springframework.boot.test.mock.mockito.MockitoTestExecutionListener, org.springframework.boot.test.mock.mockito.ResetMocksTestExecutionListener, org.springframework.test.context.web.ServletTestExecutionListener, org.springframework.test.context.support.DirtiesContextBeforeModesTestExecutionListener, org.springframework.test.context.support.DependencyInjectionTestExecutionListener, org.springframework.test.context.support.DirtiesContextTestExecutionListener, org.springframework.test.context.transaction.TransactionalTestExecutionListener, org.springframework.test.context.jdbc.SqlScriptsTestExecutionListener]
2020-03-01 09:02:51.796  INFO 13968 --- [    Test worker] .b.t.c.SpringBootTestContextBootstrapper : Using TestExecutionListeners: [org.springframework.test.context.web.ServletTestExecutionListener@3b121692, org.springframework.test.context.support.DirtiesContextBeforeModesTestExecutionListener@5027241f, org.springframework.boot.test.mock.mockito.MockitoTestExecutionListener@381d1b45, org.springframework.boot.test.autoconfigure.SpringBootDependencyInjectionTestExecutionListener@7c927fa5, org.springframework.test.context.support.DirtiesContextTestExecutionListener@571f4023, org.springframework.test.context.transaction.TransactionalTestExecutionListener@3ef18103, org.springframework.test.context.jdbc.SqlScriptsTestExecutionListener@6ee672ab, org.springframework.boot.test.autoconfigure.restdocs.RestDocsTestExecutionListener@1e65785, org.springframework.boot.test.autoconfigure.web.client.MockRestServiceServerResetTestExecutionListener@2cd501c2, org.springframework.boot.test.autoconfigure.web.servlet.MockMvcPrintOnlyOnFailureTestExecutionListener@1e9e74c2, org.springframework.boot.test.autoconfigure.web.servlet.WebDriverTestExecutionListener@43302e90, org.springframework.boot.test.mock.mockito.ResetMocksTestExecutionListener@70d9130c]
2020-03-01 09:02:51.881  INFO 13968 --- [    Test worker] c.l.f.service.impl.UserServiceImpl       : Searching all Users.
2020-03-01 09:02:51.882  INFO 13968 --- [    Test worker] c.l.f.service.impl.UserServiceImpl       : Searching all Users.
2020-03-01 09:02:51.882  INFO 13968 --- [    Test worker] c.l.f.service.impl.UserServiceImpl       : User with email(`palsi@gmail.com`) already exists.
2020-03-01 09:02:51.892  INFO 13968 --- [    Test worker] c.l.f.service.impl.UserServiceImpl       : Searching all Users.
2020-03-01 09:02:51.900  INFO 13968 --- [    Test worker] c.l.f.service.impl.UserServiceImpl       : Searching all Users.
2020-03-01 09:02:51.900  INFO 13968 --- [    Test worker] c.l.f.service.impl.UserServiceImpl       : Searching all Users.
2020-03-01 09:02:51.900  INFO 13968 --- [    Test worker] c.l.f.service.impl.UserServiceImpl       : Saving User with id: `1`.
2020-03-01 09:02:51.917  INFO 13968 --- [    Test worker] c.l.f.service.impl.UserServiceImpl       : Searching all Users.
2020-03-01 09:02:51.918  INFO 13968 --- [    Test worker] c.l.f.service.impl.UserServiceImpl       : User with username(´palsi´) already exists.
2020-03-01 09:02:51.964  INFO 13968 --- [    Test worker] c.l.f.service.impl.UserServiceImpl       : Searching User with username: `palsi`.
]]></system-out>
  <system-err><![CDATA[]]></system-err>
</testsuite>
