<?xml version="1.0" encoding="UTF-8"?>
<testsuite name="com.luv2code.forumoverflow.ForumOverflowApplicationTests" tests="1" skipped="0" failures="0" errors="0" timestamp="2020-03-15T15:59:31" hostname="DESKTOP-F169E3V" time="0.008">
  <properties/>
  <testcase name="contextLoads()" classname="com.luv2code.forumoverflow.ForumOverflowApplicationTests" time="0.008"/>
  <system-out><![CDATA[2020-03-15 16:59:31.528  INFO 16220 --- [    Test worker] .b.t.c.SpringBootTestContextBootstrapper : Neither @ContextConfiguration nor @ContextHierarchy found for test class [com.luv2code.forumoverflow.ForumOverflowApplicationTests], using SpringBootContextLoader
2020-03-15 16:59:31.528  INFO 16220 --- [    Test worker] o.s.t.c.support.AbstractContextLoader    : Could not detect default resource locations for test class [com.luv2code.forumoverflow.ForumOverflowApplicationTests]: no resource found for suffixes {-context.xml, Context.groovy}.
2020-03-15 16:59:31.528  INFO 16220 --- [    Test worker] t.c.s.AnnotationConfigContextLoaderUtils : Could not detect default configuration classes for test class [com.luv2code.forumoverflow.ForumOverflowApplicationTests]: ForumOverflowApplicationTests does not declare any static, non-private, non-final, nested classes annotated with @Configuration.
2020-03-15 16:59:31.606  INFO 16220 --- [    Test worker] .b.t.c.SpringBootTestContextBootstrapper : Found @SpringBootConfiguration com.luv2code.forumoverflow.ForumOverflowApplication for test class com.luv2code.forumoverflow.ForumOverflowApplicationTests
2020-03-15 16:59:31.621  INFO 16220 --- [    Test worker] .b.t.c.SpringBootTestContextBootstrapper : Loaded default TestExecutionListener class names from location [META-INF/spring.factories]: [org.springframework.boot.test.autoconfigure.restdocs.RestDocsTestExecutionListener, org.springframework.boot.test.autoconfigure.web.client.MockRestServiceServerResetTestExecutionListener, org.springframework.boot.test.autoconfigure.web.servlet.MockMvcPrintOnlyOnFailureTestExecutionListener, org.springframework.boot.test.autoconfigure.web.servlet.WebDriverTestExecutionListener, org.springframework.boot.test.mock.mockito.MockitoTestExecutionListener, org.springframework.boot.test.mock.mockito.ResetMocksTestExecutionListener, org.springframework.test.context.web.ServletTestExecutionListener, org.springframework.test.context.support.DirtiesContextBeforeModesTestExecutionListener, org.springframework.test.context.support.DependencyInjectionTestExecutionListener, org.springframework.test.context.support.DirtiesContextTestExecutionListener, org.springframework.test.context.transaction.TransactionalTestExecutionListener, org.springframework.test.context.jdbc.SqlScriptsTestExecutionListener]
2020-03-15 16:59:31.621  INFO 16220 --- [    Test worker] .b.t.c.SpringBootTestContextBootstrapper : Using TestExecutionListeners: [org.springframework.test.context.web.ServletTestExecutionListener@1e8155e, org.springframework.test.context.support.DirtiesContextBeforeModesTestExecutionListener@200196db, org.springframework.boot.test.mock.mockito.MockitoTestExecutionListener@1b552448, org.springframework.boot.test.autoconfigure.SpringBootDependencyInjectionTestExecutionListener@34fd9ccb, org.springframework.test.context.support.DirtiesContextTestExecutionListener@757e3def, org.springframework.test.context.transaction.TransactionalTestExecutionListener@5965dad5, org.springframework.test.context.jdbc.SqlScriptsTestExecutionListener@6b20c2d5, org.springframework.boot.test.autoconfigure.restdocs.RestDocsTestExecutionListener@33e310be, org.springframework.boot.test.autoconfigure.web.client.MockRestServiceServerResetTestExecutionListener@3776d268, org.springframework.boot.test.autoconfigure.web.servlet.MockMvcPrintOnlyOnFailureTestExecutionListener@40b20521, org.springframework.boot.test.autoconfigure.web.servlet.WebDriverTestExecutionListener@2de94188, org.springframework.boot.test.mock.mockito.ResetMocksTestExecutionListener@624d26b]
]]></system-out>
  <system-err><![CDATA[]]></system-err>
</testsuite>
