<?xml version="1.0" encoding="UTF-8"?>
<testsuite name="com.luv2code.forumoverflow.controller.UserControllerTest" tests="1" skipped="0" failures="0" errors="0" timestamp="2020-03-01T08:02:39" hostname="DESKTOP-F169E3V" time="0.018">
  <properties/>
  <testcase name="testSave()" classname="com.luv2code.forumoverflow.controller.UserControllerTest" time="0.018"/>
  <system-out><![CDATA[2020-03-01 09:02:37.982  INFO 13968 --- [    Test worker] .b.t.a.w.s.WebMvcTestContextBootstrapper : Neither @ContextConfiguration nor @ContextHierarchy found for test class [com.luv2code.forumoverflow.controller.UserControllerTest], using SpringBootContextLoader
2020-03-01 09:02:37.986  INFO 13968 --- [    Test worker] o.s.t.c.support.AbstractContextLoader    : Could not detect default resource locations for test class [com.luv2code.forumoverflow.controller.UserControllerTest]: no resource found for suffixes {-context.xml, Context.groovy}.
2020-03-01 09:02:37.986  INFO 13968 --- [    Test worker] t.c.s.AnnotationConfigContextLoaderUtils : Could not detect default configuration classes for test class [com.luv2code.forumoverflow.controller.UserControllerTest]: UserControllerTest does not declare any static, non-private, non-final, nested classes annotated with @Configuration.
2020-03-01 09:02:37.996  INFO 13968 --- [    Test worker] .b.t.c.SpringBootTestContextBootstrapper : Found @SpringBootConfiguration com.luv2code.forumoverflow.ForumOverflowApplication for test class com.luv2code.forumoverflow.controller.UserControllerTest
2020-03-01 09:02:37.997  INFO 13968 --- [    Test worker] .b.t.a.w.s.WebMvcTestContextBootstrapper : Loaded default TestExecutionListener class names from location [META-INF/spring.factories]: [org.springframework.boot.test.autoconfigure.restdocs.RestDocsTestExecutionListener, org.springframework.boot.test.autoconfigure.web.client.MockRestServiceServerResetTestExecutionListener, org.springframework.boot.test.autoconfigure.web.servlet.MockMvcPrintOnlyOnFailureTestExecutionListener, org.springframework.boot.test.autoconfigure.web.servlet.WebDriverTestExecutionListener, org.springframework.boot.test.mock.mockito.MockitoTestExecutionListener, org.springframework.boot.test.mock.mockito.ResetMocksTestExecutionListener, org.springframework.test.context.web.ServletTestExecutionListener, org.springframework.test.context.support.DirtiesContextBeforeModesTestExecutionListener, org.springframework.test.context.support.DependencyInjectionTestExecutionListener, org.springframework.test.context.support.DirtiesContextTestExecutionListener, org.springframework.test.context.transaction.TransactionalTestExecutionListener, org.springframework.test.context.jdbc.SqlScriptsTestExecutionListener]
2020-03-01 09:02:37.998  INFO 13968 --- [    Test worker] .b.t.a.w.s.WebMvcTestContextBootstrapper : Using TestExecutionListeners: [org.springframework.test.context.web.ServletTestExecutionListener@42c5ff80, org.springframework.test.context.support.DirtiesContextBeforeModesTestExecutionListener@12fa7507, org.springframework.boot.test.mock.mockito.MockitoTestExecutionListener@27887c65, org.springframework.boot.test.autoconfigure.SpringBootDependencyInjectionTestExecutionListener@57158556, org.springframework.test.context.support.DirtiesContextTestExecutionListener@3ac159cb, org.springframework.test.context.transaction.TransactionalTestExecutionListener@7bd241d9, org.springframework.test.context.jdbc.SqlScriptsTestExecutionListener@1fdd7192, org.springframework.boot.test.autoconfigure.restdocs.RestDocsTestExecutionListener@6499780a, org.springframework.boot.test.autoconfigure.web.client.MockRestServiceServerResetTestExecutionListener@54a67a53, org.springframework.boot.test.autoconfigure.web.servlet.MockMvcPrintOnlyOnFailureTestExecutionListener@3d932597, org.springframework.boot.test.autoconfigure.web.servlet.WebDriverTestExecutionListener@49368256, org.springframework.boot.test.mock.mockito.ResetMocksTestExecutionListener@66c0fa52]

  .   ____          _            __ _ _
 /\\ / ___'_ __ _ _(_)_ __  __ _ \ \ \ \
( ( )\___ | '_ | '_| | '_ \/ _` | \ \ \ \
 \\/  ___)| |_)| | | | | || (_| |  ) ) ) )
  '  |____| .__|_| |_|_| |_\__, | / / / /
 =========|_|==============|___/=/_/_/_/
 :: Spring Boot ::        (v2.1.0.RELEASE)

2020-03-01 09:02:38.059  INFO 13968 --- [    Test worker] c.l.f.controller.UserControllerTest      : Starting UserControllerTest on DESKTOP-F169E3V with PID 13968 (started by lzugaj in H:\lzugaj\workspace\Projects\ForumOverflow)
2020-03-01 09:02:38.060  INFO 13968 --- [    Test worker] c.l.f.controller.UserControllerTest      : No active profile set, falling back to default profiles: default
2020-03-01 09:02:39.382  INFO 13968 --- [    Test worker] trationDelegate$BeanPostProcessorChecker : Bean 'org.springframework.hateoas.config.HateoasConfiguration' of type [org.springframework.hateoas.config.HateoasConfiguration$$EnhancerBySpringCGLIB$$730838b4] is not eligible for getting processed by all BeanPostProcessors (for example: not eligible for auto-proxying)
2020-03-01 09:02:39.671  INFO 13968 --- [    Test worker] o.s.s.concurrent.ThreadPoolTaskExecutor  : Initializing ExecutorService 'applicationTaskExecutor'
2020-03-01 09:02:39.908  INFO 13968 --- [    Test worker] o.s.b.t.m.w.SpringBootMockServletContext : Initializing Spring TestDispatcherServlet ''
2020-03-01 09:02:39.909  INFO 13968 --- [    Test worker] o.s.t.web.servlet.TestDispatcherServlet  : Initializing Servlet ''
2020-03-01 09:02:39.926  INFO 13968 --- [    Test worker] o.s.t.web.servlet.TestDispatcherServlet  : Completed initialization in 17 ms
2020-03-01 09:02:39.962  INFO 13968 --- [    Test worker] c.l.f.controller.UserControllerTest      : Started UserControllerTest in 1.959 seconds (JVM running for 9.056)
2020-03-01 09:02:39.981  INFO 13968 --- [    Test worker] c.l.f.rest.controller.UserController     : Successfully saved User with id: `1`.
]]></system-out>
  <system-err><![CDATA[]]></system-err>
</testsuite>
