<?xml version="1.0" encoding="UTF-8"?>
<testsuite name="com.luv2code.forumoverflow.service.UserServiceImplTest" tests="14" skipped="0" failures="0" errors="0" timestamp="2020-03-22T22:19:37" hostname="lzugaj" time="0.088">
  <properties/>
  <testcase name="testIsUsernameAlreadyUsedReturnsTrue()" classname="com.luv2code.forumoverflow.service.UserServiceImplTest" time="0.005"/>
  <testcase name="testIsEmailAlreadyUsedReturnsFalse()" classname="com.luv2code.forumoverflow.service.UserServiceImplTest" time="0.005"/>
  <testcase name="testFindAll()" classname="com.luv2code.forumoverflow.service.UserServiceImplTest" time="0.005"/>
  <testcase name="testSave()" classname="com.luv2code.forumoverflow.service.UserServiceImplTest" time="0.005"/>
  <testcase name="testUpdateUserStatus()" classname="com.luv2code.forumoverflow.service.UserServiceImplTest" time="0.005"/>
  <testcase name="testFindByUsernameEntityNotFoundException()" classname="com.luv2code.forumoverflow.service.UserServiceImplTest" time="0.008"/>
  <testcase name="testIsUsernameAlreadyUsedReturnsFalse()" classname="com.luv2code.forumoverflow.service.UserServiceImplTest" time="0.004"/>
  <testcase name="testFindById()" classname="com.luv2code.forumoverflow.service.UserServiceImplTest" time="0.005"/>
  <testcase name="testFindByUsername()" classname="com.luv2code.forumoverflow.service.UserServiceImplTest" time="0.004"/>
  <testcase name="testFindByIdNullPointerException()" classname="com.luv2code.forumoverflow.service.UserServiceImplTest" time="0.005"/>
  <testcase name="testIsEmailAlreadyUsedReturnsTrue()" classname="com.luv2code.forumoverflow.service.UserServiceImplTest" time="0.005"/>
  <testcase name="testFindAllThatContainsUsername()" classname="com.luv2code.forumoverflow.service.UserServiceImplTest" time="0.004"/>
  <testcase name="testDelete()" classname="com.luv2code.forumoverflow.service.UserServiceImplTest" time="0.005"/>
  <testcase name="testUpdate()" classname="com.luv2code.forumoverflow.service.UserServiceImplTest" time="0.004"/>
  <system-out><![CDATA[2020-03-22 23:19:37.539  INFO 16760 --- [    Test worker] .b.t.c.SpringBootTestContextBootstrapper : Neither @ContextConfiguration nor @ContextHierarchy found for test class [com.luv2code.forumoverflow.service.UserServiceImplTest], using SpringBootContextLoader
2020-03-22 23:19:37.540  INFO 16760 --- [    Test worker] o.s.t.c.support.AbstractContextLoader    : Could not detect default resource locations for test class [com.luv2code.forumoverflow.service.UserServiceImplTest]: no resource found for suffixes {-context.xml, Context.groovy}.
2020-03-22 23:19:37.541  INFO 16760 --- [    Test worker] t.c.s.AnnotationConfigContextLoaderUtils : Could not detect default configuration classes for test class [com.luv2code.forumoverflow.service.UserServiceImplTest]: UserServiceImplTest does not declare any static, non-private, non-final, nested classes annotated with @Configuration.
2020-03-22 23:19:37.544  INFO 16760 --- [    Test worker] .b.t.c.SpringBootTestContextBootstrapper : Found @SpringBootConfiguration com.luv2code.forumoverflow.ForumOverflowApplication for test class com.luv2code.forumoverflow.service.UserServiceImplTest
2020-03-22 23:19:37.547  INFO 16760 --- [    Test worker] .b.t.c.SpringBootTestContextBootstrapper : Loaded default TestExecutionListener class names from location [META-INF/spring.factories]: [org.springframework.boot.test.autoconfigure.restdocs.RestDocsTestExecutionListener, org.springframework.boot.test.autoconfigure.web.client.MockRestServiceServerResetTestExecutionListener, org.springframework.boot.test.autoconfigure.web.servlet.MockMvcPrintOnlyOnFailureTestExecutionListener, org.springframework.boot.test.autoconfigure.web.servlet.WebDriverTestExecutionListener, org.springframework.boot.test.mock.mockito.MockitoTestExecutionListener, org.springframework.boot.test.mock.mockito.ResetMocksTestExecutionListener, org.springframework.test.context.web.ServletTestExecutionListener, org.springframework.test.context.support.DirtiesContextBeforeModesTestExecutionListener, org.springframework.test.context.support.DependencyInjectionTestExecutionListener, org.springframework.test.context.support.DirtiesContextTestExecutionListener, org.springframework.test.context.transaction.TransactionalTestExecutionListener, org.springframework.test.context.jdbc.SqlScriptsTestExecutionListener]
2020-03-22 23:19:37.548  INFO 16760 --- [    Test worker] .b.t.c.SpringBootTestContextBootstrapper : Using TestExecutionListeners: [org.springframework.test.context.web.ServletTestExecutionListener@2b6207c9, org.springframework.test.context.support.DirtiesContextBeforeModesTestExecutionListener@5d35595, org.springframework.boot.test.mock.mockito.MockitoTestExecutionListener@6130d543, org.springframework.boot.test.autoconfigure.SpringBootDependencyInjectionTestExecutionListener@200d8d3f, org.springframework.test.context.support.DirtiesContextTestExecutionListener@1b6a9ab8, org.springframework.test.context.transaction.TransactionalTestExecutionListener@40a1bbd, org.springframework.test.context.jdbc.SqlScriptsTestExecutionListener@63f74cb2, org.springframework.boot.test.autoconfigure.restdocs.RestDocsTestExecutionListener@2fdf5186, org.springframework.boot.test.autoconfigure.web.client.MockRestServiceServerResetTestExecutionListener@602fb19f, org.springframework.boot.test.autoconfigure.web.servlet.MockMvcPrintOnlyOnFailureTestExecutionListener@34ac99d4, org.springframework.boot.test.autoconfigure.web.servlet.WebDriverTestExecutionListener@6de7d12f, org.springframework.boot.test.mock.mockito.ResetMocksTestExecutionListener@3861fe74]
2020-03-22 23:19:37.617  INFO 16760 --- [    Test worker] c.l.f.service.impl.UserServiceImpl       : Searching all Users.
2020-03-22 23:19:37.624  INFO 16760 --- [    Test worker] c.l.f.service.impl.UserServiceImpl       : Searching all Users.
2020-03-22 23:19:37.630  INFO 16760 --- [    Test worker] c.l.f.service.impl.UserServiceImpl       : Searching all Users.
2020-03-22 23:19:37.636  INFO 16760 --- [    Test worker] c.l.f.service.impl.UserServiceImpl       : Successfully founded User status with name: `ACTIVE`.
2020-03-22 23:19:37.637  INFO 16760 --- [    Test worker] c.l.f.service.impl.UserServiceImpl       : Saving User with id: `1`.
2020-03-22 23:19:37.643  INFO 16760 --- [    Test worker] c.l.f.service.impl.UserServiceImpl       : Change status for User `lzugaj` to `BLOCKED`
2020-03-22 23:19:37.643  INFO 16760 --- [    Test worker] c.l.f.service.impl.UserServiceImpl       : Updating User with id: `1`.
2020-03-22 23:19:37.660  INFO 16760 --- [    Test worker] c.l.f.service.impl.UserServiceImpl       : Searching all Users.
2020-03-22 23:19:37.665  INFO 16760 --- [    Test worker] c.l.f.service.impl.UserServiceImpl       : Searching User with id: `1`
2020-03-22 23:19:37.670  INFO 16760 --- [    Test worker] c.l.f.service.impl.UserServiceImpl       : Searching User with username: `dtorma`.
2020-03-22 23:19:37.682  INFO 16760 --- [    Test worker] c.l.f.service.impl.UserServiceImpl       : Searching all Users.
2020-03-22 23:19:37.687  INFO 16760 --- [    Test worker] c.l.f.service.impl.UserServiceImpl       : Searching all Users.
2020-03-22 23:19:37.688  INFO 16760 --- [    Test worker] c.l.f.service.impl.UserServiceImpl       : Searching all Users that contains `zug` in username.
2020-03-22 23:19:37.693  INFO 16760 --- [    Test worker] c.l.f.service.impl.UserServiceImpl       : Deleting User with id: `1`.
2020-03-22 23:19:37.700  INFO 16760 --- [    Test worker] c.l.f.service.impl.UserServiceImpl       : Setting up variables for updated User with id: `1`
2020-03-22 23:19:37.701  INFO 16760 --- [    Test worker] c.l.f.service.impl.UserServiceImpl       : Updating User with id: `1`.
]]></system-out>
  <system-err><![CDATA[]]></system-err>
</testsuite>
