<?xml version="1.0" encoding="UTF-8"?>
<testsuite name="com.luv2code.forumoverflow.service.PostServiceImplTest" tests="9" skipped="0" failures="0" errors="0" timestamp="2020-03-15T15:59:30" hostname="DESKTOP-F169E3V" time="0.114">
  <properties/>
  <testcase name="testUpdateEntityNotFoundException()" classname="com.luv2code.forumoverflow.service.PostServiceImplTest" time="0.009"/>
  <testcase name="testFindAllByUsername()" classname="com.luv2code.forumoverflow.service.PostServiceImplTest" time="0.009"/>
  <testcase name="testFindAll()" classname="com.luv2code.forumoverflow.service.PostServiceImplTest" time="0.01"/>
  <testcase name="testSave()" classname="com.luv2code.forumoverflow.service.PostServiceImplTest" time="0.009"/>
  <testcase name="testFindById()" classname="com.luv2code.forumoverflow.service.PostServiceImplTest" time="0.009"/>
  <testcase name="testFindByIdEntityNotFoundException()" classname="com.luv2code.forumoverflow.service.PostServiceImplTest" time="0.008"/>
  <testcase name="testDeleteEntityNotFoundException()" classname="com.luv2code.forumoverflow.service.PostServiceImplTest" time="0.009"/>
  <testcase name="testDelete()" classname="com.luv2code.forumoverflow.service.PostServiceImplTest" time="0.009"/>
  <testcase name="testUpdate()" classname="com.luv2code.forumoverflow.service.PostServiceImplTest" time="0.015"/>
  <system-out><![CDATA[2020-03-15 16:59:30.840  INFO 16220 --- [    Test worker] .b.t.c.SpringBootTestContextBootstrapper : Neither @ContextConfiguration nor @ContextHierarchy found for test class [com.luv2code.forumoverflow.service.PostServiceImplTest], using SpringBootContextLoader
2020-03-15 16:59:30.840  INFO 16220 --- [    Test worker] o.s.t.c.support.AbstractContextLoader    : Could not detect default resource locations for test class [com.luv2code.forumoverflow.service.PostServiceImplTest]: no resource found for suffixes {-context.xml, Context.groovy}.
2020-03-15 16:59:30.840  INFO 16220 --- [    Test worker] t.c.s.AnnotationConfigContextLoaderUtils : Could not detect default configuration classes for test class [com.luv2code.forumoverflow.service.PostServiceImplTest]: PostServiceImplTest does not declare any static, non-private, non-final, nested classes annotated with @Configuration.
2020-03-15 16:59:30.840  INFO 16220 --- [    Test worker] .b.t.c.SpringBootTestContextBootstrapper : Found @SpringBootConfiguration com.luv2code.forumoverflow.ForumOverflowApplication for test class com.luv2code.forumoverflow.service.PostServiceImplTest
2020-03-15 16:59:30.840  INFO 16220 --- [    Test worker] .b.t.c.SpringBootTestContextBootstrapper : Loaded default TestExecutionListener class names from location [META-INF/spring.factories]: [org.springframework.boot.test.autoconfigure.restdocs.RestDocsTestExecutionListener, org.springframework.boot.test.autoconfigure.web.client.MockRestServiceServerResetTestExecutionListener, org.springframework.boot.test.autoconfigure.web.servlet.MockMvcPrintOnlyOnFailureTestExecutionListener, org.springframework.boot.test.autoconfigure.web.servlet.WebDriverTestExecutionListener, org.springframework.boot.test.mock.mockito.MockitoTestExecutionListener, org.springframework.boot.test.mock.mockito.ResetMocksTestExecutionListener, org.springframework.test.context.web.ServletTestExecutionListener, org.springframework.test.context.support.DirtiesContextBeforeModesTestExecutionListener, org.springframework.test.context.support.DependencyInjectionTestExecutionListener, org.springframework.test.context.support.DirtiesContextTestExecutionListener, org.springframework.test.context.transaction.TransactionalTestExecutionListener, org.springframework.test.context.jdbc.SqlScriptsTestExecutionListener]
2020-03-15 16:59:30.840  INFO 16220 --- [    Test worker] .b.t.c.SpringBootTestContextBootstrapper : Using TestExecutionListeners: [org.springframework.test.context.web.ServletTestExecutionListener@298ea3e1, org.springframework.test.context.support.DirtiesContextBeforeModesTestExecutionListener@7f014a3, org.springframework.boot.test.mock.mockito.MockitoTestExecutionListener@b5b7f8b, org.springframework.boot.test.autoconfigure.SpringBootDependencyInjectionTestExecutionListener@40a4d86e, org.springframework.test.context.support.DirtiesContextTestExecutionListener@1c69fa30, org.springframework.test.context.transaction.TransactionalTestExecutionListener@1b3bb012, org.springframework.test.context.jdbc.SqlScriptsTestExecutionListener@4bcc23d9, org.springframework.boot.test.autoconfigure.restdocs.RestDocsTestExecutionListener@2d4df566, org.springframework.boot.test.autoconfigure.web.client.MockRestServiceServerResetTestExecutionListener@7e263285, org.springframework.boot.test.autoconfigure.web.servlet.MockMvcPrintOnlyOnFailureTestExecutionListener@38dbb673, org.springframework.boot.test.autoconfigure.web.servlet.WebDriverTestExecutionListener@12a3985a, org.springframework.boot.test.mock.mockito.ResetMocksTestExecutionListener@5007b9ad]
2020-03-15 16:59:30.965  INFO 16220 --- [    Test worker] c.l.f.service.impl.PostServiceImpl       : Searching all Posts.
2020-03-15 16:59:30.965  INFO 16220 --- [    Test worker] c.l.f.service.impl.PostServiceImpl       : Searching all Posts for User with username: `dtorma`.
2020-03-15 16:59:30.981  INFO 16220 --- [    Test worker] c.l.f.service.impl.PostServiceImpl       : Searching all Posts.
2020-03-15 16:59:30.997  INFO 16220 --- [    Test worker] c.l.f.service.impl.PostServiceImpl       : Successfully founded User with username: `azugaj`.
2020-03-15 16:59:30.997  INFO 16220 --- [    Test worker] c.l.f.service.impl.PostServiceImpl       : Successfully founded Category with id: `1`.
2020-03-15 16:59:30.997  INFO 16220 --- [    Test worker] c.l.f.service.impl.PostServiceImpl       : Saving Post with id: `1`.
2020-03-15 16:59:30.997  INFO 16220 --- [    Test worker] c.l.f.service.impl.PostServiceImpl       : Setting Post to selected Category with id: ´1´.
2020-03-15 16:59:31.012  INFO 16220 --- [    Test worker] c.l.f.service.impl.PostServiceImpl       : Searching Post with id: `1`.
2020-03-15 16:59:31.043  INFO 16220 --- [    Test worker] c.l.f.service.impl.PostServiceImpl       : Searching Post with id: `1`.
2020-03-15 16:59:31.043  INFO 16220 --- [    Test worker] c.l.f.service.impl.PostServiceImpl       : Successfully founded Post with id: `1`.
2020-03-15 16:59:31.043  INFO 16220 --- [    Test worker] c.l.f.service.impl.PostServiceImpl       : Deleting Post with id: `1`.
2020-03-15 16:59:31.059  INFO 16220 --- [    Test worker] c.l.f.service.impl.PostServiceImpl       : Searching Post with id: `1`.
2020-03-15 16:59:31.059  INFO 16220 --- [    Test worker] c.l.f.service.impl.PostServiceImpl       : Successfully founded Post with id: `1`.
2020-03-15 16:59:31.059  INFO 16220 --- [    Test worker] c.l.f.service.impl.PostServiceImpl       : Updating Post with id: `1`.
]]></system-out>
  <system-err><![CDATA[]]></system-err>
</testsuite>
