<?xml version="1.0" encoding="UTF-8"?>
<testsuite name="com.luv2code.forumoverflow.ForumOverflowApplicationTests" tests="1" skipped="0" failures="0" errors="0" timestamp="2020-02-26T13:43:21" hostname="DESKTOP-F169E3V" time="0.089">
  <properties/>
  <testcase name="contextLoads()" classname="com.luv2code.forumoverflow.ForumOverflowApplicationTests" time="0.089"/>
  <system-out><![CDATA[14:43:10.596 [Test worker] DEBUG org.springframework.test.context.BootstrapUtils - Instantiating CacheAwareContextLoaderDelegate from class [org.springframework.test.context.cache.DefaultCacheAwareContextLoaderDelegate]
14:43:10.643 [Test worker] DEBUG org.springframework.test.context.BootstrapUtils - Instantiating BootstrapContext using constructor [public org.springframework.test.context.support.DefaultBootstrapContext(java.lang.Class,org.springframework.test.context.CacheAwareContextLoaderDelegate)]
14:43:10.721 [Test worker] DEBUG org.springframework.test.context.BootstrapUtils - Instantiating TestContextBootstrapper for test class [com.luv2code.forumoverflow.ForumOverflowApplicationTests] from class [org.springframework.boot.test.context.SpringBootTestContextBootstrapper]
14:43:10.752 [Test worker] INFO org.springframework.boot.test.context.SpringBootTestContextBootstrapper - Neither @ContextConfiguration nor @ContextHierarchy found for test class [com.luv2code.forumoverflow.ForumOverflowApplicationTests], using SpringBootContextLoader
14:43:10.768 [Test worker] DEBUG org.springframework.test.context.support.AbstractContextLoader - Did not detect default resource location for test class [com.luv2code.forumoverflow.ForumOverflowApplicationTests]: class path resource [com/luv2code/forumoverflow/ForumOverflowApplicationTests-context.xml] does not exist
14:43:10.768 [Test worker] DEBUG org.springframework.test.context.support.AbstractContextLoader - Did not detect default resource location for test class [com.luv2code.forumoverflow.ForumOverflowApplicationTests]: class path resource [com/luv2code/forumoverflow/ForumOverflowApplicationTestsContext.groovy] does not exist
14:43:10.768 [Test worker] INFO org.springframework.test.context.support.AbstractContextLoader - Could not detect default resource locations for test class [com.luv2code.forumoverflow.ForumOverflowApplicationTests]: no resource found for suffixes {-context.xml, Context.groovy}.
14:43:10.768 [Test worker] INFO org.springframework.test.context.support.AnnotationConfigContextLoaderUtils - Could not detect default configuration classes for test class [com.luv2code.forumoverflow.ForumOverflowApplicationTests]: ForumOverflowApplicationTests does not declare any static, non-private, non-final, nested classes annotated with @Configuration.
14:43:10.846 [Test worker] DEBUG org.springframework.test.context.support.ActiveProfilesUtils - Could not find an 'annotation declaring class' for annotation type [org.springframework.test.context.ActiveProfiles] and class [com.luv2code.forumoverflow.ForumOverflowApplicationTests]
14:43:11.018 [Test worker] DEBUG org.springframework.context.annotation.ClassPathScanningCandidateComponentProvider - Identified candidate component class: file [H:\lzugaj\workspace\Projects\ForumOverflow\build\classes\java\main\com\luv2code\forumoverflow\ForumOverflowApplication.class]
14:43:11.018 [Test worker] INFO org.springframework.boot.test.context.SpringBootTestContextBootstrapper - Found @SpringBootConfiguration com.luv2code.forumoverflow.ForumOverflowApplication for test class com.luv2code.forumoverflow.ForumOverflowApplicationTests
14:43:11.236 [Test worker] DEBUG org.springframework.boot.test.context.SpringBootTestContextBootstrapper - @TestExecutionListeners is not present for class [com.luv2code.forumoverflow.ForumOverflowApplicationTests]: using defaults.
14:43:11.236 [Test worker] INFO org.springframework.boot.test.context.SpringBootTestContextBootstrapper - Loaded default TestExecutionListener class names from location [META-INF/spring.factories]: [org.springframework.boot.test.autoconfigure.restdocs.RestDocsTestExecutionListener, org.springframework.boot.test.autoconfigure.web.client.MockRestServiceServerResetTestExecutionListener, org.springframework.boot.test.autoconfigure.web.servlet.MockMvcPrintOnlyOnFailureTestExecutionListener, org.springframework.boot.test.autoconfigure.web.servlet.WebDriverTestExecutionListener, org.springframework.boot.test.mock.mockito.MockitoTestExecutionListener, org.springframework.boot.test.mock.mockito.ResetMocksTestExecutionListener, org.springframework.test.context.web.ServletTestExecutionListener, org.springframework.test.context.support.DirtiesContextBeforeModesTestExecutionListener, org.springframework.test.context.support.DependencyInjectionTestExecutionListener, org.springframework.test.context.support.DirtiesContextTestExecutionListener, org.springframework.test.context.transaction.TransactionalTestExecutionListener, org.springframework.test.context.jdbc.SqlScriptsTestExecutionListener, org.springframework.test.context.event.EventPublishingTestExecutionListener]
14:43:11.283 [Test worker] INFO org.springframework.boot.test.context.SpringBootTestContextBootstrapper - Using TestExecutionListeners: [org.springframework.test.context.web.ServletTestExecutionListener@2ec79429, org.springframework.test.context.support.DirtiesContextBeforeModesTestExecutionListener@6716a915, org.springframework.boot.test.mock.mockito.MockitoTestExecutionListener@176f5073, org.springframework.boot.test.autoconfigure.SpringBootDependencyInjectionTestExecutionListener@5d98e3d0, org.springframework.test.context.support.DirtiesContextTestExecutionListener@4fec4296, org.springframework.test.context.transaction.TransactionalTestExecutionListener@1de0047f, org.springframework.test.context.jdbc.SqlScriptsTestExecutionListener@70613378, org.springframework.test.context.event.EventPublishingTestExecutionListener@6afdc8c7, org.springframework.boot.test.autoconfigure.restdocs.RestDocsTestExecutionListener@47a8dffc, org.springframework.boot.test.autoconfigure.web.client.MockRestServiceServerResetTestExecutionListener@5af6e88a, org.springframework.boot.test.autoconfigure.web.servlet.MockMvcPrintOnlyOnFailureTestExecutionListener@23f5fa5f, org.springframework.boot.test.autoconfigure.web.servlet.WebDriverTestExecutionListener@274ab516, org.springframework.boot.test.mock.mockito.ResetMocksTestExecutionListener@261cd93c]
14:43:11.283 [Test worker] DEBUG org.springframework.test.context.support.AbstractDirtiesContextTestExecutionListener - Before test class: context [DefaultTestContext@6571fb41 testClass = ForumOverflowApplicationTests, testInstance = [null], testMethod = [null], testException = [null], mergedContextConfiguration = [WebMergedContextConfiguration@713de06a testClass = ForumOverflowApplicationTests, locations = '{}', classes = '{class com.luv2code.forumoverflow.ForumOverflowApplication}', contextInitializerClasses = '[]', activeProfiles = '{}', propertySourceLocations = '{}', propertySourceProperties = '{org.springframework.boot.test.context.SpringBootTestContextBootstrapper=true}', contextCustomizers = set[org.springframework.boot.test.autoconfigure.properties.PropertyMappingContextCustomizer@0, org.springframework.boot.test.autoconfigure.web.servlet.WebDriverContextCustomizerFactory$Customizer@5252e200, org.springframework.boot.test.context.filter.ExcludeFilterContextCustomizer@2bc27240, org.springframework.boot.test.json.DuplicateJsonObjectContextCustomizerFactory$DuplicateJsonObjectContextCustomizer@68c034e5, org.springframework.boot.test.mock.mockito.MockitoContextCustomizer@0, org.springframework.boot.test.web.client.TestRestTemplateContextCustomizer@776629d8], resourceBasePath = 'src/main/webapp', contextLoader = 'org.springframework.boot.test.context.SpringBootContextLoader', parent = [null]], attributes = map['org.springframework.test.context.web.ServletTestExecutionListener.activateListener' -> true]], class annotated with @DirtiesContext [false] with mode [null].
14:43:11.330 [Test worker] DEBUG org.springframework.test.context.support.TestPropertySourceUtils - Adding inlined properties to environment: {spring.jmx.enabled=false, org.springframework.boot.test.context.SpringBootTestContextBootstrapper=true, server.port=-1}

  .   ____          _            __ _ _
 /\\ / ___'_ __ _ _(_)_ __  __ _ \ \ \ \
( ( )\___ | '_ | '_| | '_ \/ _` | \ \ \ \
 \\/  ___)| |_)| | | | | || (_| |  ) ) ) )
  '  |____| .__|_| |_|_| |_\__, | / / / /
 =========|_|==============|___/=/_/_/_/
 :: Spring Boot ::        (v2.2.4.RELEASE)

2020-02-26 14:43:12.080  INFO 15892 --- [    Test worker] c.l.f.ForumOverflowApplicationTests      : Starting ForumOverflowApplicationTests on DESKTOP-F169E3V with PID 15892 (started by lzugaj in H:\lzugaj\workspace\Projects\ForumOverflow)
2020-02-26 14:43:12.095  INFO 15892 --- [    Test worker] c.l.f.ForumOverflowApplicationTests      : No active profile set, falling back to default profiles: default
2020-02-26 14:43:13.951  INFO 15892 --- [    Test worker] .s.d.r.c.RepositoryConfigurationDelegate : Bootstrapping Spring Data JPA repositories in DEFAULT mode.
2020-02-26 14:43:14.404  INFO 15892 --- [    Test worker] .s.d.r.c.RepositoryConfigurationDelegate : Finished Spring Data repository scanning in 422ms. Found 3 JPA repository interfaces.
2020-02-26 14:43:15.248  INFO 15892 --- [    Test worker] trationDelegate$BeanPostProcessorChecker : Bean 'org.springframework.transaction.annotation.ProxyTransactionManagementConfiguration' of type [org.springframework.transaction.annotation.ProxyTransactionManagementConfiguration] is not eligible for getting processed by all BeanPostProcessors (for example: not eligible for auto-proxying)
2020-02-26 14:43:15.498  INFO 15892 --- [    Test worker] com.zaxxer.hikari.HikariDataSource       : HikariPool-1 - Starting...
2020-02-26 14:43:15.670  INFO 15892 --- [    Test worker] com.zaxxer.hikari.HikariDataSource       : HikariPool-1 - Start completed.
2020-02-26 14:43:16.107  INFO 15892 --- [    Test worker] o.hibernate.jpa.internal.util.LogHelper  : HHH000204: Processing PersistenceUnitInfo [name: default]
2020-02-26 14:43:16.341  INFO 15892 --- [    Test worker] org.hibernate.Version                    : HHH000412: Hibernate Core {5.4.10.Final}
2020-02-26 14:43:16.529  INFO 15892 --- [    Test worker] o.hibernate.annotations.common.Version   : HCANN000001: Hibernate Commons Annotations {5.1.0.Final}
2020-02-26 14:43:16.716  INFO 15892 --- [    Test worker] org.hibernate.dialect.Dialect            : HHH000400: Using dialect: org.hibernate.dialect.PostgreSQL9Dialect
2020-02-26 14:43:17.865  INFO 15892 --- [    Test worker] o.h.e.t.j.p.i.JtaPlatformInitiator       : HHH000490: Using JtaPlatform implementation: [org.hibernate.engine.transaction.jta.platform.internal.NoJtaPlatform]
2020-02-26 14:43:17.881  INFO 15892 --- [    Test worker] j.LocalContainerEntityManagerFactoryBean : Initialized JPA EntityManagerFactory for persistence unit 'default'
2020-02-26 14:43:20.014  WARN 15892 --- [    Test worker] JpaBaseConfiguration$JpaWebConfiguration : spring.jpa.open-in-view is enabled by default. Therefore, database queries may be performed during view rendering. Explicitly configure spring.jpa.open-in-view to disable this warning
2020-02-26 14:43:20.334  INFO 15892 --- [    Test worker] o.s.s.concurrent.ThreadPoolTaskExecutor  : Initializing ExecutorService 'applicationTaskExecutor'
2020-02-26 14:43:21.146  INFO 15892 --- [    Test worker] c.l.f.ForumOverflowApplicationTests      : Started ForumOverflowApplicationTests in 9.782 seconds (JVM running for 12.223)
]]></system-out>
  <system-err><![CDATA[]]></system-err>
</testsuite>
