<?xml version="1.0" encoding="UTF-8"?>
<testsuite name="com.luv2code.forumoverflow.service.PostServiceImplTest" tests="8" skipped="0" failures="0" errors="0" timestamp="2020-02-26T13:43:24" hostname="DESKTOP-F169E3V" time="0.096">
  <properties/>
  <testcase name="testUpdateEntityNotFoundException()" classname="com.luv2code.forumoverflow.service.PostServiceImplTest" time="0.013"/>
  <testcase name="testFindAll()" classname="com.luv2code.forumoverflow.service.PostServiceImplTest" time="0.015"/>
  <testcase name="testSave()" classname="com.luv2code.forumoverflow.service.PostServiceImplTest" time="0.013"/>
  <testcase name="testFindById()" classname="com.luv2code.forumoverflow.service.PostServiceImplTest" time="0.006"/>
  <testcase name="testFindByIdEntityNotFoundException()" classname="com.luv2code.forumoverflow.service.PostServiceImplTest" time="0.006"/>
  <testcase name="testDeleteEntityNotFoundException()" classname="com.luv2code.forumoverflow.service.PostServiceImplTest" time="0.006"/>
  <testcase name="testDelete()" classname="com.luv2code.forumoverflow.service.PostServiceImplTest" time="0.01"/>
  <testcase name="testUpdate()" classname="com.luv2code.forumoverflow.service.PostServiceImplTest" time="0.006"/>
  <system-out><![CDATA[2020-02-26 14:43:23.903  INFO 15892 --- [    Test worker] .b.t.c.SpringBootTestContextBootstrapper : Neither @ContextConfiguration nor @ContextHierarchy found for test class [com.luv2code.forumoverflow.service.PostServiceImplTest], using SpringBootContextLoader
2020-02-26 14:43:23.905  INFO 15892 --- [    Test worker] o.s.t.c.support.AbstractContextLoader    : Could not detect default resource locations for test class [com.luv2code.forumoverflow.service.PostServiceImplTest]: no resource found for suffixes {-context.xml, Context.groovy}.
2020-02-26 14:43:23.905  INFO 15892 --- [    Test worker] t.c.s.AnnotationConfigContextLoaderUtils : Could not detect default configuration classes for test class [com.luv2code.forumoverflow.service.PostServiceImplTest]: PostServiceImplTest does not declare any static, non-private, non-final, nested classes annotated with @Configuration.
2020-02-26 14:43:24.036  INFO 15892 --- [    Test worker] .b.t.c.SpringBootTestContextBootstrapper : Found @SpringBootConfiguration com.luv2code.forumoverflow.ForumOverflowApplication for test class com.luv2code.forumoverflow.service.PostServiceImplTest
2020-02-26 14:43:24.036  INFO 15892 --- [    Test worker] .b.t.c.SpringBootTestContextBootstrapper : Loaded default TestExecutionListener class names from location [META-INF/spring.factories]: [org.springframework.boot.test.autoconfigure.restdocs.RestDocsTestExecutionListener, org.springframework.boot.test.autoconfigure.web.client.MockRestServiceServerResetTestExecutionListener, org.springframework.boot.test.autoconfigure.web.servlet.MockMvcPrintOnlyOnFailureTestExecutionListener, org.springframework.boot.test.autoconfigure.web.servlet.WebDriverTestExecutionListener, org.springframework.boot.test.mock.mockito.MockitoTestExecutionListener, org.springframework.boot.test.mock.mockito.ResetMocksTestExecutionListener, org.springframework.test.context.web.ServletTestExecutionListener, org.springframework.test.context.support.DirtiesContextBeforeModesTestExecutionListener, org.springframework.test.context.support.DependencyInjectionTestExecutionListener, org.springframework.test.context.support.DirtiesContextTestExecutionListener, org.springframework.test.context.transaction.TransactionalTestExecutionListener, org.springframework.test.context.jdbc.SqlScriptsTestExecutionListener, org.springframework.test.context.event.EventPublishingTestExecutionListener]
2020-02-26 14:43:24.036  INFO 15892 --- [    Test worker] .b.t.c.SpringBootTestContextBootstrapper : Using TestExecutionListeners: [org.springframework.test.context.web.ServletTestExecutionListener@62b64816, org.springframework.test.context.support.DirtiesContextBeforeModesTestExecutionListener@672bcb72, org.springframework.boot.test.mock.mockito.MockitoTestExecutionListener@4860213b, org.springframework.boot.test.autoconfigure.SpringBootDependencyInjectionTestExecutionListener@291788e7, org.springframework.test.context.support.DirtiesContextTestExecutionListener@79b1932b, org.springframework.test.context.transaction.TransactionalTestExecutionListener@4078a734, org.springframework.test.context.jdbc.SqlScriptsTestExecutionListener@9583ff9, org.springframework.test.context.event.EventPublishingTestExecutionListener@1c1dde85, org.springframework.boot.test.autoconfigure.restdocs.RestDocsTestExecutionListener@69403ee6, org.springframework.boot.test.autoconfigure.web.client.MockRestServiceServerResetTestExecutionListener@6c8475fd, org.springframework.boot.test.autoconfigure.web.servlet.MockMvcPrintOnlyOnFailureTestExecutionListener@24eb3863, org.springframework.boot.test.autoconfigure.web.servlet.WebDriverTestExecutionListener@56f0238d, org.springframework.boot.test.mock.mockito.ResetMocksTestExecutionListener@3e2f80bb]
2020-02-26 14:43:24.216  INFO 15892 --- [    Test worker] c.l.f.service.impl.PostServiceImpl       : Searching all Posts.
2020-02-26 14:43:24.228  INFO 15892 --- [    Test worker] c.l.f.service.impl.PostServiceImpl       : Successfully founded User with username: `azugaj`.
2020-02-26 14:43:24.228  INFO 15892 --- [    Test worker] c.l.f.service.impl.PostServiceImpl       : Successfully founded Category with id: `1`.
2020-02-26 14:43:24.228  INFO 15892 --- [    Test worker] c.l.f.service.impl.PostServiceImpl       : Saving Post with id: `1`.
2020-02-26 14:43:24.228  INFO 15892 --- [    Test worker] c.l.f.service.impl.PostServiceImpl       : Setting Post to selected Category with id: ´1´.
2020-02-26 14:43:24.248  INFO 15892 --- [    Test worker] c.l.f.service.impl.PostServiceImpl       : Searching Post with id: `1`.
2020-02-26 14:43:24.278  INFO 15892 --- [    Test worker] c.l.f.service.impl.PostServiceImpl       : Searching Post with id: `1`.
2020-02-26 14:43:24.278  INFO 15892 --- [    Test worker] c.l.f.service.impl.PostServiceImpl       : Successfully founded Post with id: `1`.
2020-02-26 14:43:24.278  INFO 15892 --- [    Test worker] c.l.f.service.impl.PostServiceImpl       : Deleting Post with id: `1`.
2020-02-26 14:43:24.289  INFO 15892 --- [    Test worker] c.l.f.service.impl.PostServiceImpl       : Searching Post with id: `1`.
2020-02-26 14:43:24.289  INFO 15892 --- [    Test worker] c.l.f.service.impl.PostServiceImpl       : Successfully founded Post with id: `1`.
2020-02-26 14:43:24.289  INFO 15892 --- [    Test worker] c.l.f.service.impl.PostServiceImpl       : Updating Post with id: `1`.
]]></system-out>
  <system-err><![CDATA[]]></system-err>
</testsuite>
