<?xml version="1.0" encoding="UTF-8"?>
<testsuite name="com.luv2code.forumoverflow.service.UserServiceImplTest" tests="6" skipped="0" failures="0" errors="0" timestamp="2020-02-28T13:24:35" hostname="DESKTOP-F169E3V" time="0.073">
  <properties/>
  <testcase name="testSaveWhenUserWithEmailAlreadyExistsException()" classname="com.luv2code.forumoverflow.service.UserServiceImplTest" time="0.012"/>
  <testcase name="testFindAll()" classname="com.luv2code.forumoverflow.service.UserServiceImplTest" time="0.006"/>
  <testcase name="testSave()" classname="com.luv2code.forumoverflow.service.UserServiceImplTest" time="0.011"/>
  <testcase name="testSaveWhenUserWithUsernameAlreadyExistsException()" classname="com.luv2code.forumoverflow.service.UserServiceImplTest" time="0.009"/>
  <testcase name="testFindByUsernameEntityNotFoundException()" classname="com.luv2code.forumoverflow.service.UserServiceImplTest" time="0.008"/>
  <testcase name="testFindByUsername()" classname="com.luv2code.forumoverflow.service.UserServiceImplTest" time="0.013"/>
  <system-out><![CDATA[2020-02-28 14:24:35.067  INFO 17092 --- [    Test worker] .b.t.c.SpringBootTestContextBootstrapper : Neither @ContextConfiguration nor @ContextHierarchy found for test class [com.luv2code.forumoverflow.service.UserServiceImplTest], using SpringBootContextLoader
2020-02-28 14:24:35.069  INFO 17092 --- [    Test worker] o.s.t.c.support.AbstractContextLoader    : Could not detect default resource locations for test class [com.luv2code.forumoverflow.service.UserServiceImplTest]: no resource found for suffixes {-context.xml, Context.groovy}.
2020-02-28 14:24:35.069  INFO 17092 --- [    Test worker] t.c.s.AnnotationConfigContextLoaderUtils : Could not detect default configuration classes for test class [com.luv2code.forumoverflow.service.UserServiceImplTest]: UserServiceImplTest does not declare any static, non-private, non-final, nested classes annotated with @Configuration.
2020-02-28 14:24:35.069  INFO 17092 --- [    Test worker] .b.t.c.SpringBootTestContextBootstrapper : Found @SpringBootConfiguration com.luv2code.forumoverflow.ForumOverflowApplication for test class com.luv2code.forumoverflow.service.UserServiceImplTest
2020-02-28 14:24:35.077  INFO 17092 --- [    Test worker] .b.t.c.SpringBootTestContextBootstrapper : Loaded default TestExecutionListener class names from location [META-INF/spring.factories]: [org.springframework.boot.test.autoconfigure.restdocs.RestDocsTestExecutionListener, org.springframework.boot.test.autoconfigure.web.client.MockRestServiceServerResetTestExecutionListener, org.springframework.boot.test.autoconfigure.web.servlet.MockMvcPrintOnlyOnFailureTestExecutionListener, org.springframework.boot.test.autoconfigure.web.servlet.WebDriverTestExecutionListener, org.springframework.boot.test.mock.mockito.MockitoTestExecutionListener, org.springframework.boot.test.mock.mockito.ResetMocksTestExecutionListener, org.springframework.test.context.web.ServletTestExecutionListener, org.springframework.test.context.support.DirtiesContextBeforeModesTestExecutionListener, org.springframework.test.context.support.DependencyInjectionTestExecutionListener, org.springframework.test.context.support.DirtiesContextTestExecutionListener, org.springframework.test.context.transaction.TransactionalTestExecutionListener, org.springframework.test.context.jdbc.SqlScriptsTestExecutionListener]
2020-02-28 14:24:35.077  INFO 17092 --- [    Test worker] .b.t.c.SpringBootTestContextBootstrapper : Using TestExecutionListeners: [org.springframework.test.context.web.ServletTestExecutionListener@1c7dad54, org.springframework.test.context.support.DirtiesContextBeforeModesTestExecutionListener@45f3874e, org.springframework.boot.test.mock.mockito.MockitoTestExecutionListener@6a8650e1, org.springframework.boot.test.autoconfigure.SpringBootDependencyInjectionTestExecutionListener@409cda4d, org.springframework.test.context.support.DirtiesContextTestExecutionListener@31fac807, org.springframework.test.context.transaction.TransactionalTestExecutionListener@68eaf081, org.springframework.test.context.jdbc.SqlScriptsTestExecutionListener@3033b425, org.springframework.boot.test.autoconfigure.restdocs.RestDocsTestExecutionListener@16db4edc, org.springframework.boot.test.autoconfigure.web.client.MockRestServiceServerResetTestExecutionListener@718616f0, org.springframework.boot.test.autoconfigure.web.servlet.MockMvcPrintOnlyOnFailureTestExecutionListener@4e578eb9, org.springframework.boot.test.autoconfigure.web.servlet.WebDriverTestExecutionListener@636899ca, org.springframework.boot.test.mock.mockito.ResetMocksTestExecutionListener@2f8996d5]
2020-02-28 14:24:35.160  INFO 17092 --- [    Test worker] c.l.f.service.impl.UserServiceImpl       : Searching all Users.
2020-02-28 14:24:35.160  INFO 17092 --- [    Test worker] c.l.f.service.impl.UserServiceImpl       : Searching all Users.
2020-02-28 14:24:35.160  INFO 17092 --- [    Test worker] c.l.f.service.impl.UserServiceImpl       : User with email(`palsi@gmail.com`) already exists.
2020-02-28 14:24:35.170  INFO 17092 --- [    Test worker] c.l.f.service.impl.UserServiceImpl       : Searching all Users.
2020-02-28 14:24:35.178  INFO 17092 --- [    Test worker] c.l.f.service.impl.UserServiceImpl       : Searching all Users.
2020-02-28 14:24:35.178  INFO 17092 --- [    Test worker] c.l.f.service.impl.UserServiceImpl       : Searching all Users.
2020-02-28 14:24:35.178  INFO 17092 --- [    Test worker] c.l.f.service.impl.UserServiceImpl       : Saving User with id: `1`.
2020-02-28 14:24:35.190  INFO 17092 --- [    Test worker] c.l.f.service.impl.UserServiceImpl       : Searching all Users.
2020-02-28 14:24:35.190  INFO 17092 --- [    Test worker] c.l.f.service.impl.UserServiceImpl       : User with username(´palsi´) already exists.
2020-02-28 14:24:35.221  INFO 17092 --- [    Test worker] c.l.f.service.impl.UserServiceImpl       : Searching User with username: `palsi`.
]]></system-out>
  <system-err><![CDATA[]]></system-err>
</testsuite>
