<?xml version="1.0" encoding="UTF-8"?>
<testsuite name="com.luv2code.forumoverflow.service.CategoryServiceImplTest" tests="3" skipped="0" failures="0" errors="0" timestamp="2020-02-26T13:43:24" hostname="DESKTOP-F169E3V" time="0.017">
  <properties/>
  <testcase name="testFindAll()" classname="com.luv2code.forumoverflow.service.CategoryServiceImplTest" time="0.004"/>
  <testcase name="testFindById()" classname="com.luv2code.forumoverflow.service.CategoryServiceImplTest" time="0.004"/>
  <testcase name="testFindByIdEntityNotFoundException()" classname="com.luv2code.forumoverflow.service.CategoryServiceImplTest" time="0.006"/>
  <system-out><![CDATA[2020-02-26 14:43:24.297  INFO 15892 --- [    Test worker] .b.t.c.SpringBootTestContextBootstrapper : Neither @ContextConfiguration nor @ContextHierarchy found for test class [com.luv2code.forumoverflow.service.CategoryServiceImplTest], using SpringBootContextLoader
2020-02-26 14:43:24.297  INFO 15892 --- [    Test worker] o.s.t.c.support.AbstractContextLoader    : Could not detect default resource locations for test class [com.luv2code.forumoverflow.service.CategoryServiceImplTest]: no resource found for suffixes {-context.xml, Context.groovy}.
2020-02-26 14:43:24.299  INFO 15892 --- [    Test worker] t.c.s.AnnotationConfigContextLoaderUtils : Could not detect default configuration classes for test class [com.luv2code.forumoverflow.service.CategoryServiceImplTest]: CategoryServiceImplTest does not declare any static, non-private, non-final, nested classes annotated with @Configuration.
2020-02-26 14:43:24.299  INFO 15892 --- [    Test worker] .b.t.c.SpringBootTestContextBootstrapper : Found @SpringBootConfiguration com.luv2code.forumoverflow.ForumOverflowApplication for test class com.luv2code.forumoverflow.service.CategoryServiceImplTest
2020-02-26 14:43:24.299  INFO 15892 --- [    Test worker] .b.t.c.SpringBootTestContextBootstrapper : Loaded default TestExecutionListener class names from location [META-INF/spring.factories]: [org.springframework.boot.test.autoconfigure.restdocs.RestDocsTestExecutionListener, org.springframework.boot.test.autoconfigure.web.client.MockRestServiceServerResetTestExecutionListener, org.springframework.boot.test.autoconfigure.web.servlet.MockMvcPrintOnlyOnFailureTestExecutionListener, org.springframework.boot.test.autoconfigure.web.servlet.WebDriverTestExecutionListener, org.springframework.boot.test.mock.mockito.MockitoTestExecutionListener, org.springframework.boot.test.mock.mockito.ResetMocksTestExecutionListener, org.springframework.test.context.web.ServletTestExecutionListener, org.springframework.test.context.support.DirtiesContextBeforeModesTestExecutionListener, org.springframework.test.context.support.DependencyInjectionTestExecutionListener, org.springframework.test.context.support.DirtiesContextTestExecutionListener, org.springframework.test.context.transaction.TransactionalTestExecutionListener, org.springframework.test.context.jdbc.SqlScriptsTestExecutionListener, org.springframework.test.context.event.EventPublishingTestExecutionListener]
2020-02-26 14:43:24.299  INFO 15892 --- [    Test worker] .b.t.c.SpringBootTestContextBootstrapper : Using TestExecutionListeners: [org.springframework.test.context.web.ServletTestExecutionListener@1ba9b522, org.springframework.test.context.support.DirtiesContextBeforeModesTestExecutionListener@59e60b06, org.springframework.boot.test.mock.mockito.MockitoTestExecutionListener@7ecefdb0, org.springframework.boot.test.autoconfigure.SpringBootDependencyInjectionTestExecutionListener@7c3ca754, org.springframework.test.context.support.DirtiesContextTestExecutionListener@2a6a0d54, org.springframework.test.context.transaction.TransactionalTestExecutionListener@433d8d24, org.springframework.test.context.jdbc.SqlScriptsTestExecutionListener@4a17cb8e, org.springframework.test.context.event.EventPublishingTestExecutionListener@5388d39f, org.springframework.boot.test.autoconfigure.restdocs.RestDocsTestExecutionListener@29f27417, org.springframework.boot.test.autoconfigure.web.client.MockRestServiceServerResetTestExecutionListener@68988a0, org.springframework.boot.test.autoconfigure.web.servlet.MockMvcPrintOnlyOnFailureTestExecutionListener@72b67844, org.springframework.boot.test.autoconfigure.web.servlet.WebDriverTestExecutionListener@67b749a6, org.springframework.boot.test.mock.mockito.ResetMocksTestExecutionListener@5d5fdb8b]
2020-02-26 14:43:24.401  INFO 15892 --- [    Test worker] c.l.f.service.impl.CategoryServiceImpl   : Searching all Categories.
2020-02-26 14:43:24.411  INFO 15892 --- [    Test worker] c.l.f.service.impl.CategoryServiceImpl   : Searching Category with id: `1`.
]]></system-out>
  <system-err><![CDATA[]]></system-err>
</testsuite>
