<?xml version="1.0" encoding="UTF-8"?>
<testsuite name="com.luv2code.forumoverflow.service.UserServiceImplTest" tests="6" skipped="0" failures="0" errors="0" timestamp="2020-02-26T13:43:24" hostname="DESKTOP-F169E3V" time="0.082">
  <properties/>
  <testcase name="testSaveWhenUserWithEmailAlreadyExistsException()" classname="com.luv2code.forumoverflow.service.UserServiceImplTest" time="0.013"/>
  <testcase name="testFindAll()" classname="com.luv2code.forumoverflow.service.UserServiceImplTest" time="0.026"/>
  <testcase name="testSave()" classname="com.luv2code.forumoverflow.service.UserServiceImplTest" time="0.008"/>
  <testcase name="testSaveWhenUserWithUsernameAlreadyExistsException()" classname="com.luv2code.forumoverflow.service.UserServiceImplTest" time="0.007"/>
  <testcase name="testFindByUsernameEntityNotFoundException()" classname="com.luv2code.forumoverflow.service.UserServiceImplTest" time="0.007"/>
  <testcase name="testFindByUsername()" classname="com.luv2code.forumoverflow.service.UserServiceImplTest" time="0.008"/>
  <system-out><![CDATA[2020-02-26 14:43:24.421  INFO 15892 --- [    Test worker] .b.t.c.SpringBootTestContextBootstrapper : Neither @ContextConfiguration nor @ContextHierarchy found for test class [com.luv2code.forumoverflow.service.UserServiceImplTest], using SpringBootContextLoader
2020-02-26 14:43:24.421  INFO 15892 --- [    Test worker] o.s.t.c.support.AbstractContextLoader    : Could not detect default resource locations for test class [com.luv2code.forumoverflow.service.UserServiceImplTest]: no resource found for suffixes {-context.xml, Context.groovy}.
2020-02-26 14:43:24.421  INFO 15892 --- [    Test worker] t.c.s.AnnotationConfigContextLoaderUtils : Could not detect default configuration classes for test class [com.luv2code.forumoverflow.service.UserServiceImplTest]: UserServiceImplTest does not declare any static, non-private, non-final, nested classes annotated with @Configuration.
2020-02-26 14:43:24.421  INFO 15892 --- [    Test worker] .b.t.c.SpringBootTestContextBootstrapper : Found @SpringBootConfiguration com.luv2code.forumoverflow.ForumOverflowApplication for test class com.luv2code.forumoverflow.service.UserServiceImplTest
2020-02-26 14:43:24.429  INFO 15892 --- [    Test worker] .b.t.c.SpringBootTestContextBootstrapper : Loaded default TestExecutionListener class names from location [META-INF/spring.factories]: [org.springframework.boot.test.autoconfigure.restdocs.RestDocsTestExecutionListener, org.springframework.boot.test.autoconfigure.web.client.MockRestServiceServerResetTestExecutionListener, org.springframework.boot.test.autoconfigure.web.servlet.MockMvcPrintOnlyOnFailureTestExecutionListener, org.springframework.boot.test.autoconfigure.web.servlet.WebDriverTestExecutionListener, org.springframework.boot.test.mock.mockito.MockitoTestExecutionListener, org.springframework.boot.test.mock.mockito.ResetMocksTestExecutionListener, org.springframework.test.context.web.ServletTestExecutionListener, org.springframework.test.context.support.DirtiesContextBeforeModesTestExecutionListener, org.springframework.test.context.support.DependencyInjectionTestExecutionListener, org.springframework.test.context.support.DirtiesContextTestExecutionListener, org.springframework.test.context.transaction.TransactionalTestExecutionListener, org.springframework.test.context.jdbc.SqlScriptsTestExecutionListener, org.springframework.test.context.event.EventPublishingTestExecutionListener]
2020-02-26 14:43:24.431  INFO 15892 --- [    Test worker] .b.t.c.SpringBootTestContextBootstrapper : Using TestExecutionListeners: [org.springframework.test.context.web.ServletTestExecutionListener@4ff41706, org.springframework.test.context.support.DirtiesContextBeforeModesTestExecutionListener@4a25480a, org.springframework.boot.test.mock.mockito.MockitoTestExecutionListener@6021ddd7, org.springframework.boot.test.autoconfigure.SpringBootDependencyInjectionTestExecutionListener@1810ce77, org.springframework.test.context.support.DirtiesContextTestExecutionListener@77b3a654, org.springframework.test.context.transaction.TransactionalTestExecutionListener@1736c5b0, org.springframework.test.context.jdbc.SqlScriptsTestExecutionListener@79176de4, org.springframework.test.context.event.EventPublishingTestExecutionListener@67ea67c7, org.springframework.boot.test.autoconfigure.restdocs.RestDocsTestExecutionListener@d01ec68, org.springframework.boot.test.autoconfigure.web.client.MockRestServiceServerResetTestExecutionListener@2cbbb33d, org.springframework.boot.test.autoconfigure.web.servlet.MockMvcPrintOnlyOnFailureTestExecutionListener@6e819303, org.springframework.boot.test.autoconfigure.web.servlet.WebDriverTestExecutionListener@5a61054b, org.springframework.boot.test.mock.mockito.ResetMocksTestExecutionListener@5801d0c3]
2020-02-26 14:43:24.532  INFO 15892 --- [    Test worker] c.l.f.service.impl.UserServiceImpl       : Searching all Users.
2020-02-26 14:43:24.532  INFO 15892 --- [    Test worker] c.l.f.service.impl.UserServiceImpl       : Searching all Users.
2020-02-26 14:43:24.532  INFO 15892 --- [    Test worker] c.l.f.service.impl.UserServiceImpl       : User with email(`palsi@gmail.com`) already exists.
2020-02-26 14:43:24.540  INFO 15892 --- [    Test worker] c.l.f.service.impl.UserServiceImpl       : Searching all Users.
2020-02-26 14:43:24.570  INFO 15892 --- [    Test worker] c.l.f.service.impl.UserServiceImpl       : Searching all Users.
2020-02-26 14:43:24.570  INFO 15892 --- [    Test worker] c.l.f.service.impl.UserServiceImpl       : Searching all Users.
2020-02-26 14:43:24.570  INFO 15892 --- [    Test worker] c.l.f.service.impl.UserServiceImpl       : Saving User with id: `1`.
2020-02-26 14:43:24.581  INFO 15892 --- [    Test worker] c.l.f.service.impl.UserServiceImpl       : Searching all Users.
2020-02-26 14:43:24.581  INFO 15892 --- [    Test worker] c.l.f.service.impl.UserServiceImpl       : User with username(´palsi´) already exists.
2020-02-26 14:43:24.601  INFO 15892 --- [    Test worker] c.l.f.service.impl.UserServiceImpl       : Searching User with username: `palsi`.
]]></system-out>
  <system-err><![CDATA[]]></system-err>
</testsuite>
