<?xml version="1.0" encoding="UTF-8"?>
<testsuite name="com.luv2code.forumoverflow.service.UserServiceImplTest" tests="14" skipped="0" failures="0" errors="0" timestamp="2020-03-24T09:52:42" hostname="lzugaj" time="0.075">
  <properties/>
  <testcase name="testIsUsernameAlreadyUsedReturnsTrue()" classname="com.luv2code.forumoverflow.service.UserServiceImplTest" time="0.004"/>
  <testcase name="testIsEmailAlreadyUsedReturnsFalse()" classname="com.luv2code.forumoverflow.service.UserServiceImplTest" time="0.004"/>
  <testcase name="testFindAll()" classname="com.luv2code.forumoverflow.service.UserServiceImplTest" time="0.003"/>
  <testcase name="testSave()" classname="com.luv2code.forumoverflow.service.UserServiceImplTest" time="0.005"/>
  <testcase name="testUpdateUserStatus()" classname="com.luv2code.forumoverflow.service.UserServiceImplTest" time="0.004"/>
  <testcase name="testFindByUsernameEntityNotFoundException()" classname="com.luv2code.forumoverflow.service.UserServiceImplTest" time="0.007"/>
  <testcase name="testIsUsernameAlreadyUsedReturnsFalse()" classname="com.luv2code.forumoverflow.service.UserServiceImplTest" time="0.003"/>
  <testcase name="testFindById()" classname="com.luv2code.forumoverflow.service.UserServiceImplTest" time="0.004"/>
  <testcase name="testFindByUsername()" classname="com.luv2code.forumoverflow.service.UserServiceImplTest" time="0.005"/>
  <testcase name="testFindByIdNullPointerException()" classname="com.luv2code.forumoverflow.service.UserServiceImplTest" time="0.005"/>
  <testcase name="testIsEmailAlreadyUsedReturnsTrue()" classname="com.luv2code.forumoverflow.service.UserServiceImplTest" time="0.004"/>
  <testcase name="testFindAllThatContainsUsername()" classname="com.luv2code.forumoverflow.service.UserServiceImplTest" time="0.004"/>
  <testcase name="testDelete()" classname="com.luv2code.forumoverflow.service.UserServiceImplTest" time="0.004"/>
  <testcase name="testUpdate()" classname="com.luv2code.forumoverflow.service.UserServiceImplTest" time="0.004"/>
  <system-out><![CDATA[2020-03-24 10:52:42.815  INFO 15092 --- [    Test worker] .b.t.c.SpringBootTestContextBootstrapper : Neither @ContextConfiguration nor @ContextHierarchy found for test class [com.luv2code.forumoverflow.service.UserServiceImplTest], using SpringBootContextLoader
2020-03-24 10:52:42.818  INFO 15092 --- [    Test worker] o.s.t.c.support.AbstractContextLoader    : Could not detect default resource locations for test class [com.luv2code.forumoverflow.service.UserServiceImplTest]: no resource found for suffixes {-context.xml, Context.groovy}.
2020-03-24 10:52:42.818  INFO 15092 --- [    Test worker] t.c.s.AnnotationConfigContextLoaderUtils : Could not detect default configuration classes for test class [com.luv2code.forumoverflow.service.UserServiceImplTest]: UserServiceImplTest does not declare any static, non-private, non-final, nested classes annotated with @Configuration.
2020-03-24 10:52:42.820  INFO 15092 --- [    Test worker] .b.t.c.SpringBootTestContextBootstrapper : Found @SpringBootConfiguration com.luv2code.forumoverflow.ForumOverflowApplication for test class com.luv2code.forumoverflow.service.UserServiceImplTest
2020-03-24 10:52:42.822  INFO 15092 --- [    Test worker] .b.t.c.SpringBootTestContextBootstrapper : Loaded default TestExecutionListener class names from location [META-INF/spring.factories]: [org.springframework.boot.test.autoconfigure.restdocs.RestDocsTestExecutionListener, org.springframework.boot.test.autoconfigure.web.client.MockRestServiceServerResetTestExecutionListener, org.springframework.boot.test.autoconfigure.web.servlet.MockMvcPrintOnlyOnFailureTestExecutionListener, org.springframework.boot.test.autoconfigure.web.servlet.WebDriverTestExecutionListener, org.springframework.boot.test.mock.mockito.MockitoTestExecutionListener, org.springframework.boot.test.mock.mockito.ResetMocksTestExecutionListener, org.springframework.test.context.web.ServletTestExecutionListener, org.springframework.test.context.support.DirtiesContextBeforeModesTestExecutionListener, org.springframework.test.context.support.DependencyInjectionTestExecutionListener, org.springframework.test.context.support.DirtiesContextTestExecutionListener, org.springframework.test.context.transaction.TransactionalTestExecutionListener, org.springframework.test.context.jdbc.SqlScriptsTestExecutionListener]
2020-03-24 10:52:42.822  INFO 15092 --- [    Test worker] .b.t.c.SpringBootTestContextBootstrapper : Using TestExecutionListeners: [org.springframework.test.context.web.ServletTestExecutionListener@6c26eb6e, org.springframework.test.context.support.DirtiesContextBeforeModesTestExecutionListener@7d058f6e, org.springframework.boot.test.mock.mockito.MockitoTestExecutionListener@44cda987, org.springframework.boot.test.autoconfigure.SpringBootDependencyInjectionTestExecutionListener@a8f0428, org.springframework.test.context.support.DirtiesContextTestExecutionListener@5129f38c, org.springframework.test.context.transaction.TransactionalTestExecutionListener@867838, org.springframework.test.context.jdbc.SqlScriptsTestExecutionListener@292e783e, org.springframework.boot.test.autoconfigure.restdocs.RestDocsTestExecutionListener@5b728777, org.springframework.boot.test.autoconfigure.web.client.MockRestServiceServerResetTestExecutionListener@45d9aa06, org.springframework.boot.test.autoconfigure.web.servlet.MockMvcPrintOnlyOnFailureTestExecutionListener@762d5d3d, org.springframework.boot.test.autoconfigure.web.servlet.WebDriverTestExecutionListener@2c18244e, org.springframework.boot.test.mock.mockito.ResetMocksTestExecutionListener@639e5785]
2020-03-24 10:52:42.858  INFO 15092 --- [    Test worker] c.l.f.service.impl.UserServiceImpl       : Searching all Users.
2020-03-24 10:52:42.863  INFO 15092 --- [    Test worker] c.l.f.service.impl.UserServiceImpl       : Searching all Users.
2020-03-24 10:52:42.868  INFO 15092 --- [    Test worker] c.l.f.service.impl.UserServiceImpl       : Searching all Users.
2020-03-24 10:52:42.873  INFO 15092 --- [    Test worker] c.l.f.service.impl.UserServiceImpl       : Successfully founded User status with name: `ACTIVE`.
2020-03-24 10:52:42.873  INFO 15092 --- [    Test worker] c.l.f.service.impl.UserServiceImpl       : Saving User with id: `1`.
2020-03-24 10:52:42.878  INFO 15092 --- [    Test worker] c.l.f.service.impl.UserServiceImpl       : Change status for User `lzugaj` to `BLOCKED`
2020-03-24 10:52:42.878  INFO 15092 --- [    Test worker] c.l.f.service.impl.UserServiceImpl       : Updating User with id: `1`.
2020-03-24 10:52:42.891  INFO 15092 --- [    Test worker] c.l.f.service.impl.UserServiceImpl       : Searching all Users.
2020-03-24 10:52:42.895  INFO 15092 --- [    Test worker] c.l.f.service.impl.UserServiceImpl       : Searching User with id: `1`
2020-03-24 10:52:42.900  INFO 15092 --- [    Test worker] c.l.f.service.impl.UserServiceImpl       : Searching User with username: `dtorma`.
2020-03-24 10:52:42.912  INFO 15092 --- [    Test worker] c.l.f.service.impl.UserServiceImpl       : Searching all Users.
2020-03-24 10:52:42.918  INFO 15092 --- [    Test worker] c.l.f.service.impl.UserServiceImpl       : Searching all Users.
2020-03-24 10:52:42.918  INFO 15092 --- [    Test worker] c.l.f.service.impl.UserServiceImpl       : Searching all Users that contains `zug` in username.
2020-03-24 10:52:42.923  INFO 15092 --- [    Test worker] c.l.f.service.impl.UserServiceImpl       : Deleting User with id: `1`.
2020-03-24 10:52:42.929  INFO 15092 --- [    Test worker] c.l.f.service.impl.UserServiceImpl       : Setting up variables for updated User with id: `1`
2020-03-24 10:52:42.929  INFO 15092 --- [    Test worker] c.l.f.service.impl.UserServiceImpl       : Updating User with id: `1`.
]]></system-out>
  <system-err><![CDATA[]]></system-err>
</testsuite>
