<?xml version="1.0" encoding="UTF-8"?>
<testsuite name="com.luv2code.forumoverflow.service.CategoryServiceImplTest" tests="10" skipped="0" failures="0" errors="0" timestamp="2020-03-22T22:19:37" hostname="lzugaj" time="0.102">
  <properties/>
  <testcase name="testNameAlreadyExistsReturnFalse()" classname="com.luv2code.forumoverflow.service.CategoryServiceImplTest" time="0.025"/>
  <testcase name="testNameAlreadyExistsReturnTrue()" classname="com.luv2code.forumoverflow.service.CategoryServiceImplTest" time="0.004"/>
  <testcase name="testFindAll()" classname="com.luv2code.forumoverflow.service.CategoryServiceImplTest" time="0.013"/>
  <testcase name="testSave()" classname="com.luv2code.forumoverflow.service.CategoryServiceImplTest" time="0.007"/>
  <testcase name="testFindById()" classname="com.luv2code.forumoverflow.service.CategoryServiceImplTest" time="0.007"/>
  <testcase name="testFindByUsername()" classname="com.luv2code.forumoverflow.service.CategoryServiceImplTest" time="0.005"/>
  <testcase name="testFindByIdNullPointerException()" classname="com.luv2code.forumoverflow.service.CategoryServiceImplTest" time="0.008"/>
  <testcase name="testFindByUsernameNullPointerException()" classname="com.luv2code.forumoverflow.service.CategoryServiceImplTest" time="0.006"/>
  <testcase name="testDelete()" classname="com.luv2code.forumoverflow.service.CategoryServiceImplTest" time="0.006"/>
  <testcase name="testUpdate()" classname="com.luv2code.forumoverflow.service.CategoryServiceImplTest" time="0.006"/>
  <system-out><![CDATA[2020-03-22 23:19:37.210  INFO 16760 --- [    Test worker] .b.t.c.SpringBootTestContextBootstrapper : Neither @ContextConfiguration nor @ContextHierarchy found for test class [com.luv2code.forumoverflow.service.CategoryServiceImplTest], using SpringBootContextLoader
2020-03-22 23:19:37.211  INFO 16760 --- [    Test worker] o.s.t.c.support.AbstractContextLoader    : Could not detect default resource locations for test class [com.luv2code.forumoverflow.service.CategoryServiceImplTest]: no resource found for suffixes {-context.xml, Context.groovy}.
2020-03-22 23:19:37.212  INFO 16760 --- [    Test worker] t.c.s.AnnotationConfigContextLoaderUtils : Could not detect default configuration classes for test class [com.luv2code.forumoverflow.service.CategoryServiceImplTest]: CategoryServiceImplTest does not declare any static, non-private, non-final, nested classes annotated with @Configuration.
2020-03-22 23:19:37.231  INFO 16760 --- [    Test worker] .b.t.c.SpringBootTestContextBootstrapper : Found @SpringBootConfiguration com.luv2code.forumoverflow.ForumOverflowApplication for test class com.luv2code.forumoverflow.service.CategoryServiceImplTest
2020-03-22 23:19:37.234  INFO 16760 --- [    Test worker] .b.t.c.SpringBootTestContextBootstrapper : Loaded default TestExecutionListener class names from location [META-INF/spring.factories]: [org.springframework.boot.test.autoconfigure.restdocs.RestDocsTestExecutionListener, org.springframework.boot.test.autoconfigure.web.client.MockRestServiceServerResetTestExecutionListener, org.springframework.boot.test.autoconfigure.web.servlet.MockMvcPrintOnlyOnFailureTestExecutionListener, org.springframework.boot.test.autoconfigure.web.servlet.WebDriverTestExecutionListener, org.springframework.boot.test.mock.mockito.MockitoTestExecutionListener, org.springframework.boot.test.mock.mockito.ResetMocksTestExecutionListener, org.springframework.test.context.web.ServletTestExecutionListener, org.springframework.test.context.support.DirtiesContextBeforeModesTestExecutionListener, org.springframework.test.context.support.DependencyInjectionTestExecutionListener, org.springframework.test.context.support.DirtiesContextTestExecutionListener, org.springframework.test.context.transaction.TransactionalTestExecutionListener, org.springframework.test.context.jdbc.SqlScriptsTestExecutionListener]
2020-03-22 23:19:37.235  INFO 16760 --- [    Test worker] .b.t.c.SpringBootTestContextBootstrapper : Using TestExecutionListeners: [org.springframework.test.context.web.ServletTestExecutionListener@12d7ee7d, org.springframework.test.context.support.DirtiesContextBeforeModesTestExecutionListener@1354c10e, org.springframework.boot.test.mock.mockito.MockitoTestExecutionListener@5452c1a6, org.springframework.boot.test.autoconfigure.SpringBootDependencyInjectionTestExecutionListener@87d8723, org.springframework.test.context.support.DirtiesContextTestExecutionListener@25743457, org.springframework.test.context.transaction.TransactionalTestExecutionListener@101ddd46, org.springframework.test.context.jdbc.SqlScriptsTestExecutionListener@52807112, org.springframework.boot.test.autoconfigure.restdocs.RestDocsTestExecutionListener@36a0b0fe, org.springframework.boot.test.autoconfigure.web.client.MockRestServiceServerResetTestExecutionListener@32f2fcf1, org.springframework.boot.test.autoconfigure.web.servlet.MockMvcPrintOnlyOnFailureTestExecutionListener@4cfbe004, org.springframework.boot.test.autoconfigure.web.servlet.WebDriverTestExecutionListener@1d221068, org.springframework.boot.test.mock.mockito.ResetMocksTestExecutionListener@2eb67472]
2020-03-22 23:19:37.453  INFO 16760 --- [    Test worker] c.l.f.service.impl.CategoryServiceImpl   : Searching all Categories.
2020-03-22 23:19:37.462  INFO 16760 --- [    Test worker] c.l.f.service.impl.CategoryServiceImpl   : Searching all Categories.
2020-03-22 23:19:37.468  INFO 16760 --- [    Test worker] c.l.f.service.impl.CategoryServiceImpl   : Searching all Categories.
2020-03-22 23:19:37.485  INFO 16760 --- [    Test worker] c.l.f.service.impl.CategoryServiceImpl   : Saving new Category with id: `1`
2020-03-22 23:19:37.494  INFO 16760 --- [    Test worker] c.l.f.service.impl.CategoryServiceImpl   : Searching Category with id: `1`.
2020-03-22 23:19:37.500  INFO 16760 --- [    Test worker] c.l.f.service.impl.CategoryServiceImpl   : Searching Category with name: `Marketing`.
2020-03-22 23:19:37.525  INFO 16760 --- [    Test worker] c.l.f.service.impl.CategoryServiceImpl   : Successfully deleted Category with id: `1`
2020-03-22 23:19:37.532  INFO 16760 --- [    Test worker] c.l.f.service.impl.CategoryServiceImpl   : Setting up variables for updated Category with id: `1`
2020-03-22 23:19:37.533  INFO 16760 --- [    Test worker] c.l.f.service.impl.CategoryServiceImpl   : Updating Category with id: `1`.
]]></system-out>
  <system-err><![CDATA[]]></system-err>
</testsuite>
