<?xml version="1.0" encoding="UTF-8"?>
<testsuite name="com.luv2code.forumoverflow.controller.UserControllerTest" tests="1" skipped="0" failures="0" errors="0" timestamp="2020-02-28T13:24:38" hostname="DESKTOP-F169E3V" time="0.019">
  <properties/>
  <testcase name="testSave()" classname="com.luv2code.forumoverflow.controller.UserControllerTest" time="0.019"/>
  <system-out><![CDATA[2020-02-28 14:24:37.426  INFO 17092 --- [    Test worker] .b.t.a.w.s.WebMvcTestContextBootstrapper : Neither @ContextConfiguration nor @ContextHierarchy found for test class [com.luv2code.forumoverflow.controller.UserControllerTest], using SpringBootContextLoader
2020-02-28 14:24:37.426  INFO 17092 --- [    Test worker] o.s.t.c.support.AbstractContextLoader    : Could not detect default resource locations for test class [com.luv2code.forumoverflow.controller.UserControllerTest]: no resource found for suffixes {-context.xml, Context.groovy}.
2020-02-28 14:24:37.426  INFO 17092 --- [    Test worker] t.c.s.AnnotationConfigContextLoaderUtils : Could not detect default configuration classes for test class [com.luv2code.forumoverflow.controller.UserControllerTest]: UserControllerTest does not declare any static, non-private, non-final, nested classes annotated with @Configuration.
2020-02-28 14:24:37.436  INFO 17092 --- [    Test worker] .b.t.c.SpringBootTestContextBootstrapper : Found @SpringBootConfiguration com.luv2code.forumoverflow.ForumOverflowApplication for test class com.luv2code.forumoverflow.controller.UserControllerTest
2020-02-28 14:24:37.436  INFO 17092 --- [    Test worker] .b.t.a.w.s.WebMvcTestContextBootstrapper : Loaded default TestExecutionListener class names from location [META-INF/spring.factories]: [org.springframework.boot.test.autoconfigure.restdocs.RestDocsTestExecutionListener, org.springframework.boot.test.autoconfigure.web.client.MockRestServiceServerResetTestExecutionListener, org.springframework.boot.test.autoconfigure.web.servlet.MockMvcPrintOnlyOnFailureTestExecutionListener, org.springframework.boot.test.autoconfigure.web.servlet.WebDriverTestExecutionListener, org.springframework.boot.test.mock.mockito.MockitoTestExecutionListener, org.springframework.boot.test.mock.mockito.ResetMocksTestExecutionListener, org.springframework.test.context.web.ServletTestExecutionListener, org.springframework.test.context.support.DirtiesContextBeforeModesTestExecutionListener, org.springframework.test.context.support.DependencyInjectionTestExecutionListener, org.springframework.test.context.support.DirtiesContextTestExecutionListener, org.springframework.test.context.transaction.TransactionalTestExecutionListener, org.springframework.test.context.jdbc.SqlScriptsTestExecutionListener]
2020-02-28 14:24:37.437  INFO 17092 --- [    Test worker] .b.t.a.w.s.WebMvcTestContextBootstrapper : Using TestExecutionListeners: [org.springframework.test.context.web.ServletTestExecutionListener@7e385e59, org.springframework.test.context.support.DirtiesContextBeforeModesTestExecutionListener@6867d643, org.springframework.boot.test.mock.mockito.MockitoTestExecutionListener@67b147f3, org.springframework.boot.test.autoconfigure.SpringBootDependencyInjectionTestExecutionListener@67b2cffd, org.springframework.test.context.support.DirtiesContextTestExecutionListener@5bc48fc4, org.springframework.test.context.transaction.TransactionalTestExecutionListener@dc79f31, org.springframework.test.context.jdbc.SqlScriptsTestExecutionListener@60a4dfa5, org.springframework.boot.test.autoconfigure.restdocs.RestDocsTestExecutionListener@1118396b, org.springframework.boot.test.autoconfigure.web.client.MockRestServiceServerResetTestExecutionListener@6edd2e23, org.springframework.boot.test.autoconfigure.web.servlet.MockMvcPrintOnlyOnFailureTestExecutionListener@5f520ade, org.springframework.boot.test.autoconfigure.web.servlet.WebDriverTestExecutionListener@194dbf66, org.springframework.boot.test.mock.mockito.ResetMocksTestExecutionListener@494e1e45]

  .   ____          _            __ _ _
 /\\ / ___'_ __ _ _(_)_ __  __ _ \ \ \ \
( ( )\___ | '_ | '_| | '_ \/ _` | \ \ \ \
 \\/  ___)| |_)| | | | | || (_| |  ) ) ) )
  '  |____| .__|_| |_|_| |_\__, | / / / /
 =========|_|==============|___/=/_/_/_/
 :: Spring Boot ::        (v2.1.0.RELEASE)

2020-02-28 14:24:37.471  INFO 17092 --- [    Test worker] c.l.f.controller.UserControllerTest      : Starting UserControllerTest on DESKTOP-F169E3V with PID 17092 (started by lzugaj in H:\lzugaj\workspace\Projects\ForumOverflow)
2020-02-28 14:24:37.473  INFO 17092 --- [    Test worker] c.l.f.controller.UserControllerTest      : No active profile set, falling back to default profiles: default
2020-02-28 14:24:38.173  INFO 17092 --- [    Test worker] trationDelegate$BeanPostProcessorChecker : Bean 'org.springframework.hateoas.config.HateoasConfiguration' of type [org.springframework.hateoas.config.HateoasConfiguration$$EnhancerBySpringCGLIB$$e0e13778] is not eligible for getting processed by all BeanPostProcessors (for example: not eligible for auto-proxying)
2020-02-28 14:24:38.552  INFO 17092 --- [    Test worker] o.s.s.concurrent.ThreadPoolTaskExecutor  : Initializing ExecutorService 'applicationTaskExecutor'
2020-02-28 14:24:38.829  INFO 17092 --- [    Test worker] o.s.b.t.m.w.SpringBootMockServletContext : Initializing Spring TestDispatcherServlet ''
2020-02-28 14:24:38.829  INFO 17092 --- [    Test worker] o.s.t.web.servlet.TestDispatcherServlet  : Initializing Servlet ''
2020-02-28 14:24:38.844  INFO 17092 --- [    Test worker] o.s.t.web.servlet.TestDispatcherServlet  : Completed initialization in 15 ms
2020-02-28 14:24:38.873  INFO 17092 --- [    Test worker] c.l.f.controller.UserControllerTest      : Started UserControllerTest in 1.433 seconds (JVM running for 20.448)
2020-02-28 14:24:38.894  INFO 17092 --- [    Test worker] c.l.f.rest.controller.UserController     : Successfully saved User with id: `1`.
]]></system-out>
  <system-err><![CDATA[]]></system-err>
</testsuite>
