<?xml version="1.0" encoding="UTF-8"?>
<testsuite name="com.luv2code.forumoverflow.service.UserServiceImplTest" tests="6" skipped="0" failures="0" errors="0" timestamp="2020-02-26T14:00:58" hostname="DESKTOP-F169E3V" time="0.056">
  <properties/>
  <testcase name="testSaveWhenUserWithEmailAlreadyExistsException()" classname="com.luv2code.forumoverflow.service.UserServiceImplTest" time="0.013"/>
  <testcase name="testFindAll()" classname="com.luv2code.forumoverflow.service.UserServiceImplTest" time="0.006"/>
  <testcase name="testSave()" classname="com.luv2code.forumoverflow.service.UserServiceImplTest" time="0.005"/>
  <testcase name="testSaveWhenUserWithUsernameAlreadyExistsException()" classname="com.luv2code.forumoverflow.service.UserServiceImplTest" time="0.007"/>
  <testcase name="testFindByUsernameEntityNotFoundException()" classname="com.luv2code.forumoverflow.service.UserServiceImplTest" time="0.007"/>
  <testcase name="testFindByUsername()" classname="com.luv2code.forumoverflow.service.UserServiceImplTest" time="0.006"/>
  <system-out><![CDATA[2020-02-26 15:00:58.921  INFO 17720 --- [    Test worker] .b.t.c.SpringBootTestContextBootstrapper : Neither @ContextConfiguration nor @ContextHierarchy found for test class [com.luv2code.forumoverflow.service.UserServiceImplTest], using SpringBootContextLoader
2020-02-26 15:00:58.921  INFO 17720 --- [    Test worker] o.s.t.c.support.AbstractContextLoader    : Could not detect default resource locations for test class [com.luv2code.forumoverflow.service.UserServiceImplTest]: no resource found for suffixes {-context.xml, Context.groovy}.
2020-02-26 15:00:58.921  INFO 17720 --- [    Test worker] t.c.s.AnnotationConfigContextLoaderUtils : Could not detect default configuration classes for test class [com.luv2code.forumoverflow.service.UserServiceImplTest]: UserServiceImplTest does not declare any static, non-private, non-final, nested classes annotated with @Configuration.
2020-02-26 15:00:58.921  INFO 17720 --- [    Test worker] .b.t.c.SpringBootTestContextBootstrapper : Found @SpringBootConfiguration com.luv2code.forumoverflow.ForumOverflowApplication for test class com.luv2code.forumoverflow.service.UserServiceImplTest
2020-02-26 15:00:58.921  INFO 17720 --- [    Test worker] .b.t.c.SpringBootTestContextBootstrapper : Loaded default TestExecutionListener class names from location [META-INF/spring.factories]: [org.springframework.boot.test.autoconfigure.restdocs.RestDocsTestExecutionListener, org.springframework.boot.test.autoconfigure.web.client.MockRestServiceServerResetTestExecutionListener, org.springframework.boot.test.autoconfigure.web.servlet.MockMvcPrintOnlyOnFailureTestExecutionListener, org.springframework.boot.test.autoconfigure.web.servlet.WebDriverTestExecutionListener, org.springframework.boot.test.mock.mockito.MockitoTestExecutionListener, org.springframework.boot.test.mock.mockito.ResetMocksTestExecutionListener, org.springframework.test.context.web.ServletTestExecutionListener, org.springframework.test.context.support.DirtiesContextBeforeModesTestExecutionListener, org.springframework.test.context.support.DependencyInjectionTestExecutionListener, org.springframework.test.context.support.DirtiesContextTestExecutionListener, org.springframework.test.context.transaction.TransactionalTestExecutionListener, org.springframework.test.context.jdbc.SqlScriptsTestExecutionListener, org.springframework.test.context.event.EventPublishingTestExecutionListener]
2020-02-26 15:00:58.921  INFO 17720 --- [    Test worker] .b.t.c.SpringBootTestContextBootstrapper : Using TestExecutionListeners: [org.springframework.test.context.web.ServletTestExecutionListener@2c4f5951, org.springframework.test.context.support.DirtiesContextBeforeModesTestExecutionListener@172e4edf, org.springframework.boot.test.mock.mockito.MockitoTestExecutionListener@1ac35f84, org.springframework.boot.test.autoconfigure.SpringBootDependencyInjectionTestExecutionListener@9db0614, org.springframework.test.context.support.DirtiesContextTestExecutionListener@5f0843af, org.springframework.test.context.transaction.TransactionalTestExecutionListener@3a35b627, org.springframework.test.context.jdbc.SqlScriptsTestExecutionListener@3a0ae19a, org.springframework.test.context.event.EventPublishingTestExecutionListener@6bb0bb69, org.springframework.boot.test.autoconfigure.restdocs.RestDocsTestExecutionListener@7638888b, org.springframework.boot.test.autoconfigure.web.client.MockRestServiceServerResetTestExecutionListener@61ab8ce5, org.springframework.boot.test.autoconfigure.web.servlet.MockMvcPrintOnlyOnFailureTestExecutionListener@c40b77b, org.springframework.boot.test.autoconfigure.web.servlet.WebDriverTestExecutionListener@62453e69, org.springframework.boot.test.mock.mockito.ResetMocksTestExecutionListener@508b8e7a]
2020-02-26 15:00:59.000  INFO 17720 --- [    Test worker] c.l.f.service.impl.UserServiceImpl       : Searching all Users.
2020-02-26 15:00:59.000  INFO 17720 --- [    Test worker] c.l.f.service.impl.UserServiceImpl       : Searching all Users.
2020-02-26 15:00:59.000  INFO 17720 --- [    Test worker] c.l.f.service.impl.UserServiceImpl       : User with email(`palsi@gmail.com`) already exists.
2020-02-26 15:00:59.015  INFO 17720 --- [    Test worker] c.l.f.service.impl.UserServiceImpl       : Searching all Users.
2020-02-26 15:00:59.015  INFO 17720 --- [    Test worker] c.l.f.service.impl.UserServiceImpl       : Searching all Users.
2020-02-26 15:00:59.015  INFO 17720 --- [    Test worker] c.l.f.service.impl.UserServiceImpl       : Searching all Users.
2020-02-26 15:00:59.015  INFO 17720 --- [    Test worker] c.l.f.service.impl.UserServiceImpl       : Saving User with id: `1`.
2020-02-26 15:00:59.031  INFO 17720 --- [    Test worker] c.l.f.service.impl.UserServiceImpl       : Searching all Users.
2020-02-26 15:00:59.031  INFO 17720 --- [    Test worker] c.l.f.service.impl.UserServiceImpl       : User with username(´palsi´) already exists.
2020-02-26 15:00:59.046  INFO 17720 --- [    Test worker] c.l.f.service.impl.UserServiceImpl       : Searching User with username: `palsi`.
]]></system-out>
  <system-err><![CDATA[]]></system-err>
</testsuite>
