<?xml version="1.0" encoding="UTF-8"?>
<testsuite name="com.luv2code.forumoverflow.controller.UserControllerTest" tests="7" skipped="0" failures="0" errors="0" timestamp="2020-03-15T15:59:18" hostname="DESKTOP-F169E3V" time="0.111">
  <properties/>
  <testcase name="testFindAll()" classname="com.luv2code.forumoverflow.controller.UserControllerTest" time="0.019"/>
  <testcase name="testSave()" classname="com.luv2code.forumoverflow.controller.UserControllerTest" time="0.013"/>
  <testcase name="testUpdateUserStatus()" classname="com.luv2code.forumoverflow.controller.UserControllerTest" time="0.015"/>
  <testcase name="testFindById()" classname="com.luv2code.forumoverflow.controller.UserControllerTest" time="0.01"/>
  <testcase name="testFindAllThatContainsUsername()" classname="com.luv2code.forumoverflow.controller.UserControllerTest" time="0.012"/>
  <testcase name="testDelete()" classname="com.luv2code.forumoverflow.controller.UserControllerTest" time="0.011"/>
  <testcase name="testUpdate()" classname="com.luv2code.forumoverflow.controller.UserControllerTest" time="0.014"/>
  <system-out><![CDATA[2020-03-15 16:59:16.639  INFO 16220 --- [    Test worker] .b.t.a.w.s.WebMvcTestContextBootstrapper : Neither @ContextConfiguration nor @ContextHierarchy found for test class [com.luv2code.forumoverflow.controller.UserControllerTest], using SpringBootContextLoader
2020-03-15 16:59:16.639  INFO 16220 --- [    Test worker] o.s.t.c.support.AbstractContextLoader    : Could not detect default resource locations for test class [com.luv2code.forumoverflow.controller.UserControllerTest]: no resource found for suffixes {-context.xml, Context.groovy}.
2020-03-15 16:59:16.639  INFO 16220 --- [    Test worker] t.c.s.AnnotationConfigContextLoaderUtils : Could not detect default configuration classes for test class [com.luv2code.forumoverflow.controller.UserControllerTest]: UserControllerTest does not declare any static, non-private, non-final, nested classes annotated with @Configuration.
2020-03-15 16:59:16.639  INFO 16220 --- [    Test worker] .b.t.c.SpringBootTestContextBootstrapper : Found @SpringBootConfiguration com.luv2code.forumoverflow.ForumOverflowApplication for test class com.luv2code.forumoverflow.controller.UserControllerTest
2020-03-15 16:59:16.639  INFO 16220 --- [    Test worker] .b.t.a.w.s.WebMvcTestContextBootstrapper : Loaded default TestExecutionListener class names from location [META-INF/spring.factories]: [org.springframework.boot.test.autoconfigure.restdocs.RestDocsTestExecutionListener, org.springframework.boot.test.autoconfigure.web.client.MockRestServiceServerResetTestExecutionListener, org.springframework.boot.test.autoconfigure.web.servlet.MockMvcPrintOnlyOnFailureTestExecutionListener, org.springframework.boot.test.autoconfigure.web.servlet.WebDriverTestExecutionListener, org.springframework.boot.test.mock.mockito.MockitoTestExecutionListener, org.springframework.boot.test.mock.mockito.ResetMocksTestExecutionListener, org.springframework.test.context.web.ServletTestExecutionListener, org.springframework.test.context.support.DirtiesContextBeforeModesTestExecutionListener, org.springframework.test.context.support.DependencyInjectionTestExecutionListener, org.springframework.test.context.support.DirtiesContextTestExecutionListener, org.springframework.test.context.transaction.TransactionalTestExecutionListener, org.springframework.test.context.jdbc.SqlScriptsTestExecutionListener]
2020-03-15 16:59:16.655  INFO 16220 --- [    Test worker] .b.t.a.w.s.WebMvcTestContextBootstrapper : Using TestExecutionListeners: [org.springframework.test.context.web.ServletTestExecutionListener@7ff7bbe7, org.springframework.test.context.support.DirtiesContextBeforeModesTestExecutionListener@13c1a14, org.springframework.boot.test.mock.mockito.MockitoTestExecutionListener@603e376b, org.springframework.boot.test.autoconfigure.SpringBootDependencyInjectionTestExecutionListener@27e7397c, org.springframework.test.context.support.DirtiesContextTestExecutionListener@650d86e4, org.springframework.test.context.transaction.TransactionalTestExecutionListener@480dceb, org.springframework.test.context.jdbc.SqlScriptsTestExecutionListener@1514367f, org.springframework.boot.test.autoconfigure.restdocs.RestDocsTestExecutionListener@ba6c178, org.springframework.boot.test.autoconfigure.web.client.MockRestServiceServerResetTestExecutionListener@2954c4e, org.springframework.boot.test.autoconfigure.web.servlet.MockMvcPrintOnlyOnFailureTestExecutionListener@f0bf73, org.springframework.boot.test.autoconfigure.web.servlet.WebDriverTestExecutionListener@34e3c6dc, org.springframework.boot.test.mock.mockito.ResetMocksTestExecutionListener@9f36c39]

  .   ____          _            __ _ _
 /\\ / ___'_ __ _ _(_)_ __  __ _ \ \ \ \
( ( )\___ | '_ | '_| | '_ \/ _` | \ \ \ \
 \\/  ___)| |_)| | | | | || (_| |  ) ) ) )
  '  |____| .__|_| |_|_| |_\__, | / / / /
 =========|_|==============|___/=/_/_/_/
 :: Spring Boot ::        (v2.1.0.RELEASE)

2020-03-15 16:59:16.701  INFO 16220 --- [    Test worker] c.l.f.controller.UserControllerTest      : Starting UserControllerTest on DESKTOP-F169E3V with PID 16220 (started by lzugaj in H:\lzugaj\workspace\Projects\ForumOverflow)
2020-03-15 16:59:16.701  INFO 16220 --- [    Test worker] c.l.f.controller.UserControllerTest      : No active profile set, falling back to default profiles: default
2020-03-15 16:59:17.656  INFO 16220 --- [    Test worker] trationDelegate$BeanPostProcessorChecker : Bean 'org.springframework.hateoas.config.HateoasConfiguration' of type [org.springframework.hateoas.config.HateoasConfiguration$$EnhancerBySpringCGLIB$$af62b5ec] is not eligible for getting processed by all BeanPostProcessors (for example: not eligible for auto-proxying)
2020-03-15 16:59:18.156  INFO 16220 --- [    Test worker] o.s.s.concurrent.ThreadPoolTaskExecutor  : Initializing ExecutorService 'applicationTaskExecutor'
2020-03-15 16:59:18.484  INFO 16220 --- [    Test worker] o.s.b.t.m.w.SpringBootMockServletContext : Initializing Spring TestDispatcherServlet ''
2020-03-15 16:59:18.484  INFO 16220 --- [    Test worker] o.s.t.web.servlet.TestDispatcherServlet  : Initializing Servlet ''
2020-03-15 16:59:18.500  INFO 16220 --- [    Test worker] o.s.t.web.servlet.TestDispatcherServlet  : Completed initialization in 16 ms
2020-03-15 16:59:18.531  INFO 16220 --- [    Test worker] c.l.f.controller.UserControllerTest      : Started UserControllerTest in 1.876 seconds (JVM running for 13.633)
2020-03-15 16:59:18.546  INFO 16220 --- [    Test worker] c.l.f.rest.controller.UserController     : Successfully found all Users.
2020-03-15 16:59:18.578  INFO 16220 --- [    Test worker] c.l.f.rest.controller.UserController     : Successfully saved User with id: `1`.
2020-03-15 16:59:18.593  INFO 16220 --- [    Test worker] c.l.f.rest.controller.UserController     : Successfully updated User status for User with username: `lzugaj`.
2020-03-15 16:59:18.593  INFO 16220 --- [    Test worker] c.l.f.rest.controller.UserController     : Successfully founded User with id: `1`
2020-03-15 16:59:18.609  INFO 16220 --- [    Test worker] c.l.f.rest.controller.UserController     : Successfully founded all Users that contains `zug` in username
2020-03-15 16:59:18.624  INFO 16220 --- [    Test worker] c.l.f.rest.controller.UserController     : Successfully deleted User with id: `1`
2020-03-15 16:59:18.640  INFO 16220 --- [    Test worker] c.l.f.rest.controller.UserController     : Successfully updated User with id: `1`
]]></system-out>
  <system-err><![CDATA[]]></system-err>
</testsuite>
