<?xml version="1.0" encoding="UTF-8"?>
<testsuite name="com.luv2code.forumoverflow.controller.PostControllerTest" tests="5" skipped="0" failures="0" errors="0" timestamp="2020-03-15T15:59:16" hostname="DESKTOP-F169E3V" time="0.551">
  <properties/>
  <testcase name="testFindAll()" classname="com.luv2code.forumoverflow.controller.PostControllerTest" time="0.352"/>
  <testcase name="testSave()" classname="com.luv2code.forumoverflow.controller.PostControllerTest" time="0.143"/>
  <testcase name="testFindById()" classname="com.luv2code.forumoverflow.controller.PostControllerTest" time="0.016"/>
  <testcase name="testDelete()" classname="com.luv2code.forumoverflow.controller.PostControllerTest" time="0.014"/>
  <testcase name="testUpdate()" classname="com.luv2code.forumoverflow.controller.PostControllerTest" time="0.012"/>
  <system-out><![CDATA[16:59:07.609 [Test worker] DEBUG org.springframework.test.context.BootstrapUtils - Instantiating CacheAwareContextLoaderDelegate from class [org.springframework.test.context.cache.DefaultCacheAwareContextLoaderDelegate]
16:59:07.674 [Test worker] DEBUG org.springframework.test.context.BootstrapUtils - Instantiating BootstrapContext using constructor [public org.springframework.test.context.support.DefaultBootstrapContext(java.lang.Class,org.springframework.test.context.CacheAwareContextLoaderDelegate)]
16:59:07.736 [Test worker] DEBUG org.springframework.test.context.BootstrapUtils - Instantiating TestContextBootstrapper for test class [com.luv2code.forumoverflow.controller.PostControllerTest] from class [org.springframework.boot.test.autoconfigure.web.servlet.WebMvcTestContextBootstrapper]
16:59:07.774 [Test worker] INFO org.springframework.boot.test.autoconfigure.web.servlet.WebMvcTestContextBootstrapper - Neither @ContextConfiguration nor @ContextHierarchy found for test class [com.luv2code.forumoverflow.controller.PostControllerTest], using SpringBootContextLoader
16:59:07.784 [Test worker] DEBUG org.springframework.test.context.support.AbstractContextLoader - Did not detect default resource location for test class [com.luv2code.forumoverflow.controller.PostControllerTest]: class path resource [com/luv2code/forumoverflow/controller/PostControllerTest-context.xml] does not exist
16:59:07.785 [Test worker] DEBUG org.springframework.test.context.support.AbstractContextLoader - Did not detect default resource location for test class [com.luv2code.forumoverflow.controller.PostControllerTest]: class path resource [com/luv2code/forumoverflow/controller/PostControllerTestContext.groovy] does not exist
16:59:07.786 [Test worker] INFO org.springframework.test.context.support.AbstractContextLoader - Could not detect default resource locations for test class [com.luv2code.forumoverflow.controller.PostControllerTest]: no resource found for suffixes {-context.xml, Context.groovy}.
16:59:07.788 [Test worker] INFO org.springframework.test.context.support.AnnotationConfigContextLoaderUtils - Could not detect default configuration classes for test class [com.luv2code.forumoverflow.controller.PostControllerTest]: PostControllerTest does not declare any static, non-private, non-final, nested classes annotated with @Configuration.
16:59:07.973 [Test worker] DEBUG org.springframework.test.context.support.ActiveProfilesUtils - Could not find an 'annotation declaring class' for annotation type [org.springframework.test.context.ActiveProfiles] and class [com.luv2code.forumoverflow.controller.PostControllerTest]
16:59:08.280 [Test worker] DEBUG org.springframework.context.annotation.ClassPathScanningCandidateComponentProvider - Identified candidate component class: file [H:\lzugaj\workspace\Projects\ForumOverflow\build\classes\java\main\com\luv2code\forumoverflow\ForumOverflowApplication.class]
16:59:08.280 [Test worker] INFO org.springframework.boot.test.context.SpringBootTestContextBootstrapper - Found @SpringBootConfiguration com.luv2code.forumoverflow.ForumOverflowApplication for test class com.luv2code.forumoverflow.controller.PostControllerTest
16:59:08.280 [Test worker] DEBUG org.springframework.boot.test.autoconfigure.web.servlet.WebMvcTestContextBootstrapper - @TestExecutionListeners is not present for class [com.luv2code.forumoverflow.controller.PostControllerTest]: using defaults.
16:59:08.280 [Test worker] INFO org.springframework.boot.test.autoconfigure.web.servlet.WebMvcTestContextBootstrapper - Loaded default TestExecutionListener class names from location [META-INF/spring.factories]: [org.springframework.boot.test.autoconfigure.restdocs.RestDocsTestExecutionListener, org.springframework.boot.test.autoconfigure.web.client.MockRestServiceServerResetTestExecutionListener, org.springframework.boot.test.autoconfigure.web.servlet.MockMvcPrintOnlyOnFailureTestExecutionListener, org.springframework.boot.test.autoconfigure.web.servlet.WebDriverTestExecutionListener, org.springframework.boot.test.mock.mockito.MockitoTestExecutionListener, org.springframework.boot.test.mock.mockito.ResetMocksTestExecutionListener, org.springframework.test.context.web.ServletTestExecutionListener, org.springframework.test.context.support.DirtiesContextBeforeModesTestExecutionListener, org.springframework.test.context.support.DependencyInjectionTestExecutionListener, org.springframework.test.context.support.DirtiesContextTestExecutionListener, org.springframework.test.context.transaction.TransactionalTestExecutionListener, org.springframework.test.context.jdbc.SqlScriptsTestExecutionListener]
16:59:08.343 [Test worker] INFO org.springframework.boot.test.autoconfigure.web.servlet.WebMvcTestContextBootstrapper - Using TestExecutionListeners: [org.springframework.test.context.web.ServletTestExecutionListener@431140d4, org.springframework.test.context.support.DirtiesContextBeforeModesTestExecutionListener@7ed3a3e0, org.springframework.boot.test.mock.mockito.MockitoTestExecutionListener@29ae20a9, org.springframework.boot.test.autoconfigure.SpringBootDependencyInjectionTestExecutionListener@21e05676, org.springframework.test.context.support.DirtiesContextTestExecutionListener@68bea57e, org.springframework.test.context.transaction.TransactionalTestExecutionListener@b91c72a, org.springframework.test.context.jdbc.SqlScriptsTestExecutionListener@53621599, org.springframework.boot.test.autoconfigure.restdocs.RestDocsTestExecutionListener@7012ba65, org.springframework.boot.test.autoconfigure.web.client.MockRestServiceServerResetTestExecutionListener@6d1a644c, org.springframework.boot.test.autoconfigure.web.servlet.MockMvcPrintOnlyOnFailureTestExecutionListener@68b75652, org.springframework.boot.test.autoconfigure.web.servlet.WebDriverTestExecutionListener@2bba4800, org.springframework.boot.test.mock.mockito.ResetMocksTestExecutionListener@4e1e0e80]
16:59:08.343 [Test worker] DEBUG org.springframework.test.context.support.AbstractDirtiesContextTestExecutionListener - Before test class: context [DefaultTestContext@285ba6b6 testClass = PostControllerTest, testInstance = [null], testMethod = [null], testException = [null], mergedContextConfiguration = [WebMergedContextConfiguration@70eeb0f2 testClass = PostControllerTest, locations = '{}', classes = '{class com.luv2code.forumoverflow.ForumOverflowApplication}', contextInitializerClasses = '[]', activeProfiles = '{}', propertySourceLocations = '{}', propertySourceProperties = '{org.springframework.boot.test.autoconfigure.web.servlet.WebMvcTestContextBootstrapper=true}', contextCustomizers = set[org.springframework.boot.test.autoconfigure.OverrideAutoConfigurationContextCustomizerFactory$DisableAutoConfigurationContextCustomizer@76150814, org.springframework.boot.test.autoconfigure.filter.TypeExcludeFiltersContextCustomizer@8d65b269, org.springframework.boot.test.autoconfigure.properties.PropertyMappingContextCustomizer@99c6ec33, org.springframework.boot.test.autoconfigure.web.servlet.WebDriverContextCustomizerFactory$Customizer@60750108, [ImportsContextCustomizer@17841c56 key = [org.springframework.boot.autoconfigure.cache.CacheAutoConfiguration, org.springframework.boot.autoconfigure.context.MessageSourceAutoConfiguration, org.springframework.boot.autoconfigure.data.web.SpringDataWebAutoConfiguration, org.springframework.boot.autoconfigure.freemarker.FreeMarkerAutoConfiguration, org.springframework.boot.autoconfigure.groovy.template.GroovyTemplateAutoConfiguration, org.springframework.boot.autoconfigure.gson.GsonAutoConfiguration, org.springframework.boot.autoconfigure.hateoas.HypermediaAutoConfiguration, org.springframework.boot.autoconfigure.http.HttpMessageConvertersAutoConfiguration, org.springframework.boot.autoconfigure.jackson.JacksonAutoConfiguration, org.springframework.boot.autoconfigure.jsonb.JsonbAutoConfiguration, org.springframework.boot.autoconfigure.mustache.MustacheAutoConfiguration, org.springframework.boot.autoconfigure.task.TaskExecutionAutoConfiguration, org.springframework.boot.autoconfigure.thymeleaf.ThymeleafAutoConfiguration, org.springframework.boot.autoconfigure.validation.ValidationAutoConfiguration, org.springframework.boot.autoconfigure.web.servlet.error.ErrorMvcAutoConfiguration, org.springframework.boot.autoconfigure.web.servlet.WebMvcAutoConfiguration, org.springframework.boot.test.autoconfigure.web.servlet.MockMvcAutoConfiguration, org.springframework.boot.test.autoconfigure.web.servlet.MockMvcSecurityAutoConfiguration, org.springframework.boot.test.autoconfigure.web.servlet.MockMvcWebClientAutoConfiguration, org.springframework.boot.test.autoconfigure.web.servlet.MockMvcWebDriverAutoConfiguration]], org.springframework.boot.test.context.filter.ExcludeFilterContextCustomizer@4da59c09, org.springframework.boot.test.json.DuplicateJsonObjectContextCustomizerFactory$DuplicateJsonObjectContextCustomizer@751fe87e, org.springframework.boot.test.mock.mockito.MockitoContextCustomizer@ca8086a1], resourceBasePath = '', contextLoader = 'org.springframework.boot.test.context.SpringBootContextLoader', parent = [null]], attributes = map[[empty]]], class annotated with @DirtiesContext [false] with mode [null].
16:59:08.641 [Test worker] DEBUG org.springframework.test.context.support.TestPropertySourceUtils - Adding inlined properties to environment: {spring.jmx.enabled=false, org.springframework.boot.test.autoconfigure.web.servlet.WebMvcTestContextBootstrapper=true, server.port=-1}

  .   ____          _            __ _ _
 /\\ / ___'_ __ _ _(_)_ __  __ _ \ \ \ \
( ( )\___ | '_ | '_| | '_ \/ _` | \ \ \ \
 \\/  ___)| |_)| | | | | || (_| |  ) ) ) )
  '  |____| .__|_| |_|_| |_\__, | / / / /
 =========|_|==============|___/=/_/_/_/
 :: Spring Boot ::        (v2.1.0.RELEASE)

2020-03-15 16:59:09.453  INFO 16220 --- [    Test worker] c.l.f.controller.PostControllerTest      : Starting PostControllerTest on DESKTOP-F169E3V with PID 16220 (started by lzugaj in H:\lzugaj\workspace\Projects\ForumOverflow)
2020-03-15 16:59:09.469  INFO 16220 --- [    Test worker] c.l.f.controller.PostControllerTest      : No active profile set, falling back to default profiles: default
2020-03-15 16:59:13.077  INFO 16220 --- [    Test worker] trationDelegate$BeanPostProcessorChecker : Bean 'org.springframework.hateoas.config.HateoasConfiguration' of type [org.springframework.hateoas.config.HateoasConfiguration$$EnhancerBySpringCGLIB$$af62b5ec] is not eligible for getting processed by all BeanPostProcessors (for example: not eligible for auto-proxying)
2020-03-15 16:59:14.561  INFO 16220 --- [    Test worker] o.s.s.concurrent.ThreadPoolTaskExecutor  : Initializing ExecutorService 'applicationTaskExecutor'
2020-03-15 16:59:15.874  INFO 16220 --- [    Test worker] o.s.b.t.m.w.SpringBootMockServletContext : Initializing Spring TestDispatcherServlet ''
2020-03-15 16:59:15.874  INFO 16220 --- [    Test worker] o.s.t.web.servlet.TestDispatcherServlet  : Initializing Servlet ''
2020-03-15 16:59:15.920  INFO 16220 --- [    Test worker] o.s.t.web.servlet.TestDispatcherServlet  : Completed initialization in 46 ms
2020-03-15 16:59:16.014  INFO 16220 --- [    Test worker] c.l.f.controller.PostControllerTest      : Started PostControllerTest in 7.342 seconds (JVM running for 11.104)
2020-03-15 16:59:16.327  INFO 16220 --- [    Test worker] c.l.f.rest.controller.PostController     : Successfully founded all Posts.
2020-03-15 16:59:16.530  INFO 16220 --- [    Test worker] c.l.f.rest.controller.PostController     : Successfully saved Post with id: `1`.
2020-03-15 16:59:16.545  INFO 16220 --- [    Test worker] c.l.f.rest.controller.PostController     : Successfully founded Post with id: `3`.
2020-03-15 16:59:16.561  INFO 16220 --- [    Test worker] c.l.f.rest.controller.PostController     : Successfully deleted Post with id: `3`.
2020-03-15 16:59:16.576  INFO 16220 --- [    Test worker] c.l.f.rest.controller.PostController     : Successfully updated Post with id: `3`.
]]></system-out>
  <system-err><![CDATA[]]></system-err>
</testsuite>
