<?xml version="1.0" encoding="UTF-8"?>
<testsuite name="com.luv2code.forumoverflow.ForumOverflowApplicationTests" tests="1" skipped="0" failures="0" errors="0" timestamp="2020-03-01T08:02:52" hostname="DESKTOP-F169E3V" time="0.004">
  <properties/>
  <testcase name="contextLoads()" classname="com.luv2code.forumoverflow.ForumOverflowApplicationTests" time="0.004"/>
  <system-out><![CDATA[2020-03-01 09:02:51.979  INFO 13968 --- [    Test worker] .b.t.c.SpringBootTestContextBootstrapper : Neither @ContextConfiguration nor @ContextHierarchy found for test class [com.luv2code.forumoverflow.ForumOverflowApplicationTests], using SpringBootContextLoader
2020-03-01 09:02:51.980  INFO 13968 --- [    Test worker] o.s.t.c.support.AbstractContextLoader    : Could not detect default resource locations for test class [com.luv2code.forumoverflow.ForumOverflowApplicationTests]: no resource found for suffixes {-context.xml, Context.groovy}.
2020-03-01 09:02:51.981  INFO 13968 --- [    Test worker] t.c.s.AnnotationConfigContextLoaderUtils : Could not detect default configuration classes for test class [com.luv2code.forumoverflow.ForumOverflowApplicationTests]: ForumOverflowApplicationTests does not declare any static, non-private, non-final, nested classes annotated with @Configuration.
2020-03-01 09:02:52.190  INFO 13968 --- [    Test worker] .b.t.c.SpringBootTestContextBootstrapper : Found @SpringBootConfiguration com.luv2code.forumoverflow.ForumOverflowApplication for test class com.luv2code.forumoverflow.ForumOverflowApplicationTests
2020-03-01 09:02:52.192  INFO 13968 --- [    Test worker] .b.t.c.SpringBootTestContextBootstrapper : Loaded default TestExecutionListener class names from location [META-INF/spring.factories]: [org.springframework.boot.test.autoconfigure.restdocs.RestDocsTestExecutionListener, org.springframework.boot.test.autoconfigure.web.client.MockRestServiceServerResetTestExecutionListener, org.springframework.boot.test.autoconfigure.web.servlet.MockMvcPrintOnlyOnFailureTestExecutionListener, org.springframework.boot.test.autoconfigure.web.servlet.WebDriverTestExecutionListener, org.springframework.boot.test.mock.mockito.MockitoTestExecutionListener, org.springframework.boot.test.mock.mockito.ResetMocksTestExecutionListener, org.springframework.test.context.web.ServletTestExecutionListener, org.springframework.test.context.support.DirtiesContextBeforeModesTestExecutionListener, org.springframework.test.context.support.DependencyInjectionTestExecutionListener, org.springframework.test.context.support.DirtiesContextTestExecutionListener, org.springframework.test.context.transaction.TransactionalTestExecutionListener, org.springframework.test.context.jdbc.SqlScriptsTestExecutionListener]
2020-03-01 09:02:52.192  INFO 13968 --- [    Test worker] .b.t.c.SpringBootTestContextBootstrapper : Using TestExecutionListeners: [org.springframework.test.context.web.ServletTestExecutionListener@33f151be, org.springframework.test.context.support.DirtiesContextBeforeModesTestExecutionListener@4594e315, org.springframework.boot.test.mock.mockito.MockitoTestExecutionListener@7e27d642, org.springframework.boot.test.autoconfigure.SpringBootDependencyInjectionTestExecutionListener@6abcb3b1, org.springframework.test.context.support.DirtiesContextTestExecutionListener@537963f9, org.springframework.test.context.transaction.TransactionalTestExecutionListener@3117bec8, org.springframework.test.context.jdbc.SqlScriptsTestExecutionListener@71c2eb6e, org.springframework.boot.test.autoconfigure.restdocs.RestDocsTestExecutionListener@7e6cffdc, org.springframework.boot.test.autoconfigure.web.client.MockRestServiceServerResetTestExecutionListener@66122d43, org.springframework.boot.test.autoconfigure.web.servlet.MockMvcPrintOnlyOnFailureTestExecutionListener@6a7f2eb7, org.springframework.boot.test.autoconfigure.web.servlet.WebDriverTestExecutionListener@c80210d, org.springframework.boot.test.mock.mockito.ResetMocksTestExecutionListener@158bad5e]
]]></system-out>
  <system-err><![CDATA[]]></system-err>
</testsuite>
