<?xml version="1.0" encoding="UTF-8"?>
<testsuite name="com.luv2code.forumoverflow.service.PostServiceImplTest" tests="8" skipped="0" failures="0" errors="0" timestamp="2020-02-28T13:24:34" hostname="DESKTOP-F169E3V" time="0.094">
  <properties/>
  <testcase name="testUpdateEntityNotFoundException()" classname="com.luv2code.forumoverflow.service.PostServiceImplTest" time="0.016"/>
  <testcase name="testFindAll()" classname="com.luv2code.forumoverflow.service.PostServiceImplTest" time="0.007"/>
  <testcase name="testSave()" classname="com.luv2code.forumoverflow.service.PostServiceImplTest" time="0.009"/>
  <testcase name="testFindById()" classname="com.luv2code.forumoverflow.service.PostServiceImplTest" time="0.008"/>
  <testcase name="testFindByIdEntityNotFoundException()" classname="com.luv2code.forumoverflow.service.PostServiceImplTest" time="0.009"/>
  <testcase name="testDeleteEntityNotFoundException()" classname="com.luv2code.forumoverflow.service.PostServiceImplTest" time="0.009"/>
  <testcase name="testDelete()" classname="com.luv2code.forumoverflow.service.PostServiceImplTest" time="0.009"/>
  <testcase name="testUpdate()" classname="com.luv2code.forumoverflow.service.PostServiceImplTest" time="0.01"/>
  <system-out><![CDATA[2020-02-28 14:24:34.805  INFO 17092 --- [    Test worker] .b.t.c.SpringBootTestContextBootstrapper : Neither @ContextConfiguration nor @ContextHierarchy found for test class [com.luv2code.forumoverflow.service.PostServiceImplTest], using SpringBootContextLoader
2020-02-28 14:24:34.807  INFO 17092 --- [    Test worker] o.s.t.c.support.AbstractContextLoader    : Could not detect default resource locations for test class [com.luv2code.forumoverflow.service.PostServiceImplTest]: no resource found for suffixes {-context.xml, Context.groovy}.
2020-02-28 14:24:34.807  INFO 17092 --- [    Test worker] t.c.s.AnnotationConfigContextLoaderUtils : Could not detect default configuration classes for test class [com.luv2code.forumoverflow.service.PostServiceImplTest]: PostServiceImplTest does not declare any static, non-private, non-final, nested classes annotated with @Configuration.
2020-02-28 14:24:34.807  INFO 17092 --- [    Test worker] .b.t.c.SpringBootTestContextBootstrapper : Found @SpringBootConfiguration com.luv2code.forumoverflow.ForumOverflowApplication for test class com.luv2code.forumoverflow.service.PostServiceImplTest
2020-02-28 14:24:34.807  INFO 17092 --- [    Test worker] .b.t.c.SpringBootTestContextBootstrapper : Loaded default TestExecutionListener class names from location [META-INF/spring.factories]: [org.springframework.boot.test.autoconfigure.restdocs.RestDocsTestExecutionListener, org.springframework.boot.test.autoconfigure.web.client.MockRestServiceServerResetTestExecutionListener, org.springframework.boot.test.autoconfigure.web.servlet.MockMvcPrintOnlyOnFailureTestExecutionListener, org.springframework.boot.test.autoconfigure.web.servlet.WebDriverTestExecutionListener, org.springframework.boot.test.mock.mockito.MockitoTestExecutionListener, org.springframework.boot.test.mock.mockito.ResetMocksTestExecutionListener, org.springframework.test.context.web.ServletTestExecutionListener, org.springframework.test.context.support.DirtiesContextBeforeModesTestExecutionListener, org.springframework.test.context.support.DependencyInjectionTestExecutionListener, org.springframework.test.context.support.DirtiesContextTestExecutionListener, org.springframework.test.context.transaction.TransactionalTestExecutionListener, org.springframework.test.context.jdbc.SqlScriptsTestExecutionListener]
2020-02-28 14:24:34.807  INFO 17092 --- [    Test worker] .b.t.c.SpringBootTestContextBootstrapper : Using TestExecutionListeners: [org.springframework.test.context.web.ServletTestExecutionListener@65559b5, org.springframework.test.context.support.DirtiesContextBeforeModesTestExecutionListener@7671a3a9, org.springframework.boot.test.mock.mockito.MockitoTestExecutionListener@22d539cf, org.springframework.boot.test.autoconfigure.SpringBootDependencyInjectionTestExecutionListener@7dd293a5, org.springframework.test.context.support.DirtiesContextTestExecutionListener@51e6f55b, org.springframework.test.context.transaction.TransactionalTestExecutionListener@2a716825, org.springframework.test.context.jdbc.SqlScriptsTestExecutionListener@21e137e5, org.springframework.boot.test.autoconfigure.restdocs.RestDocsTestExecutionListener@4847d7c7, org.springframework.boot.test.autoconfigure.web.client.MockRestServiceServerResetTestExecutionListener@2eedbfb9, org.springframework.boot.test.autoconfigure.web.servlet.MockMvcPrintOnlyOnFailureTestExecutionListener@f7cda01, org.springframework.boot.test.autoconfigure.web.servlet.WebDriverTestExecutionListener@278a9a14, org.springframework.boot.test.mock.mockito.ResetMocksTestExecutionListener@510598cd]
2020-02-28 14:24:34.992  INFO 17092 --- [    Test worker] c.l.f.service.impl.PostServiceImpl       : Searching all Posts.
2020-02-28 14:24:34.998  INFO 17092 --- [    Test worker] c.l.f.service.impl.PostServiceImpl       : Successfully founded User with username: `azugaj`.
2020-02-28 14:24:34.998  INFO 17092 --- [    Test worker] c.l.f.service.impl.PostServiceImpl       : Successfully founded Category with id: `1`.
2020-02-28 14:24:34.998  INFO 17092 --- [    Test worker] c.l.f.service.impl.PostServiceImpl       : Saving Post with id: `1`.
2020-02-28 14:24:34.998  INFO 17092 --- [    Test worker] c.l.f.service.impl.PostServiceImpl       : Setting Post to selected Category with id: ´1´.
2020-02-28 14:24:35.008  INFO 17092 --- [    Test worker] c.l.f.service.impl.PostServiceImpl       : Searching Post with id: `1`.
2020-02-28 14:24:35.039  INFO 17092 --- [    Test worker] c.l.f.service.impl.PostServiceImpl       : Searching Post with id: `1`.
2020-02-28 14:24:35.039  INFO 17092 --- [    Test worker] c.l.f.service.impl.PostServiceImpl       : Successfully founded Post with id: `1`.
2020-02-28 14:24:35.047  INFO 17092 --- [    Test worker] c.l.f.service.impl.PostServiceImpl       : Deleting Post with id: `1`.
2020-02-28 14:24:35.059  INFO 17092 --- [    Test worker] c.l.f.service.impl.PostServiceImpl       : Searching Post with id: `1`.
2020-02-28 14:24:35.059  INFO 17092 --- [    Test worker] c.l.f.service.impl.PostServiceImpl       : Successfully founded Post with id: `1`.
2020-02-28 14:24:35.059  INFO 17092 --- [    Test worker] c.l.f.service.impl.PostServiceImpl       : Updating Post with id: `1`.
]]></system-out>
  <system-err><![CDATA[]]></system-err>
</testsuite>
