<?xml version="1.0" encoding="UTF-8"?>
<testsuite name="com.luv2code.forumoverflow.controller.PostControllerTest" tests="5" skipped="0" failures="0" errors="0" timestamp="2020-02-28T13:24:37" hostname="DESKTOP-F169E3V" time="0.313">
  <properties/>
  <testcase name="testFindAll()" classname="com.luv2code.forumoverflow.controller.PostControllerTest" time="0.184"/>
  <testcase name="testSave()" classname="com.luv2code.forumoverflow.controller.PostControllerTest" time="0.093"/>
  <testcase name="testFindById()" classname="com.luv2code.forumoverflow.controller.PostControllerTest" time="0.008"/>
  <testcase name="testDelete()" classname="com.luv2code.forumoverflow.controller.PostControllerTest" time="0.007"/>
  <testcase name="testUpdate()" classname="com.luv2code.forumoverflow.controller.PostControllerTest" time="0.013"/>
  <system-out><![CDATA[2020-02-28 14:24:35.362  INFO 17092 --- [    Test worker] .b.t.a.w.s.WebMvcTestContextBootstrapper : Neither @ContextConfiguration nor @ContextHierarchy found for test class [com.luv2code.forumoverflow.controller.PostControllerTest], using SpringBootContextLoader
2020-02-28 14:24:35.362  INFO 17092 --- [    Test worker] o.s.t.c.support.AbstractContextLoader    : Could not detect default resource locations for test class [com.luv2code.forumoverflow.controller.PostControllerTest]: no resource found for suffixes {-context.xml, Context.groovy}.
2020-02-28 14:24:35.362  INFO 17092 --- [    Test worker] t.c.s.AnnotationConfigContextLoaderUtils : Could not detect default configuration classes for test class [com.luv2code.forumoverflow.controller.PostControllerTest]: PostControllerTest does not declare any static, non-private, non-final, nested classes annotated with @Configuration.
2020-02-28 14:24:35.602  INFO 17092 --- [    Test worker] .b.t.c.SpringBootTestContextBootstrapper : Found @SpringBootConfiguration com.luv2code.forumoverflow.ForumOverflowApplication for test class com.luv2code.forumoverflow.controller.PostControllerTest
2020-02-28 14:24:35.604  INFO 17092 --- [    Test worker] .b.t.a.w.s.WebMvcTestContextBootstrapper : Loaded default TestExecutionListener class names from location [META-INF/spring.factories]: [org.springframework.boot.test.autoconfigure.restdocs.RestDocsTestExecutionListener, org.springframework.boot.test.autoconfigure.web.client.MockRestServiceServerResetTestExecutionListener, org.springframework.boot.test.autoconfigure.web.servlet.MockMvcPrintOnlyOnFailureTestExecutionListener, org.springframework.boot.test.autoconfigure.web.servlet.WebDriverTestExecutionListener, org.springframework.boot.test.mock.mockito.MockitoTestExecutionListener, org.springframework.boot.test.mock.mockito.ResetMocksTestExecutionListener, org.springframework.test.context.web.ServletTestExecutionListener, org.springframework.test.context.support.DirtiesContextBeforeModesTestExecutionListener, org.springframework.test.context.support.DependencyInjectionTestExecutionListener, org.springframework.test.context.support.DirtiesContextTestExecutionListener, org.springframework.test.context.transaction.TransactionalTestExecutionListener, org.springframework.test.context.jdbc.SqlScriptsTestExecutionListener]
2020-02-28 14:24:35.604  INFO 17092 --- [    Test worker] .b.t.a.w.s.WebMvcTestContextBootstrapper : Using TestExecutionListeners: [org.springframework.test.context.web.ServletTestExecutionListener@580dbfbe, org.springframework.test.context.support.DirtiesContextBeforeModesTestExecutionListener@53b0a1ce, org.springframework.boot.test.mock.mockito.MockitoTestExecutionListener@94f75d3, org.springframework.boot.test.autoconfigure.SpringBootDependencyInjectionTestExecutionListener@6a369305, org.springframework.test.context.support.DirtiesContextTestExecutionListener@5ff321b2, org.springframework.test.context.transaction.TransactionalTestExecutionListener@91b4553, org.springframework.test.context.jdbc.SqlScriptsTestExecutionListener@7b08484e, org.springframework.boot.test.autoconfigure.restdocs.RestDocsTestExecutionListener@25784291, org.springframework.boot.test.autoconfigure.web.client.MockRestServiceServerResetTestExecutionListener@6340093d, org.springframework.boot.test.autoconfigure.web.servlet.MockMvcPrintOnlyOnFailureTestExecutionListener@30a2f9db, org.springframework.boot.test.autoconfigure.web.servlet.WebDriverTestExecutionListener@9518db9, org.springframework.boot.test.mock.mockito.ResetMocksTestExecutionListener@6eda3ac8]

  .   ____          _            __ _ _
 /\\ / ___'_ __ _ _(_)_ __  __ _ \ \ \ \
( ( )\___ | '_ | '_| | '_ \/ _` | \ \ \ \
 \\/  ___)| |_)| | | | | || (_| |  ) ) ) )
  '  |____| .__|_| |_|_| |_\__, | / / / /
 =========|_|==============|___/=/_/_/_/
 :: Spring Boot ::        (v2.1.0.RELEASE)

2020-02-28 14:24:35.642  INFO 17092 --- [    Test worker] c.l.f.controller.PostControllerTest      : Starting PostControllerTest on DESKTOP-F169E3V with PID 17092 (started by lzugaj in H:\lzugaj\workspace\Projects\ForumOverflow)
2020-02-28 14:24:35.642  INFO 17092 --- [    Test worker] c.l.f.controller.PostControllerTest      : No active profile set, falling back to default profiles: default
2020-02-28 14:24:36.392  INFO 17092 --- [    Test worker] trationDelegate$BeanPostProcessorChecker : Bean 'org.springframework.hateoas.config.HateoasConfiguration' of type [org.springframework.hateoas.config.HateoasConfiguration$$EnhancerBySpringCGLIB$$e0e13778] is not eligible for getting processed by all BeanPostProcessors (for example: not eligible for auto-proxying)
2020-02-28 14:24:36.809  INFO 17092 --- [    Test worker] o.s.s.concurrent.ThreadPoolTaskExecutor  : Initializing ExecutorService 'applicationTaskExecutor'
2020-02-28 14:24:37.062  INFO 17092 --- [    Test worker] o.s.b.t.m.w.SpringBootMockServletContext : Initializing Spring TestDispatcherServlet ''
2020-02-28 14:24:37.062  INFO 17092 --- [    Test worker] o.s.t.web.servlet.TestDispatcherServlet  : Initializing Servlet ''
2020-02-28 14:24:37.082  INFO 17092 --- [    Test worker] o.s.t.web.servlet.TestDispatcherServlet  : Completed initialization in 20 ms
2020-02-28 14:24:37.102  INFO 17092 --- [    Test worker] c.l.f.controller.PostControllerTest      : Started PostControllerTest in 1.498 seconds (JVM running for 18.68)
2020-02-28 14:24:37.231  INFO 17092 --- [    Test worker] c.l.f.rest.controller.PostController     : Successfully founded all Posts.
2020-02-28 14:24:37.385  INFO 17092 --- [    Test worker] c.l.f.rest.controller.PostController     : Successfully saved Post with id: `1`.
2020-02-28 14:24:37.395  INFO 17092 --- [    Test worker] c.l.f.rest.controller.PostController     : Successfully founded Post with id: `3`.
2020-02-28 14:24:37.405  INFO 17092 --- [    Test worker] c.l.f.rest.controller.PostController     : Successfully deleted Post with id: `3`.
2020-02-28 14:24:37.416  INFO 17092 --- [    Test worker] c.l.f.rest.controller.PostController     : Successfully updated Post with id: `3`.
]]></system-out>
  <system-err><![CDATA[]]></system-err>
</testsuite>
